TMS320C2000 Assembler PC v18.1.2 Sun Jun 17 14:52:03 2018

Tools Copyright (c) 1996-2017 Texas Instruments Incorporated
C:\Users\haowp\AppData\Local\Temp\{E5543319-41B4-4E11-B2A6-6037439B908D} PAGE    1

       1              ;***************************************************************
       2              ;* TMS320C2000 C/C++ Codegen                    PC v18.1.2.LTS *
       3              ;* Date/Time created: Sun Jun 17 14:52:03 2018                 *
       4              ;***************************************************************
       5                      .compiler_opts --abi=coffabi --float_support=softlib --hll_source=on --mem_model:code=flat --mem_mode
       6                      .asg    XAR2, FP
       7              
       8              $C$DW$CU        .dwtag  DW_TAG_compile_unit
       9                      .dwattr $C$DW$CU, DW_AT_name("D:/ti/motorware/motorware_1_01_00_18/sw/modules/clarke/src/32b/clarke.c
      10                      .dwattr $C$DW$CU, DW_AT_producer("TI TMS320C2000 C/C++ Codegen PC v18.1.2.LTS Copyright (c) 1996-2017
      11                      .dwattr $C$DW$CU, DW_AT_TI_version(0x01)
      12                      .dwattr $C$DW$CU, DW_AT_comp_dir("D:\ti\motorware\motorware_1_01_00_18\sw\solutions\instaspin_foc\boa
      13              ;       D:\ti\ccsv8\tools\compiler\ti-cgt-c2000_18.1.2.LTS\bin\opt2000.exe C:\\Users\\haowp\\AppData\\Local\\
      14              ;       D:\ti\ccsv8\tools\compiler\ti-cgt-c2000_18.1.2.LTS\bin\ac2000.exe -@C:\\Users\\haowp\\AppData\\Local\
      15 00000000               .sect   ".text"
      16                      .clink
      17                      .global _CLARKE_init
      18              
      19              $C$DW$1 .dwtag  DW_TAG_subprogram
      20                      .dwattr $C$DW$1, DW_AT_name("CLARKE_init")
      21                      .dwattr $C$DW$1, DW_AT_low_pc(_CLARKE_init)
      22                      .dwattr $C$DW$1, DW_AT_high_pc(0x00)
      23                      .dwattr $C$DW$1, DW_AT_TI_symbol_name("_CLARKE_init")
      24                      .dwattr $C$DW$1, DW_AT_external
      25                      .dwattr $C$DW$1, DW_AT_type(*$C$DW$T$24)
      26                      .dwattr $C$DW$1, DW_AT_TI_begin_file("D:/ti/motorware/motorware_1_01_00_18/sw/modules/clarke/src/32b/
      27                      .dwattr $C$DW$1, DW_AT_TI_begin_line(0x37)
      28                      .dwattr $C$DW$1, DW_AT_TI_begin_column(0x0f)
      29                      .dwattr $C$DW$1, DW_AT_TI_max_frame_size(-2)
      30                      .dwpsn  file "D:/ti/motorware/motorware_1_01_00_18/sw/modules/clarke/src/32b/clarke.c",line 56,column
      31              
      32                      .dwfde $C$DW$CIE, _CLARKE_init
      33              $C$DW$2 .dwtag  DW_TAG_formal_parameter
      34                      .dwattr $C$DW$2, DW_AT_name("pMemory")
      35                      .dwattr $C$DW$2, DW_AT_TI_symbol_name("_pMemory")
      36                      .dwattr $C$DW$2, DW_AT_type(*$C$DW$T$3)
      37                      .dwattr $C$DW$2, DW_AT_location[DW_OP_reg12]
      38              
      39              $C$DW$3 .dwtag  DW_TAG_formal_parameter
      40                      .dwattr $C$DW$3, DW_AT_name("numBytes")
      41                      .dwattr $C$DW$3, DW_AT_TI_symbol_name("_numBytes")
      42                      .dwattr $C$DW$3, DW_AT_type(*$C$DW$T$25)
      43                      .dwattr $C$DW$3, DW_AT_location[DW_OP_reg0]
      44              
      45              
      46              ;***************************************************************
      47              ;* FNAME: _CLARKE_init                  FR SIZE:   0           *
      48              ;*                                                             *
      49              ;* FUNCTION ENVIRONMENT                                        *
      50              ;*                                                             *
      51              ;* FUNCTION PROPERTIES                                         *
      52              ;*                            0 Parameter,  0 Auto,  0 SOE     *
      53              ;***************************************************************
      54              
      55              _CLARKE_init:
TMS320C2000 Assembler PC v18.1.2 Sun Jun 17 14:52:03 2018

Tools Copyright (c) 1996-2017 Texas Instruments Incorporated
C:\Users\haowp\AppData\Local\Temp\{E5543319-41B4-4E11-B2A6-6037439B908D} PAGE    2

      56              ;* AR6   assigned to _numBytes
      57              $C$DW$4 .dwtag  DW_TAG_variable
      58                      .dwattr $C$DW$4, DW_AT_name("numBytes")
      59                      .dwattr $C$DW$4, DW_AT_TI_symbol_name("_numBytes")
      60                      .dwattr $C$DW$4, DW_AT_type(*$C$DW$T$26)
      61                      .dwattr $C$DW$4, DW_AT_location[DW_OP_reg16]
      62              
      63                      .dwcfi  cfa_offset, -2
      64                      .dwcfi  save_reg_to_mem, 26, 0
      65 00000000 1EA6          MOVL      XAR6,ACC              ; [CPU_ALU] |56| 
      66                      .dwpsn  file "D:/ti/motorware/motorware_1_01_00_18/sw/modules/clarke/src/32b/clarke.c",line 60,column
      67 00000001 0206          MOVB      ACC,#6                ; [CPU_ALU] |60| 
      68 00000002 0FA6          CMPL      ACC,XAR6              ; [CPU_ALU] |60| 
      69 00000003 6902          B         $C$L1,LOS             ; [CPU_ALU] |60| 
      70                      ; branchcc occurs ; [] |60| 
      71 00000004 D400          MOVB      XAR4,#0               ; [CPU_ALU] |60| 
      72              $C$L1:    
      73              $C$DW$5 .dwtag  DW_TAG_TI_branch
      74                      .dwattr $C$DW$5, DW_AT_low_pc(0x00)
      75                      .dwattr $C$DW$5, DW_AT_TI_return
      76              
      77 00000005 0006          LRETR     ; [CPU_ALU] 
      78                      ; return occurs ; [] 
      79                      .dwattr $C$DW$1, DW_AT_TI_end_file("D:/ti/motorware/motorware_1_01_00_18/sw/modules/clarke/src/32b/cl
      80                      .dwattr $C$DW$1, DW_AT_TI_end_line(0x42)
      81                      .dwattr $C$DW$1, DW_AT_TI_end_column(0x01)
      82                      .dwendentry
      83                      .dwendtag $C$DW$1
      84              
      85              
      86              ;***************************************************************
      87              ;* TYPE INFORMATION                                            *
      88              ;***************************************************************
      89              
      90              $C$DW$T$22      .dwtag  DW_TAG_structure_type
      91                      .dwattr $C$DW$T$22, DW_AT_name("_CLARKE_Obj_")
      92                      .dwattr $C$DW$T$22, DW_AT_byte_size(0x06)
      93              $C$DW$6 .dwtag  DW_TAG_member
      94                      .dwattr $C$DW$6, DW_AT_type(*$C$DW$T$19)
      95                      .dwattr $C$DW$6, DW_AT_name("alpha_sf")
      96                      .dwattr $C$DW$6, DW_AT_TI_symbol_name("_alpha_sf")
      97                      .dwattr $C$DW$6, DW_AT_data_member_location[DW_OP_plus_uconst 0x0]
      98                      .dwattr $C$DW$6, DW_AT_accessibility(DW_ACCESS_public)
      99              
     100              $C$DW$7 .dwtag  DW_TAG_member
     101                      .dwattr $C$DW$7, DW_AT_type(*$C$DW$T$19)
     102                      .dwattr $C$DW$7, DW_AT_name("beta_sf")
     103                      .dwattr $C$DW$7, DW_AT_TI_symbol_name("_beta_sf")
     104                      .dwattr $C$DW$7, DW_AT_data_member_location[DW_OP_plus_uconst 0x2]
     105                      .dwattr $C$DW$7, DW_AT_accessibility(DW_ACCESS_public)
     106              
     107              $C$DW$8 .dwtag  DW_TAG_member
     108                      .dwattr $C$DW$8, DW_AT_type(*$C$DW$T$21)
     109                      .dwattr $C$DW$8, DW_AT_name("numSensors")
     110                      .dwattr $C$DW$8, DW_AT_TI_symbol_name("_numSensors")
TMS320C2000 Assembler PC v18.1.2 Sun Jun 17 14:52:03 2018

Tools Copyright (c) 1996-2017 Texas Instruments Incorporated
C:\Users\haowp\AppData\Local\Temp\{E5543319-41B4-4E11-B2A6-6037439B908D} PAGE    3

     111                      .dwattr $C$DW$8, DW_AT_data_member_location[DW_OP_plus_uconst 0x4]
     112                      .dwattr $C$DW$8, DW_AT_accessibility(DW_ACCESS_public)
     113              
     114                      .dwendtag $C$DW$T$22
     115              
     116              $C$DW$T$23      .dwtag  DW_TAG_pointer_type
     117                      .dwattr $C$DW$T$23, DW_AT_type(*$C$DW$T$22)
     118                      .dwattr $C$DW$T$23, DW_AT_address_class(0x20)
     119              
     120              $C$DW$T$24      .dwtag  DW_TAG_typedef
     121                      .dwattr $C$DW$T$24, DW_AT_name("CLARKE_Handle")
     122                      .dwattr $C$DW$T$24, DW_AT_type(*$C$DW$T$23)
     123                      .dwattr $C$DW$T$24, DW_AT_language(DW_LANG_C)
     124              
     125              $C$DW$T$2       .dwtag  DW_TAG_unspecified_type
     126                      .dwattr $C$DW$T$2, DW_AT_name("void")
     127              
     128              $C$DW$T$3       .dwtag  DW_TAG_pointer_type
     129                      .dwattr $C$DW$T$3, DW_AT_type(*$C$DW$T$2)
     130                      .dwattr $C$DW$T$3, DW_AT_address_class(0x20)
     131              
     132              $C$DW$T$4       .dwtag  DW_TAG_base_type
     133                      .dwattr $C$DW$T$4, DW_AT_encoding(DW_ATE_boolean)
     134                      .dwattr $C$DW$T$4, DW_AT_name("bool")
     135                      .dwattr $C$DW$T$4, DW_AT_byte_size(0x01)
     136              
     137              $C$DW$T$5       .dwtag  DW_TAG_base_type
     138                      .dwattr $C$DW$T$5, DW_AT_encoding(DW_ATE_signed_char)
     139                      .dwattr $C$DW$T$5, DW_AT_name("signed char")
     140                      .dwattr $C$DW$T$5, DW_AT_byte_size(0x01)
     141              
     142              $C$DW$T$6       .dwtag  DW_TAG_base_type
     143                      .dwattr $C$DW$T$6, DW_AT_encoding(DW_ATE_unsigned_char)
     144                      .dwattr $C$DW$T$6, DW_AT_name("unsigned char")
     145                      .dwattr $C$DW$T$6, DW_AT_byte_size(0x01)
     146              
     147              $C$DW$T$7       .dwtag  DW_TAG_base_type
     148                      .dwattr $C$DW$T$7, DW_AT_encoding(DW_ATE_signed_char)
     149                      .dwattr $C$DW$T$7, DW_AT_name("wchar_t")
     150                      .dwattr $C$DW$T$7, DW_AT_byte_size(0x01)
     151              
     152              $C$DW$T$8       .dwtag  DW_TAG_base_type
     153                      .dwattr $C$DW$T$8, DW_AT_encoding(DW_ATE_signed)
     154                      .dwattr $C$DW$T$8, DW_AT_name("short")
     155                      .dwattr $C$DW$T$8, DW_AT_byte_size(0x01)
     156              
     157              $C$DW$T$9       .dwtag  DW_TAG_base_type
     158                      .dwattr $C$DW$T$9, DW_AT_encoding(DW_ATE_unsigned)
     159                      .dwattr $C$DW$T$9, DW_AT_name("unsigned short")
     160                      .dwattr $C$DW$T$9, DW_AT_byte_size(0x01)
     161              
     162              $C$DW$T$10      .dwtag  DW_TAG_base_type
     163                      .dwattr $C$DW$T$10, DW_AT_encoding(DW_ATE_signed)
     164                      .dwattr $C$DW$T$10, DW_AT_name("int")
     165                      .dwattr $C$DW$T$10, DW_AT_byte_size(0x01)
TMS320C2000 Assembler PC v18.1.2 Sun Jun 17 14:52:03 2018

Tools Copyright (c) 1996-2017 Texas Instruments Incorporated
C:\Users\haowp\AppData\Local\Temp\{E5543319-41B4-4E11-B2A6-6037439B908D} PAGE    4

     166              
     167              $C$DW$T$11      .dwtag  DW_TAG_base_type
     168                      .dwattr $C$DW$T$11, DW_AT_encoding(DW_ATE_unsigned)
     169                      .dwattr $C$DW$T$11, DW_AT_name("unsigned int")
     170                      .dwattr $C$DW$T$11, DW_AT_byte_size(0x01)
     171              
     172              $C$DW$T$20      .dwtag  DW_TAG_typedef
     173                      .dwattr $C$DW$T$20, DW_AT_name("uint16_t")
     174                      .dwattr $C$DW$T$20, DW_AT_type(*$C$DW$T$11)
     175                      .dwattr $C$DW$T$20, DW_AT_language(DW_LANG_C)
     176              
     177              $C$DW$T$21      .dwtag  DW_TAG_typedef
     178                      .dwattr $C$DW$T$21, DW_AT_name("uint_least8_t")
     179                      .dwattr $C$DW$T$21, DW_AT_type(*$C$DW$T$20)
     180                      .dwattr $C$DW$T$21, DW_AT_language(DW_LANG_C)
     181              
     182              $C$DW$T$12      .dwtag  DW_TAG_base_type
     183                      .dwattr $C$DW$T$12, DW_AT_encoding(DW_ATE_signed)
     184                      .dwattr $C$DW$T$12, DW_AT_name("long")
     185                      .dwattr $C$DW$T$12, DW_AT_byte_size(0x02)
     186              
     187              $C$DW$T$19      .dwtag  DW_TAG_typedef
     188                      .dwattr $C$DW$T$19, DW_AT_name("_iq")
     189                      .dwattr $C$DW$T$19, DW_AT_type(*$C$DW$T$12)
     190                      .dwattr $C$DW$T$19, DW_AT_language(DW_LANG_C)
     191              
     192              $C$DW$T$13      .dwtag  DW_TAG_base_type
     193                      .dwattr $C$DW$T$13, DW_AT_encoding(DW_ATE_unsigned)
     194                      .dwattr $C$DW$T$13, DW_AT_name("unsigned long")
     195                      .dwattr $C$DW$T$13, DW_AT_byte_size(0x02)
     196              
     197              $C$DW$T$25      .dwtag  DW_TAG_typedef
     198                      .dwattr $C$DW$T$25, DW_AT_name("size_t")
     199                      .dwattr $C$DW$T$25, DW_AT_type(*$C$DW$T$13)
     200                      .dwattr $C$DW$T$25, DW_AT_language(DW_LANG_C)
     201              
     202              $C$DW$9 .dwtag  DW_TAG_TI_far_type
     203                      .dwattr $C$DW$9, DW_AT_type(*$C$DW$T$25)
     204              
     205              $C$DW$T$26      .dwtag  DW_TAG_const_type
     206                      .dwattr $C$DW$T$26, DW_AT_type(*$C$DW$9)
     207              
     208              $C$DW$T$14      .dwtag  DW_TAG_base_type
     209                      .dwattr $C$DW$T$14, DW_AT_encoding(DW_ATE_signed)
     210                      .dwattr $C$DW$T$14, DW_AT_name("long long")
     211                      .dwattr $C$DW$T$14, DW_AT_byte_size(0x04)
     212              
     213              $C$DW$T$15      .dwtag  DW_TAG_base_type
     214                      .dwattr $C$DW$T$15, DW_AT_encoding(DW_ATE_unsigned)
     215                      .dwattr $C$DW$T$15, DW_AT_name("unsigned long long")
     216                      .dwattr $C$DW$T$15, DW_AT_byte_size(0x04)
     217              
     218              $C$DW$T$16      .dwtag  DW_TAG_base_type
     219                      .dwattr $C$DW$T$16, DW_AT_encoding(DW_ATE_float)
     220                      .dwattr $C$DW$T$16, DW_AT_name("float")
TMS320C2000 Assembler PC v18.1.2 Sun Jun 17 14:52:03 2018

Tools Copyright (c) 1996-2017 Texas Instruments Incorporated
C:\Users\haowp\AppData\Local\Temp\{E5543319-41B4-4E11-B2A6-6037439B908D} PAGE    5

     221                      .dwattr $C$DW$T$16, DW_AT_byte_size(0x02)
     222              
     223              $C$DW$T$17      .dwtag  DW_TAG_base_type
     224                      .dwattr $C$DW$T$17, DW_AT_encoding(DW_ATE_float)
     225                      .dwattr $C$DW$T$17, DW_AT_name("double")
     226                      .dwattr $C$DW$T$17, DW_AT_byte_size(0x02)
     227              
     228              $C$DW$T$18      .dwtag  DW_TAG_base_type
     229                      .dwattr $C$DW$T$18, DW_AT_encoding(DW_ATE_float)
     230                      .dwattr $C$DW$T$18, DW_AT_name("long double")
     231                      .dwattr $C$DW$T$18, DW_AT_byte_size(0x04)
     232              
     233                      .dwattr $C$DW$CU, DW_AT_language(DW_LANG_C)
     234              
     235              ;***************************************************************
     236              ;* DWARF CIE ENTRIES                                           *
     237              ;***************************************************************
     238              
     239              $C$DW$CIE       .dwcie 26
     240                      .dwcfi  cfa_register, 20
     241                      .dwcfi  cfa_offset, 0
     242                      .dwcfi  same_value, 28
     243                      .dwcfi  same_value, 6
     244                      .dwcfi  same_value, 7
     245                      .dwcfi  same_value, 8
     246                      .dwcfi  same_value, 9
     247                      .dwcfi  same_value, 10
     248                      .dwcfi  same_value, 11
     249                      .dwendentry
     250              
     251              ;***************************************************************
     252              ;* DWARF REGISTER MAP                                          *
     253              ;***************************************************************
     254              
     255              $C$DW$10        .dwtag  DW_TAG_TI_assign_register
     256                      .dwattr $C$DW$10, DW_AT_name("AL")
     257                      .dwattr $C$DW$10, DW_AT_location[DW_OP_reg0]
     258              
     259              $C$DW$11        .dwtag  DW_TAG_TI_assign_register
     260                      .dwattr $C$DW$11, DW_AT_name("AH")
     261                      .dwattr $C$DW$11, DW_AT_location[DW_OP_reg1]
     262              
     263              $C$DW$12        .dwtag  DW_TAG_TI_assign_register
     264                      .dwattr $C$DW$12, DW_AT_name("PL")
     265                      .dwattr $C$DW$12, DW_AT_location[DW_OP_reg2]
     266              
     267              $C$DW$13        .dwtag  DW_TAG_TI_assign_register
     268                      .dwattr $C$DW$13, DW_AT_name("PH")
     269                      .dwattr $C$DW$13, DW_AT_location[DW_OP_reg3]
     270              
     271              $C$DW$14        .dwtag  DW_TAG_TI_assign_register
     272                      .dwattr $C$DW$14, DW_AT_name("SP")
     273                      .dwattr $C$DW$14, DW_AT_location[DW_OP_reg20]
     274              
     275              $C$DW$15        .dwtag  DW_TAG_TI_assign_register
TMS320C2000 Assembler PC v18.1.2 Sun Jun 17 14:52:03 2018

Tools Copyright (c) 1996-2017 Texas Instruments Incorporated
C:\Users\haowp\AppData\Local\Temp\{E5543319-41B4-4E11-B2A6-6037439B908D} PAGE    6

     276                      .dwattr $C$DW$15, DW_AT_name("XT")
     277                      .dwattr $C$DW$15, DW_AT_location[DW_OP_reg21]
     278              
     279              $C$DW$16        .dwtag  DW_TAG_TI_assign_register
     280                      .dwattr $C$DW$16, DW_AT_name("T")
     281                      .dwattr $C$DW$16, DW_AT_location[DW_OP_reg22]
     282              
     283              $C$DW$17        .dwtag  DW_TAG_TI_assign_register
     284                      .dwattr $C$DW$17, DW_AT_name("ST0")
     285                      .dwattr $C$DW$17, DW_AT_location[DW_OP_reg23]
     286              
     287              $C$DW$18        .dwtag  DW_TAG_TI_assign_register
     288                      .dwattr $C$DW$18, DW_AT_name("ST1")
     289                      .dwattr $C$DW$18, DW_AT_location[DW_OP_reg24]
     290              
     291              $C$DW$19        .dwtag  DW_TAG_TI_assign_register
     292                      .dwattr $C$DW$19, DW_AT_name("PC")
     293                      .dwattr $C$DW$19, DW_AT_location[DW_OP_reg25]
     294              
     295              $C$DW$20        .dwtag  DW_TAG_TI_assign_register
     296                      .dwattr $C$DW$20, DW_AT_name("RPC")
     297                      .dwattr $C$DW$20, DW_AT_location[DW_OP_reg26]
     298              
     299              $C$DW$21        .dwtag  DW_TAG_TI_assign_register
     300                      .dwattr $C$DW$21, DW_AT_name("FP")
     301                      .dwattr $C$DW$21, DW_AT_location[DW_OP_reg28]
     302              
     303              $C$DW$22        .dwtag  DW_TAG_TI_assign_register
     304                      .dwattr $C$DW$22, DW_AT_name("DP")
     305                      .dwattr $C$DW$22, DW_AT_location[DW_OP_reg29]
     306              
     307              $C$DW$23        .dwtag  DW_TAG_TI_assign_register
     308                      .dwattr $C$DW$23, DW_AT_name("SXM")
     309                      .dwattr $C$DW$23, DW_AT_location[DW_OP_reg30]
     310              
     311              $C$DW$24        .dwtag  DW_TAG_TI_assign_register
     312                      .dwattr $C$DW$24, DW_AT_name("PM")
     313                      .dwattr $C$DW$24, DW_AT_location[DW_OP_reg31]
     314              
     315              $C$DW$25        .dwtag  DW_TAG_TI_assign_register
     316                      .dwattr $C$DW$25, DW_AT_name("OVM")
     317                      .dwattr $C$DW$25, DW_AT_location[DW_OP_regx 0x20]
     318              
     319              $C$DW$26        .dwtag  DW_TAG_TI_assign_register
     320                      .dwattr $C$DW$26, DW_AT_name("PAGE0")
     321                      .dwattr $C$DW$26, DW_AT_location[DW_OP_regx 0x21]
     322              
     323              $C$DW$27        .dwtag  DW_TAG_TI_assign_register
     324                      .dwattr $C$DW$27, DW_AT_name("AMODE")
     325                      .dwattr $C$DW$27, DW_AT_location[DW_OP_regx 0x22]
     326              
     327              $C$DW$28        .dwtag  DW_TAG_TI_assign_register
     328                      .dwattr $C$DW$28, DW_AT_name("EALLOW")
     329                      .dwattr $C$DW$28, DW_AT_location[DW_OP_regx 0x4e]
     330              
TMS320C2000 Assembler PC v18.1.2 Sun Jun 17 14:52:03 2018

Tools Copyright (c) 1996-2017 Texas Instruments Incorporated
C:\Users\haowp\AppData\Local\Temp\{E5543319-41B4-4E11-B2A6-6037439B908D} PAGE    7

     331              $C$DW$29        .dwtag  DW_TAG_TI_assign_register
     332                      .dwattr $C$DW$29, DW_AT_name("INTM")
     333                      .dwattr $C$DW$29, DW_AT_location[DW_OP_regx 0x23]
     334              
     335              $C$DW$30        .dwtag  DW_TAG_TI_assign_register
     336                      .dwattr $C$DW$30, DW_AT_name("IFR")
     337                      .dwattr $C$DW$30, DW_AT_location[DW_OP_regx 0x24]
     338              
     339              $C$DW$31        .dwtag  DW_TAG_TI_assign_register
     340                      .dwattr $C$DW$31, DW_AT_name("IER")
     341                      .dwattr $C$DW$31, DW_AT_location[DW_OP_regx 0x25]
     342              
     343              $C$DW$32        .dwtag  DW_TAG_TI_assign_register
     344                      .dwattr $C$DW$32, DW_AT_name("V")
     345                      .dwattr $C$DW$32, DW_AT_location[DW_OP_regx 0x26]
     346              
     347              $C$DW$33        .dwtag  DW_TAG_TI_assign_register
     348                      .dwattr $C$DW$33, DW_AT_name("PSEUDOH")
     349                      .dwattr $C$DW$33, DW_AT_location[DW_OP_regx 0x4c]
     350              
     351              $C$DW$34        .dwtag  DW_TAG_TI_assign_register
     352                      .dwattr $C$DW$34, DW_AT_name("VOL")
     353                      .dwattr $C$DW$34, DW_AT_location[DW_OP_regx 0x4d]
     354              
     355              $C$DW$35        .dwtag  DW_TAG_TI_assign_register
     356                      .dwattr $C$DW$35, DW_AT_name("AR0")
     357                      .dwattr $C$DW$35, DW_AT_location[DW_OP_reg4]
     358              
     359              $C$DW$36        .dwtag  DW_TAG_TI_assign_register
     360                      .dwattr $C$DW$36, DW_AT_name("XAR0")
     361                      .dwattr $C$DW$36, DW_AT_location[DW_OP_reg5]
     362              
     363              $C$DW$37        .dwtag  DW_TAG_TI_assign_register
     364                      .dwattr $C$DW$37, DW_AT_name("AR1")
     365                      .dwattr $C$DW$37, DW_AT_location[DW_OP_reg6]
     366              
     367              $C$DW$38        .dwtag  DW_TAG_TI_assign_register
     368                      .dwattr $C$DW$38, DW_AT_name("XAR1")
     369                      .dwattr $C$DW$38, DW_AT_location[DW_OP_reg7]
     370              
     371              $C$DW$39        .dwtag  DW_TAG_TI_assign_register
     372                      .dwattr $C$DW$39, DW_AT_name("AR2")
     373                      .dwattr $C$DW$39, DW_AT_location[DW_OP_reg8]
     374              
     375              $C$DW$40        .dwtag  DW_TAG_TI_assign_register
     376                      .dwattr $C$DW$40, DW_AT_name("XAR2")
     377                      .dwattr $C$DW$40, DW_AT_location[DW_OP_reg9]
     378              
     379              $C$DW$41        .dwtag  DW_TAG_TI_assign_register
     380                      .dwattr $C$DW$41, DW_AT_name("AR3")
     381                      .dwattr $C$DW$41, DW_AT_location[DW_OP_reg10]
     382              
     383              $C$DW$42        .dwtag  DW_TAG_TI_assign_register
     384                      .dwattr $C$DW$42, DW_AT_name("XAR3")
     385                      .dwattr $C$DW$42, DW_AT_location[DW_OP_reg11]
TMS320C2000 Assembler PC v18.1.2 Sun Jun 17 14:52:03 2018

Tools Copyright (c) 1996-2017 Texas Instruments Incorporated
C:\Users\haowp\AppData\Local\Temp\{E5543319-41B4-4E11-B2A6-6037439B908D} PAGE    8

     386              
     387              $C$DW$43        .dwtag  DW_TAG_TI_assign_register
     388                      .dwattr $C$DW$43, DW_AT_name("AR4")
     389                      .dwattr $C$DW$43, DW_AT_location[DW_OP_reg12]
     390              
     391              $C$DW$44        .dwtag  DW_TAG_TI_assign_register
     392                      .dwattr $C$DW$44, DW_AT_name("XAR4")
     393                      .dwattr $C$DW$44, DW_AT_location[DW_OP_reg13]
     394              
     395              $C$DW$45        .dwtag  DW_TAG_TI_assign_register
     396                      .dwattr $C$DW$45, DW_AT_name("AR5")
     397                      .dwattr $C$DW$45, DW_AT_location[DW_OP_reg14]
     398              
     399              $C$DW$46        .dwtag  DW_TAG_TI_assign_register
     400                      .dwattr $C$DW$46, DW_AT_name("XAR5")
     401                      .dwattr $C$DW$46, DW_AT_location[DW_OP_reg15]
     402              
     403              $C$DW$47        .dwtag  DW_TAG_TI_assign_register
     404                      .dwattr $C$DW$47, DW_AT_name("AR6")
     405                      .dwattr $C$DW$47, DW_AT_location[DW_OP_reg16]
     406              
     407              $C$DW$48        .dwtag  DW_TAG_TI_assign_register
     408                      .dwattr $C$DW$48, DW_AT_name("XAR6")
     409                      .dwattr $C$DW$48, DW_AT_location[DW_OP_reg17]
     410              
     411              $C$DW$49        .dwtag  DW_TAG_TI_assign_register
     412                      .dwattr $C$DW$49, DW_AT_name("AR7")
     413                      .dwattr $C$DW$49, DW_AT_location[DW_OP_reg18]
     414              
     415              $C$DW$50        .dwtag  DW_TAG_TI_assign_register
     416                      .dwattr $C$DW$50, DW_AT_name("XAR7")
     417                      .dwattr $C$DW$50, DW_AT_location[DW_OP_reg19]
     418              
     419                      .dwendtag $C$DW$CU
     420              

No Assembly Errors, No Assembly Warnings
