TMS320C2000 Assembler PC v18.1.2 Sun Jun 17 14:52:14 2018

Tools Copyright (c) 1996-2017 Texas Instruments Incorporated
C:\Users\haowp\AppData\Local\Temp\{F7FEA1FC-9822-4FC7-A9E9-7215CC4DCD0D} PAGE    1

       1              ;***************************************************************
       2              ;* TMS320C2000 C/C++ Codegen                    PC v18.1.2.LTS *
       3              ;* Date/Time created: Sun Jun 17 14:52:13 2018                 *
       4              ;***************************************************************
       5                      .compiler_opts --abi=coffabi --float_support=softlib --hll_source=on --mem_model:code=flat --mem_mode
       6                      .asg    XAR2, FP
       7              
       8              $C$DW$CU        .dwtag  DW_TAG_compile_unit
       9                      .dwattr $C$DW$CU, DW_AT_name("D:/ti/motorware/motorware_1_01_00_18/sw/modules/filter/src/32b/filter_f
      10                      .dwattr $C$DW$CU, DW_AT_producer("TI TMS320C2000 C/C++ Codegen PC v18.1.2.LTS Copyright (c) 1996-2017
      11                      .dwattr $C$DW$CU, DW_AT_TI_version(0x01)
      12                      .dwattr $C$DW$CU, DW_AT_comp_dir("D:\ti\motorware\motorware_1_01_00_18\sw\solutions\instaspin_foc\boa
      13              ;       D:\ti\ccsv8\tools\compiler\ti-cgt-c2000_18.1.2.LTS\bin\opt2000.exe C:\\Users\\haowp\\AppData\\Local\\
      14              ;       D:\ti\ccsv8\tools\compiler\ti-cgt-c2000_18.1.2.LTS\bin\ac2000.exe -@C:\\Users\\haowp\\AppData\\Local\
      15 00000000               .sect   ".text"
      16                      .clink
      17                      .global _FILTER_FO_setNumCoeffs
      18              
      19              $C$DW$1 .dwtag  DW_TAG_subprogram
      20                      .dwattr $C$DW$1, DW_AT_name("FILTER_FO_setNumCoeffs")
      21                      .dwattr $C$DW$1, DW_AT_low_pc(_FILTER_FO_setNumCoeffs)
      22                      .dwattr $C$DW$1, DW_AT_high_pc(0x00)
      23                      .dwattr $C$DW$1, DW_AT_TI_symbol_name("_FILTER_FO_setNumCoeffs")
      24                      .dwattr $C$DW$1, DW_AT_external
      25                      .dwattr $C$DW$1, DW_AT_TI_begin_file("D:/ti/motorware/motorware_1_01_00_18/sw/modules/filter/src/32b/
      26                      .dwattr $C$DW$1, DW_AT_TI_begin_line(0x85)
      27                      .dwattr $C$DW$1, DW_AT_TI_begin_column(0x06)
      28                      .dwattr $C$DW$1, DW_AT_TI_max_frame_size(-2)
      29                      .dwpsn  file "D:/ti/motorware/motorware_1_01_00_18/sw/modules/filter/src/32b/filter_fo.c",line 134,co
      30              
      31                      .dwfde $C$DW$CIE, _FILTER_FO_setNumCoeffs
      32              $C$DW$2 .dwtag  DW_TAG_formal_parameter
      33                      .dwattr $C$DW$2, DW_AT_name("handle")
      34                      .dwattr $C$DW$2, DW_AT_TI_symbol_name("_handle")
      35                      .dwattr $C$DW$2, DW_AT_type(*$C$DW$T$25)
      36                      .dwattr $C$DW$2, DW_AT_location[DW_OP_reg12]
      37              
      38              $C$DW$3 .dwtag  DW_TAG_formal_parameter
      39                      .dwattr $C$DW$3, DW_AT_name("b0")
      40                      .dwattr $C$DW$3, DW_AT_TI_symbol_name("_b0")
      41                      .dwattr $C$DW$3, DW_AT_type(*$C$DW$T$20)
      42                      .dwattr $C$DW$3, DW_AT_location[DW_OP_reg0]
      43              
      44              $C$DW$4 .dwtag  DW_TAG_formal_parameter
      45                      .dwattr $C$DW$4, DW_AT_name("b1")
      46                      .dwattr $C$DW$4, DW_AT_TI_symbol_name("_b1")
      47                      .dwattr $C$DW$4, DW_AT_type(*$C$DW$T$20)
      48                      .dwattr $C$DW$4, DW_AT_location[DW_OP_breg20 -4]
      49              
      50              
      51              ;***************************************************************
      52              ;* FNAME: _FILTER_FO_setNumCoeffs       FR SIZE:   0           *
      53              ;*                                                             *
      54              ;* FUNCTION ENVIRONMENT                                        *
      55              ;*                                                             *
TMS320C2000 Assembler PC v18.1.2 Sun Jun 17 14:52:14 2018

Tools Copyright (c) 1996-2017 Texas Instruments Incorporated
C:\Users\haowp\AppData\Local\Temp\{F7FEA1FC-9822-4FC7-A9E9-7215CC4DCD0D} PAGE    2

      56              ;* FUNCTION PROPERTIES                                         *
      57              ;*                            0 Parameter,  0 Auto,  0 SOE     *
      58              ;***************************************************************
      59              
      60              _FILTER_FO_setNumCoeffs:
      61              ;* AR4   assigned to _handle
      62              $C$DW$5 .dwtag  DW_TAG_variable
      63                      .dwattr $C$DW$5, DW_AT_name("handle")
      64                      .dwattr $C$DW$5, DW_AT_TI_symbol_name("_handle")
      65                      .dwattr $C$DW$5, DW_AT_type(*$C$DW$T$26)
      66                      .dwattr $C$DW$5, DW_AT_location[DW_OP_reg12]
      67              
      68              ;* AL    assigned to _b0
      69              $C$DW$6 .dwtag  DW_TAG_variable
      70                      .dwattr $C$DW$6, DW_AT_name("b0")
      71                      .dwattr $C$DW$6, DW_AT_TI_symbol_name("_b0")
      72                      .dwattr $C$DW$6, DW_AT_type(*$C$DW$T$36)
      73                      .dwattr $C$DW$6, DW_AT_location[DW_OP_reg0]
      74              
      75              ;* AR6   assigned to _b1
      76              $C$DW$7 .dwtag  DW_TAG_variable
      77                      .dwattr $C$DW$7, DW_AT_name("b1")
      78                      .dwattr $C$DW$7, DW_AT_TI_symbol_name("_b1")
      79                      .dwattr $C$DW$7, DW_AT_type(*$C$DW$T$36)
      80                      .dwattr $C$DW$7, DW_AT_location[DW_OP_reg16]
      81              
      82                      .dwcfi  cfa_offset, -2
      83                      .dwcfi  save_reg_to_mem, 26, 0
      84 00000000 C444          MOVL      XAR6,*-SP[4]          ; [CPU_ALU] |134| 
      85                      .dwpsn  file "D:/ti/motorware/motorware_1_01_00_18/sw/modules/filter/src/32b/filter_fo.c",line 138,co
      86 00000001 1ED4          MOVL      *+XAR4[2],ACC         ; [CPU_ALU] |138| 
      87                      .dwpsn  file "D:/ti/motorware/motorware_1_01_00_18/sw/modules/filter/src/32b/filter_fo.c",line 139,co
      88 00000002 C2E4          MOVL      *+XAR4[4],XAR6        ; [CPU_ALU] |139| 
      89              $C$DW$8 .dwtag  DW_TAG_TI_branch
      90                      .dwattr $C$DW$8, DW_AT_low_pc(0x00)
      91                      .dwattr $C$DW$8, DW_AT_TI_return
      92              
      93 00000003 0006          LRETR     ; [CPU_ALU] 
      94                      ; return occurs ; [] 
      95                      .dwattr $C$DW$1, DW_AT_TI_end_file("D:/ti/motorware/motorware_1_01_00_18/sw/modules/filter/src/32b/fi
      96                      .dwattr $C$DW$1, DW_AT_TI_end_line(0x8e)
      97                      .dwattr $C$DW$1, DW_AT_TI_end_column(0x01)
      98                      .dwendentry
      99                      .dwendtag $C$DW$1
     100              
     101 00000004               .sect   ".text"
     102                      .clink
     103                      .global _FILTER_FO_setInitialConditions
     104              
     105              $C$DW$9 .dwtag  DW_TAG_subprogram
     106                      .dwattr $C$DW$9, DW_AT_name("FILTER_FO_setInitialConditions")
     107                      .dwattr $C$DW$9, DW_AT_low_pc(_FILTER_FO_setInitialConditions)
     108                      .dwattr $C$DW$9, DW_AT_high_pc(0x00)
     109                      .dwattr $C$DW$9, DW_AT_TI_symbol_name("_FILTER_FO_setInitialConditions")
     110                      .dwattr $C$DW$9, DW_AT_external
TMS320C2000 Assembler PC v18.1.2 Sun Jun 17 14:52:14 2018

Tools Copyright (c) 1996-2017 Texas Instruments Incorporated
C:\Users\haowp\AppData\Local\Temp\{F7FEA1FC-9822-4FC7-A9E9-7215CC4DCD0D} PAGE    3

     111                      .dwattr $C$DW$9, DW_AT_TI_begin_file("D:/ti/motorware/motorware_1_01_00_18/sw/modules/filter/src/32b/
     112                      .dwattr $C$DW$9, DW_AT_TI_begin_line(0x78)
     113                      .dwattr $C$DW$9, DW_AT_TI_begin_column(0x06)
     114                      .dwattr $C$DW$9, DW_AT_TI_max_frame_size(-2)
     115                      .dwpsn  file "D:/ti/motorware/motorware_1_01_00_18/sw/modules/filter/src/32b/filter_fo.c",line 121,co
     116              
     117                      .dwfde $C$DW$CIE, _FILTER_FO_setInitialConditions
     118              $C$DW$10        .dwtag  DW_TAG_formal_parameter
     119                      .dwattr $C$DW$10, DW_AT_name("handle")
     120                      .dwattr $C$DW$10, DW_AT_TI_symbol_name("_handle")
     121                      .dwattr $C$DW$10, DW_AT_type(*$C$DW$T$25)
     122                      .dwattr $C$DW$10, DW_AT_location[DW_OP_reg12]
     123              
     124              $C$DW$11        .dwtag  DW_TAG_formal_parameter
     125                      .dwattr $C$DW$11, DW_AT_name("x1")
     126                      .dwattr $C$DW$11, DW_AT_TI_symbol_name("_x1")
     127                      .dwattr $C$DW$11, DW_AT_type(*$C$DW$T$20)
     128                      .dwattr $C$DW$11, DW_AT_location[DW_OP_reg0]
     129              
     130              $C$DW$12        .dwtag  DW_TAG_formal_parameter
     131                      .dwattr $C$DW$12, DW_AT_name("y1")
     132                      .dwattr $C$DW$12, DW_AT_TI_symbol_name("_y1")
     133                      .dwattr $C$DW$12, DW_AT_type(*$C$DW$T$20)
     134                      .dwattr $C$DW$12, DW_AT_location[DW_OP_breg20 -4]
     135              
     136              
     137              ;***************************************************************
     138              ;* FNAME: _FILTER_FO_setInitialConditions FR SIZE:   0           *
     139              ;*                                                             *
     140              ;* FUNCTION ENVIRONMENT                                        *
     141              ;*                                                             *
     142              ;* FUNCTION PROPERTIES                                         *
     143              ;*                            0 Parameter,  0 Auto,  0 SOE     *
     144              ;***************************************************************
     145              
     146              _FILTER_FO_setInitialConditions:
     147              ;* AR4   assigned to _handle
     148              $C$DW$13        .dwtag  DW_TAG_variable
     149                      .dwattr $C$DW$13, DW_AT_name("handle")
     150                      .dwattr $C$DW$13, DW_AT_TI_symbol_name("_handle")
     151                      .dwattr $C$DW$13, DW_AT_type(*$C$DW$T$26)
     152                      .dwattr $C$DW$13, DW_AT_location[DW_OP_reg12]
     153              
     154              ;* AL    assigned to _x1
     155              $C$DW$14        .dwtag  DW_TAG_variable
     156                      .dwattr $C$DW$14, DW_AT_name("x1")
     157                      .dwattr $C$DW$14, DW_AT_TI_symbol_name("_x1")
     158                      .dwattr $C$DW$14, DW_AT_type(*$C$DW$T$36)
     159                      .dwattr $C$DW$14, DW_AT_location[DW_OP_reg0]
     160              
     161              ;* AR6   assigned to _y1
     162              $C$DW$15        .dwtag  DW_TAG_variable
     163                      .dwattr $C$DW$15, DW_AT_name("y1")
     164                      .dwattr $C$DW$15, DW_AT_TI_symbol_name("_y1")
     165                      .dwattr $C$DW$15, DW_AT_type(*$C$DW$T$36)
TMS320C2000 Assembler PC v18.1.2 Sun Jun 17 14:52:14 2018

Tools Copyright (c) 1996-2017 Texas Instruments Incorporated
C:\Users\haowp\AppData\Local\Temp\{F7FEA1FC-9822-4FC7-A9E9-7215CC4DCD0D} PAGE    4

     166                      .dwattr $C$DW$15, DW_AT_location[DW_OP_reg16]
     167              
     168                      .dwcfi  cfa_offset, -2
     169                      .dwcfi  save_reg_to_mem, 26, 0
     170 00000004 C444          MOVL      XAR6,*-SP[4]          ; [CPU_ALU] |121| 
     171                      .dwpsn  file "D:/ti/motorware/motorware_1_01_00_18/sw/modules/filter/src/32b/filter_fo.c",line 127,co
     172 00000005 D008          MOVB      XAR0,#8               ; [CPU_ALU] |127| 
     173                      .dwpsn  file "D:/ti/motorware/motorware_1_01_00_18/sw/modules/filter/src/32b/filter_fo.c",line 125,co
     174 00000006 1EF4          MOVL      *+XAR4[6],ACC         ; [CPU_ALU] |125| 
     175                      .dwpsn  file "D:/ti/motorware/motorware_1_01_00_18/sw/modules/filter/src/32b/filter_fo.c",line 127,co
     176 00000007 C294          MOVL      *+XAR4[AR0],XAR6      ; [CPU_ALU] |127| 
     177              $C$DW$16        .dwtag  DW_TAG_TI_branch
     178                      .dwattr $C$DW$16, DW_AT_low_pc(0x00)
     179                      .dwattr $C$DW$16, DW_AT_TI_return
     180              
     181 00000008 0006          LRETR     ; [CPU_ALU] 
     182                      ; return occurs ; [] 
     183                      .dwattr $C$DW$9, DW_AT_TI_end_file("D:/ti/motorware/motorware_1_01_00_18/sw/modules/filter/src/32b/fi
     184                      .dwattr $C$DW$9, DW_AT_TI_end_line(0x82)
     185                      .dwattr $C$DW$9, DW_AT_TI_end_column(0x01)
     186                      .dwendentry
     187                      .dwendtag $C$DW$9
     188              
     189 00000009               .sect   ".text"
     190                      .clink
     191                      .global _FILTER_FO_setDenCoeffs
     192              
     193              $C$DW$17        .dwtag  DW_TAG_subprogram
     194                      .dwattr $C$DW$17, DW_AT_name("FILTER_FO_setDenCoeffs")
     195                      .dwattr $C$DW$17, DW_AT_low_pc(_FILTER_FO_setDenCoeffs)
     196                      .dwattr $C$DW$17, DW_AT_high_pc(0x00)
     197                      .dwattr $C$DW$17, DW_AT_TI_symbol_name("_FILTER_FO_setDenCoeffs")
     198                      .dwattr $C$DW$17, DW_AT_external
     199                      .dwattr $C$DW$17, DW_AT_TI_begin_file("D:/ti/motorware/motorware_1_01_00_18/sw/modules/filter/src/32b
     200                      .dwattr $C$DW$17, DW_AT_TI_begin_line(0x6d)
     201                      .dwattr $C$DW$17, DW_AT_TI_begin_column(0x06)
     202                      .dwattr $C$DW$17, DW_AT_TI_max_frame_size(-2)
     203                      .dwpsn  file "D:/ti/motorware/motorware_1_01_00_18/sw/modules/filter/src/32b/filter_fo.c",line 110,co
     204              
     205                      .dwfde $C$DW$CIE, _FILTER_FO_setDenCoeffs
     206              $C$DW$18        .dwtag  DW_TAG_formal_parameter
     207                      .dwattr $C$DW$18, DW_AT_name("handle")
     208                      .dwattr $C$DW$18, DW_AT_TI_symbol_name("_handle")
     209                      .dwattr $C$DW$18, DW_AT_type(*$C$DW$T$25)
     210                      .dwattr $C$DW$18, DW_AT_location[DW_OP_reg12]
     211              
     212              $C$DW$19        .dwtag  DW_TAG_formal_parameter
     213                      .dwattr $C$DW$19, DW_AT_name("a1")
     214                      .dwattr $C$DW$19, DW_AT_TI_symbol_name("_a1")
     215                      .dwattr $C$DW$19, DW_AT_type(*$C$DW$T$20)
     216                      .dwattr $C$DW$19, DW_AT_location[DW_OP_reg0]
     217              
     218              
     219              ;***************************************************************
     220              ;* FNAME: _FILTER_FO_setDenCoeffs       FR SIZE:   0           *
TMS320C2000 Assembler PC v18.1.2 Sun Jun 17 14:52:14 2018

Tools Copyright (c) 1996-2017 Texas Instruments Incorporated
C:\Users\haowp\AppData\Local\Temp\{F7FEA1FC-9822-4FC7-A9E9-7215CC4DCD0D} PAGE    5

     221              ;*                                                             *
     222              ;* FUNCTION ENVIRONMENT                                        *
     223              ;*                                                             *
     224              ;* FUNCTION PROPERTIES                                         *
     225              ;*                            0 Parameter,  0 Auto,  0 SOE     *
     226              ;***************************************************************
     227              
     228              _FILTER_FO_setDenCoeffs:
     229              ;* AR4   assigned to _handle
     230              $C$DW$20        .dwtag  DW_TAG_variable
     231                      .dwattr $C$DW$20, DW_AT_name("handle")
     232                      .dwattr $C$DW$20, DW_AT_TI_symbol_name("_handle")
     233                      .dwattr $C$DW$20, DW_AT_type(*$C$DW$T$26)
     234                      .dwattr $C$DW$20, DW_AT_location[DW_OP_reg12]
     235              
     236              ;* AL    assigned to _a1
     237              $C$DW$21        .dwtag  DW_TAG_variable
     238                      .dwattr $C$DW$21, DW_AT_name("a1")
     239                      .dwattr $C$DW$21, DW_AT_TI_symbol_name("_a1")
     240                      .dwattr $C$DW$21, DW_AT_type(*$C$DW$T$36)
     241                      .dwattr $C$DW$21, DW_AT_location[DW_OP_reg0]
     242              
     243                      .dwcfi  cfa_offset, -2
     244                      .dwcfi  save_reg_to_mem, 26, 0
     245                      .dwpsn  file "D:/ti/motorware/motorware_1_01_00_18/sw/modules/filter/src/32b/filter_fo.c",line 114,co
     246 00000009 1EC4          MOVL      *+XAR4[0],ACC         ; [CPU_ALU] |114| 
     247              $C$DW$22        .dwtag  DW_TAG_TI_branch
     248                      .dwattr $C$DW$22, DW_AT_low_pc(0x00)
     249                      .dwattr $C$DW$22, DW_AT_TI_return
     250              
     251 0000000a 0006          LRETR     ; [CPU_ALU] 
     252                      ; return occurs ; [] 
     253                      .dwattr $C$DW$17, DW_AT_TI_end_file("D:/ti/motorware/motorware_1_01_00_18/sw/modules/filter/src/32b/f
     254                      .dwattr $C$DW$17, DW_AT_TI_end_line(0x75)
     255                      .dwattr $C$DW$17, DW_AT_TI_end_column(0x01)
     256                      .dwendentry
     257                      .dwendtag $C$DW$17
     258              
     259 0000000b               .sect   ".text"
     260                      .clink
     261                      .global _FILTER_FO_init
     262              
     263              $C$DW$23        .dwtag  DW_TAG_subprogram
     264                      .dwattr $C$DW$23, DW_AT_name("FILTER_FO_init")
     265                      .dwattr $C$DW$23, DW_AT_low_pc(_FILTER_FO_init)
     266                      .dwattr $C$DW$23, DW_AT_high_pc(0x00)
     267                      .dwattr $C$DW$23, DW_AT_TI_symbol_name("_FILTER_FO_init")
     268                      .dwattr $C$DW$23, DW_AT_external
     269                      .dwattr $C$DW$23, DW_AT_type(*$C$DW$T$25)
     270                      .dwattr $C$DW$23, DW_AT_TI_begin_file("D:/ti/motorware/motorware_1_01_00_18/sw/modules/filter/src/32b
     271                      .dwattr $C$DW$23, DW_AT_TI_begin_line(0x5e)
     272                      .dwattr $C$DW$23, DW_AT_TI_begin_column(0x12)
     273                      .dwattr $C$DW$23, DW_AT_TI_max_frame_size(-2)
     274                      .dwpsn  file "D:/ti/motorware/motorware_1_01_00_18/sw/modules/filter/src/32b/filter_fo.c",line 95,col
     275              
TMS320C2000 Assembler PC v18.1.2 Sun Jun 17 14:52:14 2018

Tools Copyright (c) 1996-2017 Texas Instruments Incorporated
C:\Users\haowp\AppData\Local\Temp\{F7FEA1FC-9822-4FC7-A9E9-7215CC4DCD0D} PAGE    6

     276                      .dwfde $C$DW$CIE, _FILTER_FO_init
     277              $C$DW$24        .dwtag  DW_TAG_formal_parameter
     278                      .dwattr $C$DW$24, DW_AT_name("pMemory")
     279                      .dwattr $C$DW$24, DW_AT_TI_symbol_name("_pMemory")
     280                      .dwattr $C$DW$24, DW_AT_type(*$C$DW$T$3)
     281                      .dwattr $C$DW$24, DW_AT_location[DW_OP_reg12]
     282              
     283              $C$DW$25        .dwtag  DW_TAG_formal_parameter
     284                      .dwattr $C$DW$25, DW_AT_name("numBytes")
     285                      .dwattr $C$DW$25, DW_AT_TI_symbol_name("_numBytes")
     286                      .dwattr $C$DW$25, DW_AT_type(*$C$DW$T$27)
     287                      .dwattr $C$DW$25, DW_AT_location[DW_OP_reg0]
     288              
     289              
     290              ;***************************************************************
     291              ;* FNAME: _FILTER_FO_init               FR SIZE:   0           *
     292              ;*                                                             *
     293              ;* FUNCTION ENVIRONMENT                                        *
     294              ;*                                                             *
     295              ;* FUNCTION PROPERTIES                                         *
     296              ;*                            0 Parameter,  0 Auto,  0 SOE     *
     297              ;***************************************************************
     298              
     299              _FILTER_FO_init:
     300              ;* AR6   assigned to _numBytes
     301              $C$DW$26        .dwtag  DW_TAG_variable
     302                      .dwattr $C$DW$26, DW_AT_name("numBytes")
     303                      .dwattr $C$DW$26, DW_AT_TI_symbol_name("_numBytes")
     304                      .dwattr $C$DW$26, DW_AT_type(*$C$DW$T$28)
     305                      .dwattr $C$DW$26, DW_AT_location[DW_OP_reg16]
     306              
     307                      .dwcfi  cfa_offset, -2
     308                      .dwcfi  save_reg_to_mem, 26, 0
     309 0000000b 1EA6          MOVL      XAR6,ACC              ; [CPU_ALU] |95| 
     310                      .dwpsn  file "D:/ti/motorware/motorware_1_01_00_18/sw/modules/filter/src/32b/filter_fo.c",line 100,co
     311 0000000c 020A          MOVB      ACC,#10               ; [CPU_ALU] |100| 
     312 0000000d 0FA6          CMPL      ACC,XAR6              ; [CPU_ALU] |100| 
     313 0000000e 6902          B         $C$L1,LOS             ; [CPU_ALU] |100| 
     314                      ; branchcc occurs ; [] |100| 
     315 0000000f D400          MOVB      XAR4,#0               ; [CPU_ALU] |100| 
     316              $C$L1:    
     317              $C$DW$27        .dwtag  DW_TAG_TI_branch
     318                      .dwattr $C$DW$27, DW_AT_low_pc(0x00)
     319                      .dwattr $C$DW$27, DW_AT_TI_return
     320              
     321 00000010 0006          LRETR     ; [CPU_ALU] 
     322                      ; return occurs ; [] 
     323                      .dwattr $C$DW$23, DW_AT_TI_end_file("D:/ti/motorware/motorware_1_01_00_18/sw/modules/filter/src/32b/f
     324                      .dwattr $C$DW$23, DW_AT_TI_end_line(0x6a)
     325                      .dwattr $C$DW$23, DW_AT_TI_end_column(0x01)
     326                      .dwendentry
     327                      .dwendtag $C$DW$23
     328              
     329 00000011               .sect   ".text"
     330                      .clink
TMS320C2000 Assembler PC v18.1.2 Sun Jun 17 14:52:14 2018

Tools Copyright (c) 1996-2017 Texas Instruments Incorporated
C:\Users\haowp\AppData\Local\Temp\{F7FEA1FC-9822-4FC7-A9E9-7215CC4DCD0D} PAGE    7

     331                      .global _FILTER_FO_getNumCoeffs
     332              
     333              $C$DW$28        .dwtag  DW_TAG_subprogram
     334                      .dwattr $C$DW$28, DW_AT_name("FILTER_FO_getNumCoeffs")
     335                      .dwattr $C$DW$28, DW_AT_low_pc(_FILTER_FO_getNumCoeffs)
     336                      .dwattr $C$DW$28, DW_AT_high_pc(0x00)
     337                      .dwattr $C$DW$28, DW_AT_TI_symbol_name("_FILTER_FO_getNumCoeffs")
     338                      .dwattr $C$DW$28, DW_AT_external
     339                      .dwattr $C$DW$28, DW_AT_TI_begin_file("D:/ti/motorware/motorware_1_01_00_18/sw/modules/filter/src/32b
     340                      .dwattr $C$DW$28, DW_AT_TI_begin_line(0x52)
     341                      .dwattr $C$DW$28, DW_AT_TI_begin_column(0x06)
     342                      .dwattr $C$DW$28, DW_AT_TI_max_frame_size(-2)
     343                      .dwpsn  file "D:/ti/motorware/motorware_1_01_00_18/sw/modules/filter/src/32b/filter_fo.c",line 83,col
     344              
     345                      .dwfde $C$DW$CIE, _FILTER_FO_getNumCoeffs
     346              $C$DW$29        .dwtag  DW_TAG_formal_parameter
     347                      .dwattr $C$DW$29, DW_AT_name("handle")
     348                      .dwattr $C$DW$29, DW_AT_TI_symbol_name("_handle")
     349                      .dwattr $C$DW$29, DW_AT_type(*$C$DW$T$25)
     350                      .dwattr $C$DW$29, DW_AT_location[DW_OP_reg12]
     351              
     352              $C$DW$30        .dwtag  DW_TAG_formal_parameter
     353                      .dwattr $C$DW$30, DW_AT_name("pb0")
     354                      .dwattr $C$DW$30, DW_AT_TI_symbol_name("_pb0")
     355                      .dwattr $C$DW$30, DW_AT_type(*$C$DW$T$33)
     356                      .dwattr $C$DW$30, DW_AT_location[DW_OP_reg14]
     357              
     358              $C$DW$31        .dwtag  DW_TAG_formal_parameter
     359                      .dwattr $C$DW$31, DW_AT_name("pb1")
     360                      .dwattr $C$DW$31, DW_AT_TI_symbol_name("_pb1")
     361                      .dwattr $C$DW$31, DW_AT_type(*$C$DW$T$33)
     362                      .dwattr $C$DW$31, DW_AT_location[DW_OP_breg20 -4]
     363              
     364              
     365              ;***************************************************************
     366              ;* FNAME: _FILTER_FO_getNumCoeffs       FR SIZE:   0           *
     367              ;*                                                             *
     368              ;* FUNCTION ENVIRONMENT                                        *
     369              ;*                                                             *
     370              ;* FUNCTION PROPERTIES                                         *
     371              ;*                            0 Parameter,  0 Auto,  0 SOE     *
     372              ;***************************************************************
     373              
     374              _FILTER_FO_getNumCoeffs:
     375              ;* AR4   assigned to _handle
     376              $C$DW$32        .dwtag  DW_TAG_variable
     377                      .dwattr $C$DW$32, DW_AT_name("handle")
     378                      .dwattr $C$DW$32, DW_AT_TI_symbol_name("_handle")
     379                      .dwattr $C$DW$32, DW_AT_type(*$C$DW$T$26)
     380                      .dwattr $C$DW$32, DW_AT_location[DW_OP_reg12]
     381              
     382              ;* AR5   assigned to _pb0
     383              $C$DW$33        .dwtag  DW_TAG_variable
     384                      .dwattr $C$DW$33, DW_AT_name("pb0")
     385                      .dwattr $C$DW$33, DW_AT_TI_symbol_name("_pb0")
TMS320C2000 Assembler PC v18.1.2 Sun Jun 17 14:52:14 2018

Tools Copyright (c) 1996-2017 Texas Instruments Incorporated
C:\Users\haowp\AppData\Local\Temp\{F7FEA1FC-9822-4FC7-A9E9-7215CC4DCD0D} PAGE    8

     386                      .dwattr $C$DW$33, DW_AT_type(*$C$DW$T$42)
     387                      .dwattr $C$DW$33, DW_AT_location[DW_OP_reg14]
     388              
     389              ;* AR6   assigned to _pb1
     390              $C$DW$34        .dwtag  DW_TAG_variable
     391                      .dwattr $C$DW$34, DW_AT_name("pb1")
     392                      .dwattr $C$DW$34, DW_AT_TI_symbol_name("_pb1")
     393                      .dwattr $C$DW$34, DW_AT_type(*$C$DW$T$42)
     394                      .dwattr $C$DW$34, DW_AT_location[DW_OP_reg16]
     395              
     396                      .dwcfi  cfa_offset, -2
     397                      .dwcfi  save_reg_to_mem, 26, 0
     398 00000011 C444          MOVL      XAR6,*-SP[4]          ; [CPU_ALU] |83| 
     399                      .dwpsn  file "D:/ti/motorware/motorware_1_01_00_18/sw/modules/filter/src/32b/filter_fo.c",line 87,col
     400 00000012 06D4          MOVL      ACC,*+XAR4[2]         ; [CPU_ALU] |87| 
     401 00000013 1EC5          MOVL      *+XAR5[0],ACC         ; [CPU_ALU] |87| 
     402                      .dwpsn  file "D:/ti/motorware/motorware_1_01_00_18/sw/modules/filter/src/32b/filter_fo.c",line 88,col
     403 00000014 06E4          MOVL      ACC,*+XAR4[4]         ; [CPU_ALU] |88| 
     404 00000015 1EC6          MOVL      *+XAR6[0],ACC         ; [CPU_ALU] |88| 
     405              $C$DW$35        .dwtag  DW_TAG_TI_branch
     406                      .dwattr $C$DW$35, DW_AT_low_pc(0x00)
     407                      .dwattr $C$DW$35, DW_AT_TI_return
     408              
     409 00000016 0006          LRETR     ; [CPU_ALU] 
     410                      ; return occurs ; [] 
     411                      .dwattr $C$DW$28, DW_AT_TI_end_file("D:/ti/motorware/motorware_1_01_00_18/sw/modules/filter/src/32b/f
     412                      .dwattr $C$DW$28, DW_AT_TI_end_line(0x5b)
     413                      .dwattr $C$DW$28, DW_AT_TI_end_column(0x01)
     414                      .dwendentry
     415                      .dwendtag $C$DW$28
     416              
     417 00000017               .sect   ".text"
     418                      .clink
     419                      .global _FILTER_FO_getInitialConditions
     420              
     421              $C$DW$36        .dwtag  DW_TAG_subprogram
     422                      .dwattr $C$DW$36, DW_AT_name("FILTER_FO_getInitialConditions")
     423                      .dwattr $C$DW$36, DW_AT_low_pc(_FILTER_FO_getInitialConditions)
     424                      .dwattr $C$DW$36, DW_AT_high_pc(0x00)
     425                      .dwattr $C$DW$36, DW_AT_TI_symbol_name("_FILTER_FO_getInitialConditions")
     426                      .dwattr $C$DW$36, DW_AT_external
     427                      .dwattr $C$DW$36, DW_AT_TI_begin_file("D:/ti/motorware/motorware_1_01_00_18/sw/modules/filter/src/32b
     428                      .dwattr $C$DW$36, DW_AT_TI_begin_line(0x45)
     429                      .dwattr $C$DW$36, DW_AT_TI_begin_column(0x06)
     430                      .dwattr $C$DW$36, DW_AT_TI_max_frame_size(-2)
     431                      .dwpsn  file "D:/ti/motorware/motorware_1_01_00_18/sw/modules/filter/src/32b/filter_fo.c",line 70,col
     432              
     433                      .dwfde $C$DW$CIE, _FILTER_FO_getInitialConditions
     434              $C$DW$37        .dwtag  DW_TAG_formal_parameter
     435                      .dwattr $C$DW$37, DW_AT_name("handle")
     436                      .dwattr $C$DW$37, DW_AT_TI_symbol_name("_handle")
     437                      .dwattr $C$DW$37, DW_AT_type(*$C$DW$T$25)
     438                      .dwattr $C$DW$37, DW_AT_location[DW_OP_reg12]
     439              
     440              $C$DW$38        .dwtag  DW_TAG_formal_parameter
TMS320C2000 Assembler PC v18.1.2 Sun Jun 17 14:52:14 2018

Tools Copyright (c) 1996-2017 Texas Instruments Incorporated
C:\Users\haowp\AppData\Local\Temp\{F7FEA1FC-9822-4FC7-A9E9-7215CC4DCD0D} PAGE    9

     441                      .dwattr $C$DW$38, DW_AT_name("px1")
     442                      .dwattr $C$DW$38, DW_AT_TI_symbol_name("_px1")
     443                      .dwattr $C$DW$38, DW_AT_type(*$C$DW$T$33)
     444                      .dwattr $C$DW$38, DW_AT_location[DW_OP_reg14]
     445              
     446              $C$DW$39        .dwtag  DW_TAG_formal_parameter
     447                      .dwattr $C$DW$39, DW_AT_name("py1")
     448                      .dwattr $C$DW$39, DW_AT_TI_symbol_name("_py1")
     449                      .dwattr $C$DW$39, DW_AT_type(*$C$DW$T$33)
     450                      .dwattr $C$DW$39, DW_AT_location[DW_OP_breg20 -4]
     451              
     452              
     453              ;***************************************************************
     454              ;* FNAME: _FILTER_FO_getInitialConditions FR SIZE:   0           *
     455              ;*                                                             *
     456              ;* FUNCTION ENVIRONMENT                                        *
     457              ;*                                                             *
     458              ;* FUNCTION PROPERTIES                                         *
     459              ;*                            0 Parameter,  0 Auto,  0 SOE     *
     460              ;***************************************************************
     461              
     462              _FILTER_FO_getInitialConditions:
     463              ;* AR4   assigned to _handle
     464              $C$DW$40        .dwtag  DW_TAG_variable
     465                      .dwattr $C$DW$40, DW_AT_name("handle")
     466                      .dwattr $C$DW$40, DW_AT_TI_symbol_name("_handle")
     467                      .dwattr $C$DW$40, DW_AT_type(*$C$DW$T$26)
     468                      .dwattr $C$DW$40, DW_AT_location[DW_OP_reg12]
     469              
     470              ;* AR5   assigned to _px1
     471              $C$DW$41        .dwtag  DW_TAG_variable
     472                      .dwattr $C$DW$41, DW_AT_name("px1")
     473                      .dwattr $C$DW$41, DW_AT_TI_symbol_name("_px1")
     474                      .dwattr $C$DW$41, DW_AT_type(*$C$DW$T$42)
     475                      .dwattr $C$DW$41, DW_AT_location[DW_OP_reg14]
     476              
     477              ;* AR6   assigned to _py1
     478              $C$DW$42        .dwtag  DW_TAG_variable
     479                      .dwattr $C$DW$42, DW_AT_name("py1")
     480                      .dwattr $C$DW$42, DW_AT_TI_symbol_name("_py1")
     481                      .dwattr $C$DW$42, DW_AT_type(*$C$DW$T$42)
     482                      .dwattr $C$DW$42, DW_AT_location[DW_OP_reg16]
     483              
     484                      .dwcfi  cfa_offset, -2
     485                      .dwcfi  save_reg_to_mem, 26, 0
     486 00000017 C444          MOVL      XAR6,*-SP[4]          ; [CPU_ALU] |70| 
     487                      .dwpsn  file "D:/ti/motorware/motorware_1_01_00_18/sw/modules/filter/src/32b/filter_fo.c",line 74,col
     488 00000018 06F4          MOVL      ACC,*+XAR4[6]         ; [CPU_ALU] |74| 
     489                      .dwpsn  file "D:/ti/motorware/motorware_1_01_00_18/sw/modules/filter/src/32b/filter_fo.c",line 76,col
     490 00000019 D008          MOVB      XAR0,#8               ; [CPU_ALU] |76| 
     491                      .dwpsn  file "D:/ti/motorware/motorware_1_01_00_18/sw/modules/filter/src/32b/filter_fo.c",line 74,col
     492 0000001a 1EC5          MOVL      *+XAR5[0],ACC         ; [CPU_ALU] |74| 
     493                      .dwpsn  file "D:/ti/motorware/motorware_1_01_00_18/sw/modules/filter/src/32b/filter_fo.c",line 76,col
     494 0000001b 0694          MOVL      ACC,*+XAR4[AR0]       ; [CPU_ALU] |76| 
     495 0000001c 1EC6          MOVL      *+XAR6[0],ACC         ; [CPU_ALU] |76| 
TMS320C2000 Assembler PC v18.1.2 Sun Jun 17 14:52:14 2018

Tools Copyright (c) 1996-2017 Texas Instruments Incorporated
C:\Users\haowp\AppData\Local\Temp\{F7FEA1FC-9822-4FC7-A9E9-7215CC4DCD0D} PAGE   10

     496              $C$DW$43        .dwtag  DW_TAG_TI_branch
     497                      .dwattr $C$DW$43, DW_AT_low_pc(0x00)
     498                      .dwattr $C$DW$43, DW_AT_TI_return
     499              
     500 0000001d 0006          LRETR     ; [CPU_ALU] 
     501                      ; return occurs ; [] 
     502                      .dwattr $C$DW$36, DW_AT_TI_end_file("D:/ti/motorware/motorware_1_01_00_18/sw/modules/filter/src/32b/f
     503                      .dwattr $C$DW$36, DW_AT_TI_end_line(0x4f)
     504                      .dwattr $C$DW$36, DW_AT_TI_end_column(0x01)
     505                      .dwendentry
     506                      .dwendtag $C$DW$36
     507              
     508 0000001e               .sect   ".text"
     509                      .clink
     510                      .global _FILTER_FO_getDenCoeffs
     511              
     512              $C$DW$44        .dwtag  DW_TAG_subprogram
     513                      .dwattr $C$DW$44, DW_AT_name("FILTER_FO_getDenCoeffs")
     514                      .dwattr $C$DW$44, DW_AT_low_pc(_FILTER_FO_getDenCoeffs)
     515                      .dwattr $C$DW$44, DW_AT_high_pc(0x00)
     516                      .dwattr $C$DW$44, DW_AT_TI_symbol_name("_FILTER_FO_getDenCoeffs")
     517                      .dwattr $C$DW$44, DW_AT_external
     518                      .dwattr $C$DW$44, DW_AT_TI_begin_file("D:/ti/motorware/motorware_1_01_00_18/sw/modules/filter/src/32b
     519                      .dwattr $C$DW$44, DW_AT_TI_begin_line(0x3a)
     520                      .dwattr $C$DW$44, DW_AT_TI_begin_column(0x06)
     521                      .dwattr $C$DW$44, DW_AT_TI_max_frame_size(-2)
     522                      .dwpsn  file "D:/ti/motorware/motorware_1_01_00_18/sw/modules/filter/src/32b/filter_fo.c",line 59,col
     523              
     524                      .dwfde $C$DW$CIE, _FILTER_FO_getDenCoeffs
     525              $C$DW$45        .dwtag  DW_TAG_formal_parameter
     526                      .dwattr $C$DW$45, DW_AT_name("handle")
     527                      .dwattr $C$DW$45, DW_AT_TI_symbol_name("_handle")
     528                      .dwattr $C$DW$45, DW_AT_type(*$C$DW$T$25)
     529                      .dwattr $C$DW$45, DW_AT_location[DW_OP_reg12]
     530              
     531              $C$DW$46        .dwtag  DW_TAG_formal_parameter
     532                      .dwattr $C$DW$46, DW_AT_name("pa1")
     533                      .dwattr $C$DW$46, DW_AT_TI_symbol_name("_pa1")
     534                      .dwattr $C$DW$46, DW_AT_type(*$C$DW$T$33)
     535                      .dwattr $C$DW$46, DW_AT_location[DW_OP_reg14]
     536              
     537              
     538              ;***************************************************************
     539              ;* FNAME: _FILTER_FO_getDenCoeffs       FR SIZE:   0           *
     540              ;*                                                             *
     541              ;* FUNCTION ENVIRONMENT                                        *
     542              ;*                                                             *
     543              ;* FUNCTION PROPERTIES                                         *
     544              ;*                            0 Parameter,  0 Auto,  0 SOE     *
     545              ;***************************************************************
     546              
     547              _FILTER_FO_getDenCoeffs:
     548              ;* AR4   assigned to _handle
     549              $C$DW$47        .dwtag  DW_TAG_variable
     550                      .dwattr $C$DW$47, DW_AT_name("handle")
TMS320C2000 Assembler PC v18.1.2 Sun Jun 17 14:52:14 2018

Tools Copyright (c) 1996-2017 Texas Instruments Incorporated
C:\Users\haowp\AppData\Local\Temp\{F7FEA1FC-9822-4FC7-A9E9-7215CC4DCD0D} PAGE   11

     551                      .dwattr $C$DW$47, DW_AT_TI_symbol_name("_handle")
     552                      .dwattr $C$DW$47, DW_AT_type(*$C$DW$T$26)
     553                      .dwattr $C$DW$47, DW_AT_location[DW_OP_reg12]
     554              
     555              ;* AR5   assigned to _pa1
     556              $C$DW$48        .dwtag  DW_TAG_variable
     557                      .dwattr $C$DW$48, DW_AT_name("pa1")
     558                      .dwattr $C$DW$48, DW_AT_TI_symbol_name("_pa1")
     559                      .dwattr $C$DW$48, DW_AT_type(*$C$DW$T$42)
     560                      .dwattr $C$DW$48, DW_AT_location[DW_OP_reg14]
     561              
     562                      .dwcfi  cfa_offset, -2
     563                      .dwcfi  save_reg_to_mem, 26, 0
     564                      .dwpsn  file "D:/ti/motorware/motorware_1_01_00_18/sw/modules/filter/src/32b/filter_fo.c",line 63,col
     565 0000001e 06C4          MOVL      ACC,*+XAR4[0]         ; [CPU_ALU] |63| 
     566 0000001f 1EC5          MOVL      *+XAR5[0],ACC         ; [CPU_ALU] |63| 
     567              $C$DW$49        .dwtag  DW_TAG_TI_branch
     568                      .dwattr $C$DW$49, DW_AT_low_pc(0x00)
     569                      .dwattr $C$DW$49, DW_AT_TI_return
     570              
     571 00000020 0006          LRETR     ; [CPU_ALU] 
     572                      ; return occurs ; [] 
     573                      .dwattr $C$DW$44, DW_AT_TI_end_file("D:/ti/motorware/motorware_1_01_00_18/sw/modules/filter/src/32b/f
     574                      .dwattr $C$DW$44, DW_AT_TI_end_line(0x42)
     575                      .dwattr $C$DW$44, DW_AT_TI_end_column(0x01)
     576                      .dwendentry
     577                      .dwendtag $C$DW$44
     578              
     579              
     580              ;***************************************************************
     581              ;* TYPE INFORMATION                                            *
     582              ;***************************************************************
     583              
     584              $C$DW$T$21      .dwtag  DW_TAG_structure_type
     585                      .dwattr $C$DW$T$21, DW_AT_name("_FILTER_FO_")
     586                      .dwattr $C$DW$T$21, DW_AT_byte_size(0x0a)
     587              $C$DW$50        .dwtag  DW_TAG_member
     588                      .dwattr $C$DW$50, DW_AT_type(*$C$DW$T$20)
     589                      .dwattr $C$DW$50, DW_AT_name("a1")
     590                      .dwattr $C$DW$50, DW_AT_TI_symbol_name("_a1")
     591                      .dwattr $C$DW$50, DW_AT_data_member_location[DW_OP_plus_uconst 0x0]
     592                      .dwattr $C$DW$50, DW_AT_accessibility(DW_ACCESS_public)
     593              
     594              $C$DW$51        .dwtag  DW_TAG_member
     595                      .dwattr $C$DW$51, DW_AT_type(*$C$DW$T$20)
     596                      .dwattr $C$DW$51, DW_AT_name("b0")
     597                      .dwattr $C$DW$51, DW_AT_TI_symbol_name("_b0")
     598                      .dwattr $C$DW$51, DW_AT_data_member_location[DW_OP_plus_uconst 0x2]
     599                      .dwattr $C$DW$51, DW_AT_accessibility(DW_ACCESS_public)
     600              
     601              $C$DW$52        .dwtag  DW_TAG_member
     602                      .dwattr $C$DW$52, DW_AT_type(*$C$DW$T$20)
     603                      .dwattr $C$DW$52, DW_AT_name("b1")
     604                      .dwattr $C$DW$52, DW_AT_TI_symbol_name("_b1")
     605                      .dwattr $C$DW$52, DW_AT_data_member_location[DW_OP_plus_uconst 0x4]
TMS320C2000 Assembler PC v18.1.2 Sun Jun 17 14:52:14 2018

Tools Copyright (c) 1996-2017 Texas Instruments Incorporated
C:\Users\haowp\AppData\Local\Temp\{F7FEA1FC-9822-4FC7-A9E9-7215CC4DCD0D} PAGE   12

     606                      .dwattr $C$DW$52, DW_AT_accessibility(DW_ACCESS_public)
     607              
     608              $C$DW$53        .dwtag  DW_TAG_member
     609                      .dwattr $C$DW$53, DW_AT_type(*$C$DW$T$20)
     610                      .dwattr $C$DW$53, DW_AT_name("x1")
     611                      .dwattr $C$DW$53, DW_AT_TI_symbol_name("_x1")
     612                      .dwattr $C$DW$53, DW_AT_data_member_location[DW_OP_plus_uconst 0x6]
     613                      .dwattr $C$DW$53, DW_AT_accessibility(DW_ACCESS_public)
     614              
     615              $C$DW$54        .dwtag  DW_TAG_member
     616                      .dwattr $C$DW$54, DW_AT_type(*$C$DW$T$20)
     617                      .dwattr $C$DW$54, DW_AT_name("y1")
     618                      .dwattr $C$DW$54, DW_AT_TI_symbol_name("_y1")
     619                      .dwattr $C$DW$54, DW_AT_data_member_location[DW_OP_plus_uconst 0x8]
     620                      .dwattr $C$DW$54, DW_AT_accessibility(DW_ACCESS_public)
     621              
     622                      .dwendtag $C$DW$T$21
     623              
     624              $C$DW$T$22      .dwtag  DW_TAG_typedef
     625                      .dwattr $C$DW$T$22, DW_AT_name("FILTER_FO_Obj")
     626                      .dwattr $C$DW$T$22, DW_AT_type(*$C$DW$T$21)
     627                      .dwattr $C$DW$T$22, DW_AT_language(DW_LANG_C)
     628              
     629              
     630              $C$DW$T$19      .dwtag  DW_TAG_structure_type
     631                      .dwattr $C$DW$T$19, DW_AT_name("_FILTER_FO_Obj_")
     632                      .dwattr $C$DW$T$19, DW_AT_declaration
     633                      .dwendtag $C$DW$T$19
     634              
     635              $C$DW$T$24      .dwtag  DW_TAG_pointer_type
     636                      .dwattr $C$DW$T$24, DW_AT_type(*$C$DW$T$19)
     637                      .dwattr $C$DW$T$24, DW_AT_address_class(0x20)
     638              
     639              $C$DW$T$25      .dwtag  DW_TAG_typedef
     640                      .dwattr $C$DW$T$25, DW_AT_name("FILTER_FO_Handle")
     641                      .dwattr $C$DW$T$25, DW_AT_type(*$C$DW$T$24)
     642                      .dwattr $C$DW$T$25, DW_AT_language(DW_LANG_C)
     643              
     644              $C$DW$55        .dwtag  DW_TAG_TI_far_type
     645                      .dwattr $C$DW$55, DW_AT_type(*$C$DW$T$25)
     646              
     647              $C$DW$T$26      .dwtag  DW_TAG_const_type
     648                      .dwattr $C$DW$T$26, DW_AT_type(*$C$DW$55)
     649              
     650              $C$DW$T$2       .dwtag  DW_TAG_unspecified_type
     651                      .dwattr $C$DW$T$2, DW_AT_name("void")
     652              
     653              $C$DW$T$3       .dwtag  DW_TAG_pointer_type
     654                      .dwattr $C$DW$T$3, DW_AT_type(*$C$DW$T$2)
     655                      .dwattr $C$DW$T$3, DW_AT_address_class(0x20)
     656              
     657              $C$DW$T$4       .dwtag  DW_TAG_base_type
     658                      .dwattr $C$DW$T$4, DW_AT_encoding(DW_ATE_boolean)
     659                      .dwattr $C$DW$T$4, DW_AT_name("bool")
     660                      .dwattr $C$DW$T$4, DW_AT_byte_size(0x01)
TMS320C2000 Assembler PC v18.1.2 Sun Jun 17 14:52:14 2018

Tools Copyright (c) 1996-2017 Texas Instruments Incorporated
C:\Users\haowp\AppData\Local\Temp\{F7FEA1FC-9822-4FC7-A9E9-7215CC4DCD0D} PAGE   13

     661              
     662              $C$DW$T$5       .dwtag  DW_TAG_base_type
     663                      .dwattr $C$DW$T$5, DW_AT_encoding(DW_ATE_signed_char)
     664                      .dwattr $C$DW$T$5, DW_AT_name("signed char")
     665                      .dwattr $C$DW$T$5, DW_AT_byte_size(0x01)
     666              
     667              $C$DW$T$6       .dwtag  DW_TAG_base_type
     668                      .dwattr $C$DW$T$6, DW_AT_encoding(DW_ATE_unsigned_char)
     669                      .dwattr $C$DW$T$6, DW_AT_name("unsigned char")
     670                      .dwattr $C$DW$T$6, DW_AT_byte_size(0x01)
     671              
     672              $C$DW$T$7       .dwtag  DW_TAG_base_type
     673                      .dwattr $C$DW$T$7, DW_AT_encoding(DW_ATE_signed_char)
     674                      .dwattr $C$DW$T$7, DW_AT_name("wchar_t")
     675                      .dwattr $C$DW$T$7, DW_AT_byte_size(0x01)
     676              
     677              $C$DW$T$8       .dwtag  DW_TAG_base_type
     678                      .dwattr $C$DW$T$8, DW_AT_encoding(DW_ATE_signed)
     679                      .dwattr $C$DW$T$8, DW_AT_name("short")
     680                      .dwattr $C$DW$T$8, DW_AT_byte_size(0x01)
     681              
     682              $C$DW$T$9       .dwtag  DW_TAG_base_type
     683                      .dwattr $C$DW$T$9, DW_AT_encoding(DW_ATE_unsigned)
     684                      .dwattr $C$DW$T$9, DW_AT_name("unsigned short")
     685                      .dwattr $C$DW$T$9, DW_AT_byte_size(0x01)
     686              
     687              $C$DW$T$10      .dwtag  DW_TAG_base_type
     688                      .dwattr $C$DW$T$10, DW_AT_encoding(DW_ATE_signed)
     689                      .dwattr $C$DW$T$10, DW_AT_name("int")
     690                      .dwattr $C$DW$T$10, DW_AT_byte_size(0x01)
     691              
     692              $C$DW$T$11      .dwtag  DW_TAG_base_type
     693                      .dwattr $C$DW$T$11, DW_AT_encoding(DW_ATE_unsigned)
     694                      .dwattr $C$DW$T$11, DW_AT_name("unsigned int")
     695                      .dwattr $C$DW$T$11, DW_AT_byte_size(0x01)
     696              
     697              $C$DW$T$12      .dwtag  DW_TAG_base_type
     698                      .dwattr $C$DW$T$12, DW_AT_encoding(DW_ATE_signed)
     699                      .dwattr $C$DW$T$12, DW_AT_name("long")
     700                      .dwattr $C$DW$T$12, DW_AT_byte_size(0x02)
     701              
     702              $C$DW$T$20      .dwtag  DW_TAG_typedef
     703                      .dwattr $C$DW$T$20, DW_AT_name("_iq")
     704                      .dwattr $C$DW$T$20, DW_AT_type(*$C$DW$T$12)
     705                      .dwattr $C$DW$T$20, DW_AT_language(DW_LANG_C)
     706              
     707              $C$DW$T$33      .dwtag  DW_TAG_pointer_type
     708                      .dwattr $C$DW$T$33, DW_AT_type(*$C$DW$T$20)
     709                      .dwattr $C$DW$T$33, DW_AT_address_class(0x20)
     710              
     711              $C$DW$56        .dwtag  DW_TAG_TI_far_type
     712                      .dwattr $C$DW$56, DW_AT_type(*$C$DW$T$33)
     713              
     714              $C$DW$T$42      .dwtag  DW_TAG_const_type
     715                      .dwattr $C$DW$T$42, DW_AT_type(*$C$DW$56)
TMS320C2000 Assembler PC v18.1.2 Sun Jun 17 14:52:14 2018

Tools Copyright (c) 1996-2017 Texas Instruments Incorporated
C:\Users\haowp\AppData\Local\Temp\{F7FEA1FC-9822-4FC7-A9E9-7215CC4DCD0D} PAGE   14

     716              
     717              $C$DW$57        .dwtag  DW_TAG_TI_far_type
     718                      .dwattr $C$DW$57, DW_AT_type(*$C$DW$T$20)
     719              
     720              $C$DW$T$36      .dwtag  DW_TAG_const_type
     721                      .dwattr $C$DW$T$36, DW_AT_type(*$C$DW$57)
     722              
     723              $C$DW$T$13      .dwtag  DW_TAG_base_type
     724                      .dwattr $C$DW$T$13, DW_AT_encoding(DW_ATE_unsigned)
     725                      .dwattr $C$DW$T$13, DW_AT_name("unsigned long")
     726                      .dwattr $C$DW$T$13, DW_AT_byte_size(0x02)
     727              
     728              $C$DW$T$27      .dwtag  DW_TAG_typedef
     729                      .dwattr $C$DW$T$27, DW_AT_name("size_t")
     730                      .dwattr $C$DW$T$27, DW_AT_type(*$C$DW$T$13)
     731                      .dwattr $C$DW$T$27, DW_AT_language(DW_LANG_C)
     732              
     733              $C$DW$58        .dwtag  DW_TAG_TI_far_type
     734                      .dwattr $C$DW$58, DW_AT_type(*$C$DW$T$27)
     735              
     736              $C$DW$T$28      .dwtag  DW_TAG_const_type
     737                      .dwattr $C$DW$T$28, DW_AT_type(*$C$DW$58)
     738              
     739              $C$DW$T$14      .dwtag  DW_TAG_base_type
     740                      .dwattr $C$DW$T$14, DW_AT_encoding(DW_ATE_signed)
     741                      .dwattr $C$DW$T$14, DW_AT_name("long long")
     742                      .dwattr $C$DW$T$14, DW_AT_byte_size(0x04)
     743              
     744              $C$DW$T$15      .dwtag  DW_TAG_base_type
     745                      .dwattr $C$DW$T$15, DW_AT_encoding(DW_ATE_unsigned)
     746                      .dwattr $C$DW$T$15, DW_AT_name("unsigned long long")
     747                      .dwattr $C$DW$T$15, DW_AT_byte_size(0x04)
     748              
     749              $C$DW$T$16      .dwtag  DW_TAG_base_type
     750                      .dwattr $C$DW$T$16, DW_AT_encoding(DW_ATE_float)
     751                      .dwattr $C$DW$T$16, DW_AT_name("float")
     752                      .dwattr $C$DW$T$16, DW_AT_byte_size(0x02)
     753              
     754              $C$DW$T$17      .dwtag  DW_TAG_base_type
     755                      .dwattr $C$DW$T$17, DW_AT_encoding(DW_ATE_float)
     756                      .dwattr $C$DW$T$17, DW_AT_name("double")
     757                      .dwattr $C$DW$T$17, DW_AT_byte_size(0x02)
     758              
     759              $C$DW$T$18      .dwtag  DW_TAG_base_type
     760                      .dwattr $C$DW$T$18, DW_AT_encoding(DW_ATE_float)
     761                      .dwattr $C$DW$T$18, DW_AT_name("long double")
     762                      .dwattr $C$DW$T$18, DW_AT_byte_size(0x04)
     763              
     764                      .dwattr $C$DW$CU, DW_AT_language(DW_LANG_C)
     765              
     766              ;***************************************************************
     767              ;* DWARF CIE ENTRIES                                           *
     768              ;***************************************************************
     769              
     770              $C$DW$CIE       .dwcie 26
TMS320C2000 Assembler PC v18.1.2 Sun Jun 17 14:52:14 2018

Tools Copyright (c) 1996-2017 Texas Instruments Incorporated
C:\Users\haowp\AppData\Local\Temp\{F7FEA1FC-9822-4FC7-A9E9-7215CC4DCD0D} PAGE   15

     771                      .dwcfi  cfa_register, 20
     772                      .dwcfi  cfa_offset, 0
     773                      .dwcfi  same_value, 28
     774                      .dwcfi  same_value, 6
     775                      .dwcfi  same_value, 7
     776                      .dwcfi  same_value, 8
     777                      .dwcfi  same_value, 9
     778                      .dwcfi  same_value, 10
     779                      .dwcfi  same_value, 11
     780                      .dwendentry
     781              
     782              ;***************************************************************
     783              ;* DWARF REGISTER MAP                                          *
     784              ;***************************************************************
     785              
     786              $C$DW$59        .dwtag  DW_TAG_TI_assign_register
     787                      .dwattr $C$DW$59, DW_AT_name("AL")
     788                      .dwattr $C$DW$59, DW_AT_location[DW_OP_reg0]
     789              
     790              $C$DW$60        .dwtag  DW_TAG_TI_assign_register
     791                      .dwattr $C$DW$60, DW_AT_name("AH")
     792                      .dwattr $C$DW$60, DW_AT_location[DW_OP_reg1]
     793              
     794              $C$DW$61        .dwtag  DW_TAG_TI_assign_register
     795                      .dwattr $C$DW$61, DW_AT_name("PL")
     796                      .dwattr $C$DW$61, DW_AT_location[DW_OP_reg2]
     797              
     798              $C$DW$62        .dwtag  DW_TAG_TI_assign_register
     799                      .dwattr $C$DW$62, DW_AT_name("PH")
     800                      .dwattr $C$DW$62, DW_AT_location[DW_OP_reg3]
     801              
     802              $C$DW$63        .dwtag  DW_TAG_TI_assign_register
     803                      .dwattr $C$DW$63, DW_AT_name("SP")
     804                      .dwattr $C$DW$63, DW_AT_location[DW_OP_reg20]
     805              
     806              $C$DW$64        .dwtag  DW_TAG_TI_assign_register
     807                      .dwattr $C$DW$64, DW_AT_name("XT")
     808                      .dwattr $C$DW$64, DW_AT_location[DW_OP_reg21]
     809              
     810              $C$DW$65        .dwtag  DW_TAG_TI_assign_register
     811                      .dwattr $C$DW$65, DW_AT_name("T")
     812                      .dwattr $C$DW$65, DW_AT_location[DW_OP_reg22]
     813              
     814              $C$DW$66        .dwtag  DW_TAG_TI_assign_register
     815                      .dwattr $C$DW$66, DW_AT_name("ST0")
     816                      .dwattr $C$DW$66, DW_AT_location[DW_OP_reg23]
     817              
     818              $C$DW$67        .dwtag  DW_TAG_TI_assign_register
     819                      .dwattr $C$DW$67, DW_AT_name("ST1")
     820                      .dwattr $C$DW$67, DW_AT_location[DW_OP_reg24]
     821              
     822              $C$DW$68        .dwtag  DW_TAG_TI_assign_register
     823                      .dwattr $C$DW$68, DW_AT_name("PC")
     824                      .dwattr $C$DW$68, DW_AT_location[DW_OP_reg25]
     825              
TMS320C2000 Assembler PC v18.1.2 Sun Jun 17 14:52:14 2018

Tools Copyright (c) 1996-2017 Texas Instruments Incorporated
C:\Users\haowp\AppData\Local\Temp\{F7FEA1FC-9822-4FC7-A9E9-7215CC4DCD0D} PAGE   16

     826              $C$DW$69        .dwtag  DW_TAG_TI_assign_register
     827                      .dwattr $C$DW$69, DW_AT_name("RPC")
     828                      .dwattr $C$DW$69, DW_AT_location[DW_OP_reg26]
     829              
     830              $C$DW$70        .dwtag  DW_TAG_TI_assign_register
     831                      .dwattr $C$DW$70, DW_AT_name("FP")
     832                      .dwattr $C$DW$70, DW_AT_location[DW_OP_reg28]
     833              
     834              $C$DW$71        .dwtag  DW_TAG_TI_assign_register
     835                      .dwattr $C$DW$71, DW_AT_name("DP")
     836                      .dwattr $C$DW$71, DW_AT_location[DW_OP_reg29]
     837              
     838              $C$DW$72        .dwtag  DW_TAG_TI_assign_register
     839                      .dwattr $C$DW$72, DW_AT_name("SXM")
     840                      .dwattr $C$DW$72, DW_AT_location[DW_OP_reg30]
     841              
     842              $C$DW$73        .dwtag  DW_TAG_TI_assign_register
     843                      .dwattr $C$DW$73, DW_AT_name("PM")
     844                      .dwattr $C$DW$73, DW_AT_location[DW_OP_reg31]
     845              
     846              $C$DW$74        .dwtag  DW_TAG_TI_assign_register
     847                      .dwattr $C$DW$74, DW_AT_name("OVM")
     848                      .dwattr $C$DW$74, DW_AT_location[DW_OP_regx 0x20]
     849              
     850              $C$DW$75        .dwtag  DW_TAG_TI_assign_register
     851                      .dwattr $C$DW$75, DW_AT_name("PAGE0")
     852                      .dwattr $C$DW$75, DW_AT_location[DW_OP_regx 0x21]
     853              
     854              $C$DW$76        .dwtag  DW_TAG_TI_assign_register
     855                      .dwattr $C$DW$76, DW_AT_name("AMODE")
     856                      .dwattr $C$DW$76, DW_AT_location[DW_OP_regx 0x22]
     857              
     858              $C$DW$77        .dwtag  DW_TAG_TI_assign_register
     859                      .dwattr $C$DW$77, DW_AT_name("EALLOW")
     860                      .dwattr $C$DW$77, DW_AT_location[DW_OP_regx 0x4e]
     861              
     862              $C$DW$78        .dwtag  DW_TAG_TI_assign_register
     863                      .dwattr $C$DW$78, DW_AT_name("INTM")
     864                      .dwattr $C$DW$78, DW_AT_location[DW_OP_regx 0x23]
     865              
     866              $C$DW$79        .dwtag  DW_TAG_TI_assign_register
     867                      .dwattr $C$DW$79, DW_AT_name("IFR")
     868                      .dwattr $C$DW$79, DW_AT_location[DW_OP_regx 0x24]
     869              
     870              $C$DW$80        .dwtag  DW_TAG_TI_assign_register
     871                      .dwattr $C$DW$80, DW_AT_name("IER")
     872                      .dwattr $C$DW$80, DW_AT_location[DW_OP_regx 0x25]
     873              
     874              $C$DW$81        .dwtag  DW_TAG_TI_assign_register
     875                      .dwattr $C$DW$81, DW_AT_name("V")
     876                      .dwattr $C$DW$81, DW_AT_location[DW_OP_regx 0x26]
     877              
     878              $C$DW$82        .dwtag  DW_TAG_TI_assign_register
     879                      .dwattr $C$DW$82, DW_AT_name("PSEUDOH")
     880                      .dwattr $C$DW$82, DW_AT_location[DW_OP_regx 0x4c]
TMS320C2000 Assembler PC v18.1.2 Sun Jun 17 14:52:14 2018

Tools Copyright (c) 1996-2017 Texas Instruments Incorporated
C:\Users\haowp\AppData\Local\Temp\{F7FEA1FC-9822-4FC7-A9E9-7215CC4DCD0D} PAGE   17

     881              
     882              $C$DW$83        .dwtag  DW_TAG_TI_assign_register
     883                      .dwattr $C$DW$83, DW_AT_name("VOL")
     884                      .dwattr $C$DW$83, DW_AT_location[DW_OP_regx 0x4d]
     885              
     886              $C$DW$84        .dwtag  DW_TAG_TI_assign_register
     887                      .dwattr $C$DW$84, DW_AT_name("AR0")
     888                      .dwattr $C$DW$84, DW_AT_location[DW_OP_reg4]
     889              
     890              $C$DW$85        .dwtag  DW_TAG_TI_assign_register
     891                      .dwattr $C$DW$85, DW_AT_name("XAR0")
     892                      .dwattr $C$DW$85, DW_AT_location[DW_OP_reg5]
     893              
     894              $C$DW$86        .dwtag  DW_TAG_TI_assign_register
     895                      .dwattr $C$DW$86, DW_AT_name("AR1")
     896                      .dwattr $C$DW$86, DW_AT_location[DW_OP_reg6]
     897              
     898              $C$DW$87        .dwtag  DW_TAG_TI_assign_register
     899                      .dwattr $C$DW$87, DW_AT_name("XAR1")
     900                      .dwattr $C$DW$87, DW_AT_location[DW_OP_reg7]
     901              
     902              $C$DW$88        .dwtag  DW_TAG_TI_assign_register
     903                      .dwattr $C$DW$88, DW_AT_name("AR2")
     904                      .dwattr $C$DW$88, DW_AT_location[DW_OP_reg8]
     905              
     906              $C$DW$89        .dwtag  DW_TAG_TI_assign_register
     907                      .dwattr $C$DW$89, DW_AT_name("XAR2")
     908                      .dwattr $C$DW$89, DW_AT_location[DW_OP_reg9]
     909              
     910              $C$DW$90        .dwtag  DW_TAG_TI_assign_register
     911                      .dwattr $C$DW$90, DW_AT_name("AR3")
     912                      .dwattr $C$DW$90, DW_AT_location[DW_OP_reg10]
     913              
     914              $C$DW$91        .dwtag  DW_TAG_TI_assign_register
     915                      .dwattr $C$DW$91, DW_AT_name("XAR3")
     916                      .dwattr $C$DW$91, DW_AT_location[DW_OP_reg11]
     917              
     918              $C$DW$92        .dwtag  DW_TAG_TI_assign_register
     919                      .dwattr $C$DW$92, DW_AT_name("AR4")
     920                      .dwattr $C$DW$92, DW_AT_location[DW_OP_reg12]
     921              
     922              $C$DW$93        .dwtag  DW_TAG_TI_assign_register
     923                      .dwattr $C$DW$93, DW_AT_name("XAR4")
     924                      .dwattr $C$DW$93, DW_AT_location[DW_OP_reg13]
     925              
     926              $C$DW$94        .dwtag  DW_TAG_TI_assign_register
     927                      .dwattr $C$DW$94, DW_AT_name("AR5")
     928                      .dwattr $C$DW$94, DW_AT_location[DW_OP_reg14]
     929              
     930              $C$DW$95        .dwtag  DW_TAG_TI_assign_register
     931                      .dwattr $C$DW$95, DW_AT_name("XAR5")
     932                      .dwattr $C$DW$95, DW_AT_location[DW_OP_reg15]
     933              
     934              $C$DW$96        .dwtag  DW_TAG_TI_assign_register
     935                      .dwattr $C$DW$96, DW_AT_name("AR6")
TMS320C2000 Assembler PC v18.1.2 Sun Jun 17 14:52:14 2018

Tools Copyright (c) 1996-2017 Texas Instruments Incorporated
C:\Users\haowp\AppData\Local\Temp\{F7FEA1FC-9822-4FC7-A9E9-7215CC4DCD0D} PAGE   18

     936                      .dwattr $C$DW$96, DW_AT_location[DW_OP_reg16]
     937              
     938              $C$DW$97        .dwtag  DW_TAG_TI_assign_register
     939                      .dwattr $C$DW$97, DW_AT_name("XAR6")
     940                      .dwattr $C$DW$97, DW_AT_location[DW_OP_reg17]
     941              
     942              $C$DW$98        .dwtag  DW_TAG_TI_assign_register
     943                      .dwattr $C$DW$98, DW_AT_name("AR7")
     944                      .dwattr $C$DW$98, DW_AT_location[DW_OP_reg18]
     945              
     946              $C$DW$99        .dwtag  DW_TAG_TI_assign_register
     947                      .dwattr $C$DW$99, DW_AT_name("XAR7")
     948                      .dwattr $C$DW$99, DW_AT_location[DW_OP_reg19]
     949              
     950                      .dwendtag $C$DW$CU
     951              

No Assembly Errors, No Assembly Warnings
