TMS320C2000 Assembler PC v18.1.2 Sun Jun 17 14:52:23 2018

Tools Copyright (c) 1996-2017 Texas Instruments Incorporated
C:\Users\haowp\AppData\Local\Temp\{E39FFD36-4446-47D0-A794-6BE46767ABB8} PAGE    1

       1              ;***************************************************************
       2              ;* TMS320C2000 C/C++ Codegen                    PC v18.1.2.LTS *
       3              ;* Date/Time created: Sun Jun 17 14:52:23 2018                 *
       4              ;***************************************************************
       5                      .compiler_opts --abi=coffabi --float_support=softlib --hll_source=on --mem_model:code=flat --mem_mode
       6                      .asg    XAR2, FP
       7              
       8              $C$DW$CU        .dwtag  DW_TAG_compile_unit
       9                      .dwattr $C$DW$CU, DW_AT_name("D:/ti/motorware/motorware_1_01_00_18/sw/modules/offset/src/32b/offset.c
      10                      .dwattr $C$DW$CU, DW_AT_producer("TI TMS320C2000 C/C++ Codegen PC v18.1.2.LTS Copyright (c) 1996-2017
      11                      .dwattr $C$DW$CU, DW_AT_TI_version(0x01)
      12                      .dwattr $C$DW$CU, DW_AT_comp_dir("D:\ti\motorware\motorware_1_01_00_18\sw\solutions\instaspin_foc\boa
      13              
      14              $C$DW$1 .dwtag  DW_TAG_subprogram
      15                      .dwattr $C$DW$1, DW_AT_name("FILTER_FO_getNumCoeffs")
      16                      .dwattr $C$DW$1, DW_AT_TI_symbol_name("_FILTER_FO_getNumCoeffs")
      17                      .dwattr $C$DW$1, DW_AT_declaration
      18                      .dwattr $C$DW$1, DW_AT_external
      19              $C$DW$2 .dwtag  DW_TAG_formal_parameter
      20                      .dwattr $C$DW$2, DW_AT_type(*$C$DW$T$25)
      21              
      22              $C$DW$3 .dwtag  DW_TAG_formal_parameter
      23                      .dwattr $C$DW$3, DW_AT_type(*$C$DW$T$42)
      24              
      25              $C$DW$4 .dwtag  DW_TAG_formal_parameter
      26                      .dwattr $C$DW$4, DW_AT_type(*$C$DW$T$42)
      27              
      28                      .dwendtag $C$DW$1
      29              
      30              
      31              $C$DW$5 .dwtag  DW_TAG_subprogram
      32                      .dwattr $C$DW$5, DW_AT_name("FILTER_FO_setNumCoeffs")
      33                      .dwattr $C$DW$5, DW_AT_TI_symbol_name("_FILTER_FO_setNumCoeffs")
      34                      .dwattr $C$DW$5, DW_AT_declaration
      35                      .dwattr $C$DW$5, DW_AT_external
      36              $C$DW$6 .dwtag  DW_TAG_formal_parameter
      37                      .dwattr $C$DW$6, DW_AT_type(*$C$DW$T$25)
      38              
      39              $C$DW$7 .dwtag  DW_TAG_formal_parameter
      40                      .dwattr $C$DW$7, DW_AT_type(*$C$DW$T$45)
      41              
      42              $C$DW$8 .dwtag  DW_TAG_formal_parameter
      43                      .dwattr $C$DW$8, DW_AT_type(*$C$DW$T$45)
      44              
      45                      .dwendtag $C$DW$5
      46              
      47              
      48              $C$DW$9 .dwtag  DW_TAG_subprogram
      49                      .dwattr $C$DW$9, DW_AT_name("FILTER_FO_setDenCoeffs")
      50                      .dwattr $C$DW$9, DW_AT_TI_symbol_name("_FILTER_FO_setDenCoeffs")
      51                      .dwattr $C$DW$9, DW_AT_declaration
      52                      .dwattr $C$DW$9, DW_AT_external
      53              $C$DW$10        .dwtag  DW_TAG_formal_parameter
      54                      .dwattr $C$DW$10, DW_AT_type(*$C$DW$T$25)
      55              
TMS320C2000 Assembler PC v18.1.2 Sun Jun 17 14:52:23 2018

Tools Copyright (c) 1996-2017 Texas Instruments Incorporated
C:\Users\haowp\AppData\Local\Temp\{E39FFD36-4446-47D0-A794-6BE46767ABB8} PAGE    2

      56              $C$DW$11        .dwtag  DW_TAG_formal_parameter
      57                      .dwattr $C$DW$11, DW_AT_type(*$C$DW$T$45)
      58              
      59                      .dwendtag $C$DW$9
      60              
      61              
      62              $C$DW$12        .dwtag  DW_TAG_subprogram
      63                      .dwattr $C$DW$12, DW_AT_name("FILTER_FO_setInitialConditions")
      64                      .dwattr $C$DW$12, DW_AT_TI_symbol_name("_FILTER_FO_setInitialConditions")
      65                      .dwattr $C$DW$12, DW_AT_declaration
      66                      .dwattr $C$DW$12, DW_AT_external
      67              $C$DW$13        .dwtag  DW_TAG_formal_parameter
      68                      .dwattr $C$DW$13, DW_AT_type(*$C$DW$T$25)
      69              
      70              $C$DW$14        .dwtag  DW_TAG_formal_parameter
      71                      .dwattr $C$DW$14, DW_AT_type(*$C$DW$T$45)
      72              
      73              $C$DW$15        .dwtag  DW_TAG_formal_parameter
      74                      .dwattr $C$DW$15, DW_AT_type(*$C$DW$T$45)
      75              
      76                      .dwendtag $C$DW$12
      77              
      78              
      79              $C$DW$16        .dwtag  DW_TAG_subprogram
      80                      .dwattr $C$DW$16, DW_AT_name("FILTER_FO_init")
      81                      .dwattr $C$DW$16, DW_AT_TI_symbol_name("_FILTER_FO_init")
      82                      .dwattr $C$DW$16, DW_AT_type(*$C$DW$T$25)
      83                      .dwattr $C$DW$16, DW_AT_declaration
      84                      .dwattr $C$DW$16, DW_AT_external
      85              $C$DW$17        .dwtag  DW_TAG_formal_parameter
      86                      .dwattr $C$DW$17, DW_AT_type(*$C$DW$T$3)
      87              
      88              $C$DW$18        .dwtag  DW_TAG_formal_parameter
      89                      .dwattr $C$DW$18, DW_AT_type(*$C$DW$T$29)
      90              
      91                      .dwendtag $C$DW$16
      92              
      93              ;       D:\ti\ccsv8\tools\compiler\ti-cgt-c2000_18.1.2.LTS\bin\opt2000.exe C:\\Users\\haowp\\AppData\\Local\\
      94              ;       D:\ti\ccsv8\tools\compiler\ti-cgt-c2000_18.1.2.LTS\bin\ac2000.exe -@C:\\Users\\haowp\\AppData\\Local\
      95 00000000               .sect   ".text"
      96                      .clink
      97                      .global _OFFSET_setOffset
      98              
      99              $C$DW$19        .dwtag  DW_TAG_subprogram
     100                      .dwattr $C$DW$19, DW_AT_name("OFFSET_setOffset")
     101                      .dwattr $C$DW$19, DW_AT_low_pc(_OFFSET_setOffset)
     102                      .dwattr $C$DW$19, DW_AT_high_pc(0x00)
     103                      .dwattr $C$DW$19, DW_AT_TI_symbol_name("_OFFSET_setOffset")
     104                      .dwattr $C$DW$19, DW_AT_external
     105                      .dwattr $C$DW$19, DW_AT_TI_begin_file("D:/ti/motorware/motorware_1_01_00_18/sw/modules/offset/src/32b
     106                      .dwattr $C$DW$19, DW_AT_TI_begin_line(0x71)
     107                      .dwattr $C$DW$19, DW_AT_TI_begin_column(0x06)
     108                      .dwattr $C$DW$19, DW_AT_TI_max_frame_size(-2)
     109                      .dwpsn  file "D:/ti/motorware/motorware_1_01_00_18/sw/modules/offset/src/32b/offset.c",line 114,colum
     110              
TMS320C2000 Assembler PC v18.1.2 Sun Jun 17 14:52:23 2018

Tools Copyright (c) 1996-2017 Texas Instruments Incorporated
C:\Users\haowp\AppData\Local\Temp\{E39FFD36-4446-47D0-A794-6BE46767ABB8} PAGE    3

     111                      .dwfde $C$DW$CIE, _OFFSET_setOffset
     112              $C$DW$20        .dwtag  DW_TAG_formal_parameter
     113                      .dwattr $C$DW$20, DW_AT_name("handle")
     114                      .dwattr $C$DW$20, DW_AT_TI_symbol_name("_handle")
     115                      .dwattr $C$DW$20, DW_AT_type(*$C$DW$T$36)
     116                      .dwattr $C$DW$20, DW_AT_location[DW_OP_reg12]
     117              
     118              $C$DW$21        .dwtag  DW_TAG_formal_parameter
     119                      .dwattr $C$DW$21, DW_AT_name("offsetValue")
     120                      .dwattr $C$DW$21, DW_AT_TI_symbol_name("_offsetValue")
     121                      .dwattr $C$DW$21, DW_AT_type(*$C$DW$T$21)
     122                      .dwattr $C$DW$21, DW_AT_location[DW_OP_reg0]
     123              
     124              
     125              ;***************************************************************
     126              ;* FNAME: _OFFSET_setOffset             FR SIZE:   0           *
     127              ;*                                                             *
     128              ;* FUNCTION ENVIRONMENT                                        *
     129              ;*                                                             *
     130              ;* FUNCTION PROPERTIES                                         *
     131              ;*                            0 Parameter,  0 Auto,  0 SOE     *
     132              ;***************************************************************
     133              
     134              _OFFSET_setOffset:
     135              ;* AR4   assigned to _handle
     136              $C$DW$22        .dwtag  DW_TAG_variable
     137                      .dwattr $C$DW$22, DW_AT_name("handle")
     138                      .dwattr $C$DW$22, DW_AT_TI_symbol_name("_handle")
     139                      .dwattr $C$DW$22, DW_AT_type(*$C$DW$T$37)
     140                      .dwattr $C$DW$22, DW_AT_location[DW_OP_reg12]
     141              
     142              ;* AL    assigned to _offsetValue
     143              $C$DW$23        .dwtag  DW_TAG_variable
     144                      .dwattr $C$DW$23, DW_AT_name("offsetValue")
     145                      .dwattr $C$DW$23, DW_AT_TI_symbol_name("_offsetValue")
     146                      .dwattr $C$DW$23, DW_AT_type(*$C$DW$T$45)
     147                      .dwattr $C$DW$23, DW_AT_location[DW_OP_reg0]
     148              
     149                      .dwcfi  cfa_offset, -2
     150                      .dwcfi  save_reg_to_mem, 26, 0
     151                      .dwpsn  file "D:/ti/motorware/motorware_1_01_00_18/sw/modules/offset/src/32b/offset.c",line 117,colum
     152 00000000 1EC4          MOVL      *+XAR4[0],ACC         ; [CPU_ALU] |117| 
     153              $C$DW$24        .dwtag  DW_TAG_TI_branch
     154                      .dwattr $C$DW$24, DW_AT_low_pc(0x00)
     155                      .dwattr $C$DW$24, DW_AT_TI_return
     156              
     157 00000001 0006          LRETR     ; [CPU_ALU] 
     158                      ; return occurs ; [] 
     159                      .dwattr $C$DW$19, DW_AT_TI_end_file("D:/ti/motorware/motorware_1_01_00_18/sw/modules/offset/src/32b/o
     160                      .dwattr $C$DW$19, DW_AT_TI_end_line(0x78)
     161                      .dwattr $C$DW$19, DW_AT_TI_end_column(0x01)
     162                      .dwendentry
     163                      .dwendtag $C$DW$19
     164              
     165 00000002               .sect   ".text"
TMS320C2000 Assembler PC v18.1.2 Sun Jun 17 14:52:23 2018

Tools Copyright (c) 1996-2017 Texas Instruments Incorporated
C:\Users\haowp\AppData\Local\Temp\{E39FFD36-4446-47D0-A794-6BE46767ABB8} PAGE    4

     166                      .clink
     167                      .global _OFFSET_setInitCond
     168              
     169              $C$DW$25        .dwtag  DW_TAG_subprogram
     170                      .dwattr $C$DW$25, DW_AT_name("OFFSET_setInitCond")
     171                      .dwattr $C$DW$25, DW_AT_low_pc(_OFFSET_setInitCond)
     172                      .dwattr $C$DW$25, DW_AT_high_pc(0x00)
     173                      .dwattr $C$DW$25, DW_AT_TI_symbol_name("_OFFSET_setInitCond")
     174                      .dwattr $C$DW$25, DW_AT_external
     175                      .dwattr $C$DW$25, DW_AT_TI_begin_file("D:/ti/motorware/motorware_1_01_00_18/sw/modules/offset/src/32b
     176                      .dwattr $C$DW$25, DW_AT_TI_begin_line(0x66)
     177                      .dwattr $C$DW$25, DW_AT_TI_begin_column(0x06)
     178                      .dwattr $C$DW$25, DW_AT_TI_max_frame_size(-8)
     179                      .dwpsn  file "D:/ti/motorware/motorware_1_01_00_18/sw/modules/offset/src/32b/offset.c",line 103,colum
     180              
     181                      .dwfde $C$DW$CIE, _OFFSET_setInitCond
     182              $C$DW$26        .dwtag  DW_TAG_formal_parameter
     183                      .dwattr $C$DW$26, DW_AT_name("handle")
     184                      .dwattr $C$DW$26, DW_AT_TI_symbol_name("_handle")
     185                      .dwattr $C$DW$26, DW_AT_type(*$C$DW$T$36)
     186                      .dwattr $C$DW$26, DW_AT_location[DW_OP_reg12]
     187              
     188              $C$DW$27        .dwtag  DW_TAG_formal_parameter
     189                      .dwattr $C$DW$27, DW_AT_name("initCond")
     190                      .dwattr $C$DW$27, DW_AT_TI_symbol_name("_initCond")
     191                      .dwattr $C$DW$27, DW_AT_type(*$C$DW$T$21)
     192                      .dwattr $C$DW$27, DW_AT_location[DW_OP_reg0]
     193              
     194              
     195              ;***************************************************************
     196              ;* FNAME: _OFFSET_setInitCond           FR SIZE:   6           *
     197              ;*                                                             *
     198              ;* FUNCTION ENVIRONMENT                                        *
     199              ;*                                                             *
     200              ;* FUNCTION PROPERTIES                                         *
     201              ;*                            2 Parameter,  0 Auto,  4 SOE     *
     202              ;***************************************************************
     203              
     204              _OFFSET_setInitCond:
     205              ;* AR2   assigned to _handle
     206              $C$DW$28        .dwtag  DW_TAG_variable
     207                      .dwattr $C$DW$28, DW_AT_name("handle")
     208                      .dwattr $C$DW$28, DW_AT_TI_symbol_name("_handle")
     209                      .dwattr $C$DW$28, DW_AT_type(*$C$DW$T$37)
     210                      .dwattr $C$DW$28, DW_AT_location[DW_OP_reg8]
     211              
     212              ;* AR1   assigned to _initCond
     213              $C$DW$29        .dwtag  DW_TAG_variable
     214                      .dwattr $C$DW$29, DW_AT_name("initCond")
     215                      .dwattr $C$DW$29, DW_AT_TI_symbol_name("_initCond")
     216                      .dwattr $C$DW$29, DW_AT_type(*$C$DW$T$45)
     217                      .dwattr $C$DW$29, DW_AT_location[DW_OP_reg6]
     218              
     219                      .dwcfi  cfa_offset, -2
     220                      .dwcfi  save_reg_to_mem, 26, 0
TMS320C2000 Assembler PC v18.1.2 Sun Jun 17 14:52:23 2018

Tools Copyright (c) 1996-2017 Texas Instruments Incorporated
C:\Users\haowp\AppData\Local\Temp\{E39FFD36-4446-47D0-A794-6BE46767ABB8} PAGE    5

     221 00000002 B2BD          MOVL      *SP++,XAR1            ; [CPU_ALU] 
     222                      .dwcfi  save_reg_to_mem, 7, 2
     223                      .dwcfi  cfa_offset, -4
     224 00000003 AABD          MOVL      *SP++,XAR2            ; [CPU_ALU] 
     225                      .dwcfi  save_reg_to_mem, 9, 4
     226                      .dwcfi  cfa_offset, -6
     227 00000004 FE02          ADDB      SP,#2                 ; [CPU_ARAU] 
     228                      .dwcfi  cfa_offset, -8
     229 00000005 86A4          MOVL      XAR2,XAR4             ; [CPU_ALU] |103| 
     230                      .dwpsn  file "D:/ti/motorware/motorware_1_01_00_18/sw/modules/offset/src/32b/offset.c",line 106,colum
     231 00000006 D00E          MOVB      XAR0,#14              ; [CPU_ALU] |106| 
     232                      .dwpsn  file "D:/ti/motorware/motorware_1_01_00_18/sw/modules/offset/src/32b/offset.c",line 103,colum
     233 00000007 8BA9          MOVL      XAR1,ACC              ; [CPU_ALU] |103| 
     234                      .dwpsn  file "D:/ti/motorware/motorware_1_01_00_18/sw/modules/offset/src/32b/offset.c",line 106,colum
     235 00000008 1E42          MOVL      *-SP[2],ACC           ; [CPU_ALU] |106| 
     236 00000009 8A92          MOVL      XAR4,*+XAR2[AR0]      ; [CPU_ALU] |106| 
     237              $C$DW$30        .dwtag  DW_TAG_TI_branch
     238                      .dwattr $C$DW$30, DW_AT_low_pc(0x00)
     239                      .dwattr $C$DW$30, DW_AT_name("_FILTER_FO_setInitialConditions")
     240                      .dwattr $C$DW$30, DW_AT_TI_call
     241              
     242 0000000a 7640!         LCR       #_FILTER_FO_setInitialConditions ; [CPU_ALU] |106| 
         0000000b 0000 
     243                      ; call occurs [#_FILTER_FO_setInitialConditions] ; [] |106| 
     244 0000000c FE82          SUBB      SP,#2                 ; [CPU_ARAU] 
     245                      .dwcfi  cfa_offset, -6
     246                      .dwpsn  file "D:/ti/motorware/motorware_1_01_00_18/sw/modules/offset/src/32b/offset.c",line 107,colum
     247 0000000d B2C2          MOVL      *+XAR2[0],XAR1        ; [CPU_ALU] |107| 
     248 0000000e 86BE          MOVL      XAR2,*--SP            ; [CPU_ALU] 
     249                      .dwcfi  cfa_offset, -4
     250                      .dwcfi  restore_reg, 9
     251 0000000f 8BBE          MOVL      XAR1,*--SP            ; [CPU_ALU] 
     252                      .dwcfi  cfa_offset, -2
     253                      .dwcfi  restore_reg, 7
     254              $C$DW$31        .dwtag  DW_TAG_TI_branch
     255                      .dwattr $C$DW$31, DW_AT_low_pc(0x00)
     256                      .dwattr $C$DW$31, DW_AT_TI_return
     257              
     258 00000010 0006          LRETR     ; [CPU_ALU] 
     259                      ; return occurs ; [] 
     260                      .dwattr $C$DW$25, DW_AT_TI_end_file("D:/ti/motorware/motorware_1_01_00_18/sw/modules/offset/src/32b/o
     261                      .dwattr $C$DW$25, DW_AT_TI_end_line(0x6e)
     262                      .dwattr $C$DW$25, DW_AT_TI_end_column(0x01)
     263                      .dwendentry
     264                      .dwendtag $C$DW$25
     265              
     266 00000011               .sect   ".text"
     267                      .clink
     268                      .global _OFFSET_setBeta
     269              
     270              $C$DW$32        .dwtag  DW_TAG_subprogram
     271                      .dwattr $C$DW$32, DW_AT_name("OFFSET_setBeta")
     272                      .dwattr $C$DW$32, DW_AT_low_pc(_OFFSET_setBeta)
     273                      .dwattr $C$DW$32, DW_AT_high_pc(0x00)
     274                      .dwattr $C$DW$32, DW_AT_TI_symbol_name("_OFFSET_setBeta")
TMS320C2000 Assembler PC v18.1.2 Sun Jun 17 14:52:23 2018

Tools Copyright (c) 1996-2017 Texas Instruments Incorporated
C:\Users\haowp\AppData\Local\Temp\{E39FFD36-4446-47D0-A794-6BE46767ABB8} PAGE    6

     275                      .dwattr $C$DW$32, DW_AT_external
     276                      .dwattr $C$DW$32, DW_AT_TI_begin_file("D:/ti/motorware/motorware_1_01_00_18/sw/modules/offset/src/32b
     277                      .dwattr $C$DW$32, DW_AT_TI_begin_line(0x58)
     278                      .dwattr $C$DW$32, DW_AT_TI_begin_column(0x06)
     279                      .dwattr $C$DW$32, DW_AT_TI_max_frame_size(-8)
     280                      .dwpsn  file "D:/ti/motorware/motorware_1_01_00_18/sw/modules/offset/src/32b/offset.c",line 89,column
     281              
     282                      .dwfde $C$DW$CIE, _OFFSET_setBeta
     283              $C$DW$33        .dwtag  DW_TAG_formal_parameter
     284                      .dwattr $C$DW$33, DW_AT_name("handle")
     285                      .dwattr $C$DW$33, DW_AT_TI_symbol_name("_handle")
     286                      .dwattr $C$DW$33, DW_AT_type(*$C$DW$T$36)
     287                      .dwattr $C$DW$33, DW_AT_location[DW_OP_reg12]
     288              
     289              $C$DW$34        .dwtag  DW_TAG_formal_parameter
     290                      .dwattr $C$DW$34, DW_AT_name("beta")
     291                      .dwattr $C$DW$34, DW_AT_TI_symbol_name("_beta")
     292                      .dwattr $C$DW$34, DW_AT_type(*$C$DW$T$21)
     293                      .dwattr $C$DW$34, DW_AT_location[DW_OP_reg0]
     294              
     295              
     296              ;***************************************************************
     297              ;* FNAME: _OFFSET_setBeta               FR SIZE:   6           *
     298              ;*                                                             *
     299              ;* FUNCTION ENVIRONMENT                                        *
     300              ;*                                                             *
     301              ;* FUNCTION PROPERTIES                                         *
     302              ;*                            2 Parameter,  0 Auto,  4 SOE     *
     303              ;***************************************************************
     304              
     305              _OFFSET_setBeta:
     306              ;* AR1   assigned to _handle
     307              $C$DW$35        .dwtag  DW_TAG_variable
     308                      .dwattr $C$DW$35, DW_AT_name("handle")
     309                      .dwattr $C$DW$35, DW_AT_TI_symbol_name("_handle")
     310                      .dwattr $C$DW$35, DW_AT_type(*$C$DW$T$37)
     311                      .dwattr $C$DW$35, DW_AT_location[DW_OP_reg6]
     312              
     313              ;* AR2   assigned to _beta
     314              $C$DW$36        .dwtag  DW_TAG_variable
     315                      .dwattr $C$DW$36, DW_AT_name("beta")
     316                      .dwattr $C$DW$36, DW_AT_TI_symbol_name("_beta")
     317                      .dwattr $C$DW$36, DW_AT_type(*$C$DW$T$45)
     318                      .dwattr $C$DW$36, DW_AT_location[DW_OP_reg8]
     319              
     320                      .dwcfi  cfa_offset, -2
     321                      .dwcfi  save_reg_to_mem, 26, 0
     322 00000011 B2BD          MOVL      *SP++,XAR1            ; [CPU_ALU] 
     323                      .dwcfi  save_reg_to_mem, 7, 2
     324                      .dwcfi  cfa_offset, -4
     325 00000012 AABD          MOVL      *SP++,XAR2            ; [CPU_ALU] 
     326                      .dwcfi  save_reg_to_mem, 9, 4
     327                      .dwcfi  cfa_offset, -6
     328 00000013 FE02          ADDB      SP,#2                 ; [CPU_ARAU] 
     329                      .dwcfi  cfa_offset, -8
TMS320C2000 Assembler PC v18.1.2 Sun Jun 17 14:52:23 2018

Tools Copyright (c) 1996-2017 Texas Instruments Incorporated
C:\Users\haowp\AppData\Local\Temp\{E39FFD36-4446-47D0-A794-6BE46767ABB8} PAGE    7

     330 00000014 8BA4          MOVL      XAR1,XAR4             ; [CPU_ALU] |89| 
     331                      .dwpsn  file "D:/ti/motorware/motorware_1_01_00_18/sw/modules/offset/src/32b/offset.c",line 95,column
     332 00000015 D00E          MOVB      XAR0,#14              ; [CPU_ALU] |95| 
     333                      .dwpsn  file "D:/ti/motorware/motorware_1_01_00_18/sw/modules/offset/src/32b/offset.c",line 89,column
     334 00000016 86A9          MOVL      XAR2,ACC              ; [CPU_ALU] |89| 
     335                      .dwpsn  file "D:/ti/motorware/motorware_1_01_00_18/sw/modules/offset/src/32b/offset.c",line 95,column
     336 00000017 FF0F          SUB       ACC,#512 << 15        ; [CPU_ALU] |95| 
         00000018 0200 
     337 00000019 8A91          MOVL      XAR4,*+XAR1[AR0]      ; [CPU_ALU] |95| 
     338              $C$DW$37        .dwtag  DW_TAG_TI_branch
     339                      .dwattr $C$DW$37, DW_AT_low_pc(0x00)
     340                      .dwattr $C$DW$37, DW_AT_name("_FILTER_FO_setDenCoeffs")
     341                      .dwattr $C$DW$37, DW_AT_TI_call
     342              
     343 0000001a 7640!         LCR       #_FILTER_FO_setDenCoeffs ; [CPU_ALU] |95| 
         0000001b 0000 
     344                      ; call occurs [#_FILTER_FO_setDenCoeffs] ; [] |95| 
     345                      .dwpsn  file "D:/ti/motorware/motorware_1_01_00_18/sw/modules/offset/src/32b/offset.c",line 96,column
     346 0000001c 0200          MOVB      ACC,#0                ; [CPU_ALU] |96| 
     347 0000001d D00E          MOVB      XAR0,#14              ; [CPU_ALU] |96| 
     348 0000001e 1E42          MOVL      *-SP[2],ACC           ; [CPU_ALU] |96| 
     349 0000001f AAA9          MOVL      ACC,XAR2              ; [CPU_ALU] |96| 
     350 00000020 8A91          MOVL      XAR4,*+XAR1[AR0]      ; [CPU_ALU] |96| 
     351              $C$DW$38        .dwtag  DW_TAG_TI_branch
     352                      .dwattr $C$DW$38, DW_AT_low_pc(0x00)
     353                      .dwattr $C$DW$38, DW_AT_name("_FILTER_FO_setNumCoeffs")
     354                      .dwattr $C$DW$38, DW_AT_TI_call
     355              
     356 00000021 7640!         LCR       #_FILTER_FO_setNumCoeffs ; [CPU_ALU] |96| 
         00000022 0000 
     357                      ; call occurs [#_FILTER_FO_setNumCoeffs] ; [] |96| 
     358 00000023 FE82          SUBB      SP,#2                 ; [CPU_ARAU] 
     359                      .dwcfi  cfa_offset, -6
     360 00000024 86BE          MOVL      XAR2,*--SP            ; [CPU_ALU] 
     361                      .dwcfi  cfa_offset, -4
     362                      .dwcfi  restore_reg, 9
     363 00000025 8BBE          MOVL      XAR1,*--SP            ; [CPU_ALU] 
     364                      .dwcfi  cfa_offset, -2
     365                      .dwcfi  restore_reg, 7
     366              $C$DW$39        .dwtag  DW_TAG_TI_branch
     367                      .dwattr $C$DW$39, DW_AT_low_pc(0x00)
     368                      .dwattr $C$DW$39, DW_AT_TI_return
     369              
     370 00000026 0006          LRETR     ; [CPU_ALU] 
     371                      ; return occurs ; [] 
     372                      .dwattr $C$DW$32, DW_AT_TI_end_file("D:/ti/motorware/motorware_1_01_00_18/sw/modules/offset/src/32b/o
     373                      .dwattr $C$DW$32, DW_AT_TI_end_line(0x63)
     374                      .dwattr $C$DW$32, DW_AT_TI_end_column(0x01)
     375                      .dwendentry
     376                      .dwendtag $C$DW$32
     377              
     378 00000027               .sect   ".text"
     379                      .clink
     380                      .global _OFFSET_init
     381              
TMS320C2000 Assembler PC v18.1.2 Sun Jun 17 14:52:23 2018

Tools Copyright (c) 1996-2017 Texas Instruments Incorporated
C:\Users\haowp\AppData\Local\Temp\{E39FFD36-4446-47D0-A794-6BE46767ABB8} PAGE    8

     382              $C$DW$40        .dwtag  DW_TAG_subprogram
     383                      .dwattr $C$DW$40, DW_AT_name("OFFSET_init")
     384                      .dwattr $C$DW$40, DW_AT_low_pc(_OFFSET_init)
     385                      .dwattr $C$DW$40, DW_AT_high_pc(0x00)
     386                      .dwattr $C$DW$40, DW_AT_TI_symbol_name("_OFFSET_init")
     387                      .dwattr $C$DW$40, DW_AT_external
     388                      .dwattr $C$DW$40, DW_AT_type(*$C$DW$T$36)
     389                      .dwattr $C$DW$40, DW_AT_TI_begin_file("D:/ti/motorware/motorware_1_01_00_18/sw/modules/offset/src/32b
     390                      .dwattr $C$DW$40, DW_AT_TI_begin_line(0x46)
     391                      .dwattr $C$DW$40, DW_AT_TI_begin_column(0x0f)
     392                      .dwattr $C$DW$40, DW_AT_TI_max_frame_size(-4)
     393                      .dwpsn  file "D:/ti/motorware/motorware_1_01_00_18/sw/modules/offset/src/32b/offset.c",line 71,column
     394              
     395                      .dwfde $C$DW$CIE, _OFFSET_init
     396              $C$DW$41        .dwtag  DW_TAG_formal_parameter
     397                      .dwattr $C$DW$41, DW_AT_name("pMemory")
     398                      .dwattr $C$DW$41, DW_AT_TI_symbol_name("_pMemory")
     399                      .dwattr $C$DW$41, DW_AT_type(*$C$DW$T$3)
     400                      .dwattr $C$DW$41, DW_AT_location[DW_OP_reg12]
     401              
     402              $C$DW$42        .dwtag  DW_TAG_formal_parameter
     403                      .dwattr $C$DW$42, DW_AT_name("numBytes")
     404                      .dwattr $C$DW$42, DW_AT_TI_symbol_name("_numBytes")
     405                      .dwattr $C$DW$42, DW_AT_type(*$C$DW$T$28)
     406                      .dwattr $C$DW$42, DW_AT_location[DW_OP_reg0]
     407              
     408              
     409              ;***************************************************************
     410              ;* FNAME: _OFFSET_init                  FR SIZE:   2           *
     411              ;*                                                             *
     412              ;* FUNCTION ENVIRONMENT                                        *
     413              ;*                                                             *
     414              ;* FUNCTION PROPERTIES                                         *
     415              ;*                            0 Parameter,  0 Auto,  2 SOE     *
     416              ;***************************************************************
     417              
     418              _OFFSET_init:
     419              ;* AR1   assigned to _pMemory
     420              $C$DW$43        .dwtag  DW_TAG_variable
     421                      .dwattr $C$DW$43, DW_AT_name("pMemory")
     422                      .dwattr $C$DW$43, DW_AT_TI_symbol_name("_pMemory")
     423                      .dwattr $C$DW$43, DW_AT_type(*$C$DW$T$41)
     424                      .dwattr $C$DW$43, DW_AT_location[DW_OP_reg6]
     425              
     426              ;* AR6   assigned to _numBytes
     427              $C$DW$44        .dwtag  DW_TAG_variable
     428                      .dwattr $C$DW$44, DW_AT_name("numBytes")
     429                      .dwattr $C$DW$44, DW_AT_TI_symbol_name("_numBytes")
     430                      .dwattr $C$DW$44, DW_AT_type(*$C$DW$T$29)
     431                      .dwattr $C$DW$44, DW_AT_location[DW_OP_reg16]
     432              
     433                      .dwcfi  cfa_offset, -2
     434                      .dwcfi  save_reg_to_mem, 26, 0
     435 00000027 1EA6          MOVL      XAR6,ACC              ; [CPU_ALU] |71| 
     436 00000028 B2BD          MOVL      *SP++,XAR1            ; [CPU_ALU] 
TMS320C2000 Assembler PC v18.1.2 Sun Jun 17 14:52:23 2018

Tools Copyright (c) 1996-2017 Texas Instruments Incorporated
C:\Users\haowp\AppData\Local\Temp\{E39FFD36-4446-47D0-A794-6BE46767ABB8} PAGE    9

     437                      .dwcfi  save_reg_to_mem, 7, 2
     438                      .dwcfi  cfa_offset, -4
     439                      .dwpsn  file "D:/ti/motorware/motorware_1_01_00_18/sw/modules/offset/src/32b/offset.c",line 75,column
     440 00000029 0210          MOVB      ACC,#16               ; [CPU_ALU] |75| 
     441                      .dwpsn  file "D:/ti/motorware/motorware_1_01_00_18/sw/modules/offset/src/32b/offset.c",line 71,column
     442 0000002a 8BA4          MOVL      XAR1,XAR4             ; [CPU_ALU] |71| 
     443                      .dwpsn  file "D:/ti/motorware/motorware_1_01_00_18/sw/modules/offset/src/32b/offset.c",line 75,column
     444 0000002b 0FA6          CMPL      ACC,XAR6              ; [CPU_ALU] |75| 
     445 0000002c 6903          B         $C$L1,LOS             ; [CPU_ALU] |75| 
     446                      ; branchcc occurs ; [] |75| 
     447                      .dwpsn  file "D:/ti/motorware/motorware_1_01_00_18/sw/modules/offset/src/32b/offset.c",line 76,column
     448 0000002d D400          MOVB      XAR4,#0               ; [CPU_ALU] |76| 
     449 0000002e 6F08          B         $C$L2,UNC             ; [CPU_ALU] |76| 
     450                      ; branch occurs ; [] |76| 
     451 0000002f       $C$L1:    
     452                      .dwpsn  file "D:/ti/motorware/motorware_1_01_00_18/sw/modules/offset/src/32b/offset.c",line 82,column
     453 0000002f DC04          ADDB      XAR4,#4               ; [CPU_ALU] |82| 
     454 00000030 020A          MOVB      ACC,#10               ; [CPU_ALU] |82| 
     455              $C$DW$45        .dwtag  DW_TAG_TI_branch
     456                      .dwattr $C$DW$45, DW_AT_low_pc(0x00)
     457                      .dwattr $C$DW$45, DW_AT_name("_FILTER_FO_init")
     458                      .dwattr $C$DW$45, DW_AT_TI_call
     459              
     460 00000031 7640!         LCR       #_FILTER_FO_init      ; [CPU_ALU] |82| 
         00000032 0000 
     461                      ; call occurs [#_FILTER_FO_init] ; [] |82| 
     462 00000033 D00E          MOVB      XAR0,#14              ; [CPU_ALU] |82| 
     463 00000034 A891          MOVL      *+XAR1[AR0],XAR4      ; [CPU_ALU] |82| 
     464                      .dwpsn  file "D:/ti/motorware/motorware_1_01_00_18/sw/modules/offset/src/32b/offset.c",line 84,column
     465 00000035 8AA1          MOVL      XAR4,XAR1             ; [CPU_ALU] |84| 
     466 00000036       $C$L2:    
     467 00000036 8BBE          MOVL      XAR1,*--SP            ; [CPU_ALU] 
     468                      .dwcfi  cfa_offset, -2
     469                      .dwcfi  restore_reg, 7
     470              $C$DW$46        .dwtag  DW_TAG_TI_branch
     471                      .dwattr $C$DW$46, DW_AT_low_pc(0x00)
     472                      .dwattr $C$DW$46, DW_AT_TI_return
     473              
     474 00000037 0006          LRETR     ; [CPU_ALU] 
     475                      ; return occurs ; [] 
     476                      .dwattr $C$DW$40, DW_AT_TI_end_file("D:/ti/motorware/motorware_1_01_00_18/sw/modules/offset/src/32b/o
     477                      .dwattr $C$DW$40, DW_AT_TI_end_line(0x55)
     478                      .dwattr $C$DW$40, DW_AT_TI_end_column(0x01)
     479                      .dwendentry
     480                      .dwendtag $C$DW$40
     481              
     482 00000038               .sect   ".text"
     483                      .clink
     484                      .global _OFFSET_getBeta
     485              
     486              $C$DW$47        .dwtag  DW_TAG_subprogram
     487                      .dwattr $C$DW$47, DW_AT_name("OFFSET_getBeta")
     488                      .dwattr $C$DW$47, DW_AT_low_pc(_OFFSET_getBeta)
     489                      .dwattr $C$DW$47, DW_AT_high_pc(0x00)
     490                      .dwattr $C$DW$47, DW_AT_TI_symbol_name("_OFFSET_getBeta")
TMS320C2000 Assembler PC v18.1.2 Sun Jun 17 14:52:23 2018

Tools Copyright (c) 1996-2017 Texas Instruments Incorporated
C:\Users\haowp\AppData\Local\Temp\{E39FFD36-4446-47D0-A794-6BE46767ABB8} PAGE   10

     491                      .dwattr $C$DW$47, DW_AT_external
     492                      .dwattr $C$DW$47, DW_AT_type(*$C$DW$T$21)
     493                      .dwattr $C$DW$47, DW_AT_TI_begin_file("D:/ti/motorware/motorware_1_01_00_18/sw/modules/offset/src/32b
     494                      .dwattr $C$DW$47, DW_AT_TI_begin_line(0x3a)
     495                      .dwattr $C$DW$47, DW_AT_TI_begin_column(0x05)
     496                      .dwattr $C$DW$47, DW_AT_TI_max_frame_size(-8)
     497                      .dwpsn  file "D:/ti/motorware/motorware_1_01_00_18/sw/modules/offset/src/32b/offset.c",line 59,column
     498              
     499                      .dwfde $C$DW$CIE, _OFFSET_getBeta
     500              $C$DW$48        .dwtag  DW_TAG_formal_parameter
     501                      .dwattr $C$DW$48, DW_AT_name("handle")
     502                      .dwattr $C$DW$48, DW_AT_TI_symbol_name("_handle")
     503                      .dwattr $C$DW$48, DW_AT_type(*$C$DW$T$36)
     504                      .dwattr $C$DW$48, DW_AT_location[DW_OP_reg12]
     505              
     506              
     507              ;***************************************************************
     508              ;* FNAME: _OFFSET_getBeta               FR SIZE:   6           *
     509              ;*                                                             *
     510              ;* FUNCTION ENVIRONMENT                                        *
     511              ;*                                                             *
     512              ;* FUNCTION PROPERTIES                                         *
     513              ;*                            2 Parameter,  4 Auto,  0 SOE     *
     514              ;***************************************************************
     515              
     516              _OFFSET_getBeta:
     517              $C$DW$49        .dwtag  DW_TAG_variable
     518                      .dwattr $C$DW$49, DW_AT_name("b0")
     519                      .dwattr $C$DW$49, DW_AT_TI_symbol_name("_b0")
     520                      .dwattr $C$DW$49, DW_AT_type(*$C$DW$T$21)
     521                      .dwattr $C$DW$49, DW_AT_location[DW_OP_breg20 -4]
     522              
     523              $C$DW$50        .dwtag  DW_TAG_variable
     524                      .dwattr $C$DW$50, DW_AT_name("b1")
     525                      .dwattr $C$DW$50, DW_AT_TI_symbol_name("_b1")
     526                      .dwattr $C$DW$50, DW_AT_type(*$C$DW$T$21)
     527                      .dwattr $C$DW$50, DW_AT_location[DW_OP_breg20 -6]
     528              
     529              ;* AR4   assigned to _handle
     530              $C$DW$51        .dwtag  DW_TAG_variable
     531                      .dwattr $C$DW$51, DW_AT_name("handle")
     532                      .dwattr $C$DW$51, DW_AT_TI_symbol_name("_handle")
     533                      .dwattr $C$DW$51, DW_AT_type(*$C$DW$T$37)
     534                      .dwattr $C$DW$51, DW_AT_location[DW_OP_reg12]
     535              
     536                      .dwcfi  cfa_offset, -2
     537                      .dwcfi  save_reg_to_mem, 26, 0
     538 00000038 FE06          ADDB      SP,#6                 ; [CPU_ARAU] 
     539                      .dwcfi  cfa_offset, -8
     540                      .dwpsn  file "D:/ti/motorware/motorware_1_01_00_18/sw/modules/offset/src/32b/offset.c",line 64,column
     541 00000039 5DAD          MOVZ      AR5,SP                ; [CPU_ALU] |64| 
     542 0000003a DD86          SUBB      XAR5,#6               ; [CPU_ARAU] |64| 
     543 0000003b 0EA5          MOVU      ACC,AR5               ; [CPU_ALU] |64| 
     544 0000003c 5DAD          MOVZ      AR5,SP                ; [CPU_ALU] |64| 
     545 0000003d D00E          MOVB      XAR0,#14              ; [CPU_ALU] |64| 
TMS320C2000 Assembler PC v18.1.2 Sun Jun 17 14:52:23 2018

Tools Copyright (c) 1996-2017 Texas Instruments Incorporated
C:\Users\haowp\AppData\Local\Temp\{E39FFD36-4446-47D0-A794-6BE46767ABB8} PAGE   11

     546 0000003e 1E42          MOVL      *-SP[2],ACC           ; [CPU_ALU] |64| 
     547 0000003f 8A94          MOVL      XAR4,*+XAR4[AR0]      ; [CPU_ALU] |64| 
     548 00000040 DD84          SUBB      XAR5,#4               ; [CPU_ARAU] |64| 
     549 00000041 5DA5          MOVZ      AR5,AR5               ; [CPU_ALU] |64| 
     550              $C$DW$52        .dwtag  DW_TAG_TI_branch
     551                      .dwattr $C$DW$52, DW_AT_low_pc(0x00)
     552                      .dwattr $C$DW$52, DW_AT_name("_FILTER_FO_getNumCoeffs")
     553                      .dwattr $C$DW$52, DW_AT_TI_call
     554              
     555 00000042 7640!         LCR       #_FILTER_FO_getNumCoeffs ; [CPU_ALU] |64| 
         00000043 0000 
     556                      ; call occurs [#_FILTER_FO_getNumCoeffs] ; [] |64| 
     557                      .dwpsn  file "D:/ti/motorware/motorware_1_01_00_18/sw/modules/offset/src/32b/offset.c",line 66,column
     558 00000044 0644          MOVL      ACC,*-SP[4]           ; [CPU_ALU] |66| 
     559 00000045 FE86          SUBB      SP,#6                 ; [CPU_ARAU] 
     560                      .dwcfi  cfa_offset, -2
     561              $C$DW$53        .dwtag  DW_TAG_TI_branch
     562                      .dwattr $C$DW$53, DW_AT_low_pc(0x00)
     563                      .dwattr $C$DW$53, DW_AT_TI_return
     564              
     565 00000046 0006          LRETR     ; [CPU_ALU] 
     566                      ; return occurs ; [] 
     567                      .dwattr $C$DW$47, DW_AT_TI_end_file("D:/ti/motorware/motorware_1_01_00_18/sw/modules/offset/src/32b/o
     568                      .dwattr $C$DW$47, DW_AT_TI_end_line(0x43)
     569                      .dwattr $C$DW$47, DW_AT_TI_end_column(0x01)
     570                      .dwendentry
     571                      .dwendtag $C$DW$47
     572              
     573              ;**************************************************************
     574              ;* UNDEFINED EXTERNAL REFERENCES                              *
     575              ;**************************************************************
     576                      .global _FILTER_FO_getNumCoeffs
     577                      .global _FILTER_FO_setNumCoeffs
     578                      .global _FILTER_FO_setDenCoeffs
     579                      .global _FILTER_FO_setInitialConditions
     580                      .global _FILTER_FO_init
     581              
     582              ;***************************************************************
     583              ;* TYPE INFORMATION                                            *
     584              ;***************************************************************
     585              
     586              $C$DW$T$22      .dwtag  DW_TAG_structure_type
     587                      .dwattr $C$DW$T$22, DW_AT_name("_FILTER_FO_")
     588                      .dwattr $C$DW$T$22, DW_AT_byte_size(0x0a)
     589              $C$DW$54        .dwtag  DW_TAG_member
     590                      .dwattr $C$DW$54, DW_AT_type(*$C$DW$T$21)
     591                      .dwattr $C$DW$54, DW_AT_name("a1")
     592                      .dwattr $C$DW$54, DW_AT_TI_symbol_name("_a1")
     593                      .dwattr $C$DW$54, DW_AT_data_member_location[DW_OP_plus_uconst 0x0]
     594                      .dwattr $C$DW$54, DW_AT_accessibility(DW_ACCESS_public)
     595              
     596              $C$DW$55        .dwtag  DW_TAG_member
     597                      .dwattr $C$DW$55, DW_AT_type(*$C$DW$T$21)
     598                      .dwattr $C$DW$55, DW_AT_name("b0")
     599                      .dwattr $C$DW$55, DW_AT_TI_symbol_name("_b0")
TMS320C2000 Assembler PC v18.1.2 Sun Jun 17 14:52:23 2018

Tools Copyright (c) 1996-2017 Texas Instruments Incorporated
C:\Users\haowp\AppData\Local\Temp\{E39FFD36-4446-47D0-A794-6BE46767ABB8} PAGE   12

     600                      .dwattr $C$DW$55, DW_AT_data_member_location[DW_OP_plus_uconst 0x2]
     601                      .dwattr $C$DW$55, DW_AT_accessibility(DW_ACCESS_public)
     602              
     603              $C$DW$56        .dwtag  DW_TAG_member
     604                      .dwattr $C$DW$56, DW_AT_type(*$C$DW$T$21)
     605                      .dwattr $C$DW$56, DW_AT_name("b1")
     606                      .dwattr $C$DW$56, DW_AT_TI_symbol_name("_b1")
     607                      .dwattr $C$DW$56, DW_AT_data_member_location[DW_OP_plus_uconst 0x4]
     608                      .dwattr $C$DW$56, DW_AT_accessibility(DW_ACCESS_public)
     609              
     610              $C$DW$57        .dwtag  DW_TAG_member
     611                      .dwattr $C$DW$57, DW_AT_type(*$C$DW$T$21)
     612                      .dwattr $C$DW$57, DW_AT_name("x1")
     613                      .dwattr $C$DW$57, DW_AT_TI_symbol_name("_x1")
     614                      .dwattr $C$DW$57, DW_AT_data_member_location[DW_OP_plus_uconst 0x6]
     615                      .dwattr $C$DW$57, DW_AT_accessibility(DW_ACCESS_public)
     616              
     617              $C$DW$58        .dwtag  DW_TAG_member
     618                      .dwattr $C$DW$58, DW_AT_type(*$C$DW$T$21)
     619                      .dwattr $C$DW$58, DW_AT_name("y1")
     620                      .dwattr $C$DW$58, DW_AT_TI_symbol_name("_y1")
     621                      .dwattr $C$DW$58, DW_AT_data_member_location[DW_OP_plus_uconst 0x8]
     622                      .dwattr $C$DW$58, DW_AT_accessibility(DW_ACCESS_public)
     623              
     624                      .dwendtag $C$DW$T$22
     625              
     626              $C$DW$T$23      .dwtag  DW_TAG_typedef
     627                      .dwattr $C$DW$T$23, DW_AT_name("FILTER_FO_Obj")
     628                      .dwattr $C$DW$T$23, DW_AT_type(*$C$DW$T$22)
     629                      .dwattr $C$DW$T$23, DW_AT_language(DW_LANG_C)
     630              
     631              
     632              $C$DW$T$19      .dwtag  DW_TAG_structure_type
     633                      .dwattr $C$DW$T$19, DW_AT_name("_FILTER_FO_Obj_")
     634                      .dwattr $C$DW$T$19, DW_AT_declaration
     635                      .dwendtag $C$DW$T$19
     636              
     637              $C$DW$T$24      .dwtag  DW_TAG_pointer_type
     638                      .dwattr $C$DW$T$24, DW_AT_type(*$C$DW$T$19)
     639                      .dwattr $C$DW$T$24, DW_AT_address_class(0x20)
     640              
     641              $C$DW$T$25      .dwtag  DW_TAG_typedef
     642                      .dwattr $C$DW$T$25, DW_AT_name("FILTER_FO_Handle")
     643                      .dwattr $C$DW$T$25, DW_AT_type(*$C$DW$T$24)
     644                      .dwattr $C$DW$T$25, DW_AT_language(DW_LANG_C)
     645              
     646              
     647              $C$DW$T$26      .dwtag  DW_TAG_structure_type
     648                      .dwattr $C$DW$T$26, DW_AT_name("_OFFSET_")
     649                      .dwattr $C$DW$T$26, DW_AT_byte_size(0x10)
     650              $C$DW$59        .dwtag  DW_TAG_member
     651                      .dwattr $C$DW$59, DW_AT_type(*$C$DW$T$21)
     652                      .dwattr $C$DW$59, DW_AT_name("value")
     653                      .dwattr $C$DW$59, DW_AT_TI_symbol_name("_value")
     654                      .dwattr $C$DW$59, DW_AT_data_member_location[DW_OP_plus_uconst 0x0]
TMS320C2000 Assembler PC v18.1.2 Sun Jun 17 14:52:23 2018

Tools Copyright (c) 1996-2017 Texas Instruments Incorporated
C:\Users\haowp\AppData\Local\Temp\{E39FFD36-4446-47D0-A794-6BE46767ABB8} PAGE   13

     655                      .dwattr $C$DW$59, DW_AT_accessibility(DW_ACCESS_public)
     656              
     657              $C$DW$60        .dwtag  DW_TAG_member
     658                      .dwattr $C$DW$60, DW_AT_type(*$C$DW$T$21)
     659                      .dwattr $C$DW$60, DW_AT_name("bias")
     660                      .dwattr $C$DW$60, DW_AT_TI_symbol_name("_bias")
     661                      .dwattr $C$DW$60, DW_AT_data_member_location[DW_OP_plus_uconst 0x2]
     662                      .dwattr $C$DW$60, DW_AT_accessibility(DW_ACCESS_public)
     663              
     664              $C$DW$61        .dwtag  DW_TAG_member
     665                      .dwattr $C$DW$61, DW_AT_type(*$C$DW$T$23)
     666                      .dwattr $C$DW$61, DW_AT_name("filter")
     667                      .dwattr $C$DW$61, DW_AT_TI_symbol_name("_filter")
     668                      .dwattr $C$DW$61, DW_AT_data_member_location[DW_OP_plus_uconst 0x4]
     669                      .dwattr $C$DW$61, DW_AT_accessibility(DW_ACCESS_public)
     670              
     671              $C$DW$62        .dwtag  DW_TAG_member
     672                      .dwattr $C$DW$62, DW_AT_type(*$C$DW$T$25)
     673                      .dwattr $C$DW$62, DW_AT_name("filterHandle")
     674                      .dwattr $C$DW$62, DW_AT_TI_symbol_name("_filterHandle")
     675                      .dwattr $C$DW$62, DW_AT_data_member_location[DW_OP_plus_uconst 0xe]
     676                      .dwattr $C$DW$62, DW_AT_accessibility(DW_ACCESS_public)
     677              
     678                      .dwendtag $C$DW$T$26
     679              
     680              $C$DW$T$33      .dwtag  DW_TAG_typedef
     681                      .dwattr $C$DW$T$33, DW_AT_name("OFFSET_Obj")
     682                      .dwattr $C$DW$T$33, DW_AT_type(*$C$DW$T$26)
     683                      .dwattr $C$DW$T$33, DW_AT_language(DW_LANG_C)
     684              
     685              
     686              $C$DW$T$20      .dwtag  DW_TAG_structure_type
     687                      .dwattr $C$DW$T$20, DW_AT_name("_OFFSET_Obj_")
     688                      .dwattr $C$DW$T$20, DW_AT_declaration
     689                      .dwendtag $C$DW$T$20
     690              
     691              $C$DW$T$35      .dwtag  DW_TAG_pointer_type
     692                      .dwattr $C$DW$T$35, DW_AT_type(*$C$DW$T$20)
     693                      .dwattr $C$DW$T$35, DW_AT_address_class(0x20)
     694              
     695              $C$DW$T$36      .dwtag  DW_TAG_typedef
     696                      .dwattr $C$DW$T$36, DW_AT_name("OFFSET_Handle")
     697                      .dwattr $C$DW$T$36, DW_AT_type(*$C$DW$T$35)
     698                      .dwattr $C$DW$T$36, DW_AT_language(DW_LANG_C)
     699              
     700              $C$DW$63        .dwtag  DW_TAG_TI_far_type
     701                      .dwattr $C$DW$63, DW_AT_type(*$C$DW$T$36)
     702              
     703              $C$DW$T$37      .dwtag  DW_TAG_const_type
     704                      .dwattr $C$DW$T$37, DW_AT_type(*$C$DW$63)
     705              
     706              $C$DW$T$2       .dwtag  DW_TAG_unspecified_type
     707                      .dwattr $C$DW$T$2, DW_AT_name("void")
     708              
     709              $C$DW$T$3       .dwtag  DW_TAG_pointer_type
TMS320C2000 Assembler PC v18.1.2 Sun Jun 17 14:52:23 2018

Tools Copyright (c) 1996-2017 Texas Instruments Incorporated
C:\Users\haowp\AppData\Local\Temp\{E39FFD36-4446-47D0-A794-6BE46767ABB8} PAGE   14

     710                      .dwattr $C$DW$T$3, DW_AT_type(*$C$DW$T$2)
     711                      .dwattr $C$DW$T$3, DW_AT_address_class(0x20)
     712              
     713              $C$DW$64        .dwtag  DW_TAG_TI_far_type
     714                      .dwattr $C$DW$64, DW_AT_type(*$C$DW$T$3)
     715              
     716              $C$DW$T$41      .dwtag  DW_TAG_const_type
     717                      .dwattr $C$DW$T$41, DW_AT_type(*$C$DW$64)
     718              
     719              $C$DW$T$4       .dwtag  DW_TAG_base_type
     720                      .dwattr $C$DW$T$4, DW_AT_encoding(DW_ATE_boolean)
     721                      .dwattr $C$DW$T$4, DW_AT_name("bool")
     722                      .dwattr $C$DW$T$4, DW_AT_byte_size(0x01)
     723              
     724              $C$DW$T$5       .dwtag  DW_TAG_base_type
     725                      .dwattr $C$DW$T$5, DW_AT_encoding(DW_ATE_signed_char)
     726                      .dwattr $C$DW$T$5, DW_AT_name("signed char")
     727                      .dwattr $C$DW$T$5, DW_AT_byte_size(0x01)
     728              
     729              $C$DW$T$6       .dwtag  DW_TAG_base_type
     730                      .dwattr $C$DW$T$6, DW_AT_encoding(DW_ATE_unsigned_char)
     731                      .dwattr $C$DW$T$6, DW_AT_name("unsigned char")
     732                      .dwattr $C$DW$T$6, DW_AT_byte_size(0x01)
     733              
     734              $C$DW$T$7       .dwtag  DW_TAG_base_type
     735                      .dwattr $C$DW$T$7, DW_AT_encoding(DW_ATE_signed_char)
     736                      .dwattr $C$DW$T$7, DW_AT_name("wchar_t")
     737                      .dwattr $C$DW$T$7, DW_AT_byte_size(0x01)
     738              
     739              $C$DW$T$8       .dwtag  DW_TAG_base_type
     740                      .dwattr $C$DW$T$8, DW_AT_encoding(DW_ATE_signed)
     741                      .dwattr $C$DW$T$8, DW_AT_name("short")
     742                      .dwattr $C$DW$T$8, DW_AT_byte_size(0x01)
     743              
     744              $C$DW$T$9       .dwtag  DW_TAG_base_type
     745                      .dwattr $C$DW$T$9, DW_AT_encoding(DW_ATE_unsigned)
     746                      .dwattr $C$DW$T$9, DW_AT_name("unsigned short")
     747                      .dwattr $C$DW$T$9, DW_AT_byte_size(0x01)
     748              
     749              $C$DW$T$10      .dwtag  DW_TAG_base_type
     750                      .dwattr $C$DW$T$10, DW_AT_encoding(DW_ATE_signed)
     751                      .dwattr $C$DW$T$10, DW_AT_name("int")
     752                      .dwattr $C$DW$T$10, DW_AT_byte_size(0x01)
     753              
     754              $C$DW$T$11      .dwtag  DW_TAG_base_type
     755                      .dwattr $C$DW$T$11, DW_AT_encoding(DW_ATE_unsigned)
     756                      .dwattr $C$DW$T$11, DW_AT_name("unsigned int")
     757                      .dwattr $C$DW$T$11, DW_AT_byte_size(0x01)
     758              
     759              $C$DW$T$12      .dwtag  DW_TAG_base_type
     760                      .dwattr $C$DW$T$12, DW_AT_encoding(DW_ATE_signed)
     761                      .dwattr $C$DW$T$12, DW_AT_name("long")
     762                      .dwattr $C$DW$T$12, DW_AT_byte_size(0x02)
     763              
     764              $C$DW$T$21      .dwtag  DW_TAG_typedef
TMS320C2000 Assembler PC v18.1.2 Sun Jun 17 14:52:23 2018

Tools Copyright (c) 1996-2017 Texas Instruments Incorporated
C:\Users\haowp\AppData\Local\Temp\{E39FFD36-4446-47D0-A794-6BE46767ABB8} PAGE   15

     765                      .dwattr $C$DW$T$21, DW_AT_name("_iq")
     766                      .dwattr $C$DW$T$21, DW_AT_type(*$C$DW$T$12)
     767                      .dwattr $C$DW$T$21, DW_AT_language(DW_LANG_C)
     768              
     769              $C$DW$T$42      .dwtag  DW_TAG_pointer_type
     770                      .dwattr $C$DW$T$42, DW_AT_type(*$C$DW$T$21)
     771                      .dwattr $C$DW$T$42, DW_AT_address_class(0x20)
     772              
     773              $C$DW$65        .dwtag  DW_TAG_TI_far_type
     774                      .dwattr $C$DW$65, DW_AT_type(*$C$DW$T$21)
     775              
     776              $C$DW$T$45      .dwtag  DW_TAG_const_type
     777                      .dwattr $C$DW$T$45, DW_AT_type(*$C$DW$65)
     778              
     779              $C$DW$T$13      .dwtag  DW_TAG_base_type
     780                      .dwattr $C$DW$T$13, DW_AT_encoding(DW_ATE_unsigned)
     781                      .dwattr $C$DW$T$13, DW_AT_name("unsigned long")
     782                      .dwattr $C$DW$T$13, DW_AT_byte_size(0x02)
     783              
     784              $C$DW$T$28      .dwtag  DW_TAG_typedef
     785                      .dwattr $C$DW$T$28, DW_AT_name("size_t")
     786                      .dwattr $C$DW$T$28, DW_AT_type(*$C$DW$T$13)
     787                      .dwattr $C$DW$T$28, DW_AT_language(DW_LANG_C)
     788              
     789              $C$DW$66        .dwtag  DW_TAG_TI_far_type
     790                      .dwattr $C$DW$66, DW_AT_type(*$C$DW$T$28)
     791              
     792              $C$DW$T$29      .dwtag  DW_TAG_const_type
     793                      .dwattr $C$DW$T$29, DW_AT_type(*$C$DW$66)
     794              
     795              $C$DW$T$14      .dwtag  DW_TAG_base_type
     796                      .dwattr $C$DW$T$14, DW_AT_encoding(DW_ATE_signed)
     797                      .dwattr $C$DW$T$14, DW_AT_name("long long")
     798                      .dwattr $C$DW$T$14, DW_AT_byte_size(0x04)
     799              
     800              $C$DW$T$15      .dwtag  DW_TAG_base_type
     801                      .dwattr $C$DW$T$15, DW_AT_encoding(DW_ATE_unsigned)
     802                      .dwattr $C$DW$T$15, DW_AT_name("unsigned long long")
     803                      .dwattr $C$DW$T$15, DW_AT_byte_size(0x04)
     804              
     805              $C$DW$T$16      .dwtag  DW_TAG_base_type
     806                      .dwattr $C$DW$T$16, DW_AT_encoding(DW_ATE_float)
     807                      .dwattr $C$DW$T$16, DW_AT_name("float")
     808                      .dwattr $C$DW$T$16, DW_AT_byte_size(0x02)
     809              
     810              $C$DW$T$17      .dwtag  DW_TAG_base_type
     811                      .dwattr $C$DW$T$17, DW_AT_encoding(DW_ATE_float)
     812                      .dwattr $C$DW$T$17, DW_AT_name("double")
     813                      .dwattr $C$DW$T$17, DW_AT_byte_size(0x02)
     814              
     815              $C$DW$T$18      .dwtag  DW_TAG_base_type
     816                      .dwattr $C$DW$T$18, DW_AT_encoding(DW_ATE_float)
     817                      .dwattr $C$DW$T$18, DW_AT_name("long double")
     818                      .dwattr $C$DW$T$18, DW_AT_byte_size(0x04)
     819              
TMS320C2000 Assembler PC v18.1.2 Sun Jun 17 14:52:23 2018

Tools Copyright (c) 1996-2017 Texas Instruments Incorporated
C:\Users\haowp\AppData\Local\Temp\{E39FFD36-4446-47D0-A794-6BE46767ABB8} PAGE   16

     820                      .dwattr $C$DW$CU, DW_AT_language(DW_LANG_C)
     821              
     822              ;***************************************************************
     823              ;* DWARF CIE ENTRIES                                           *
     824              ;***************************************************************
     825              
     826              $C$DW$CIE       .dwcie 26
     827                      .dwcfi  cfa_register, 20
     828                      .dwcfi  cfa_offset, 0
     829                      .dwcfi  same_value, 28
     830                      .dwcfi  same_value, 6
     831                      .dwcfi  same_value, 7
     832                      .dwcfi  same_value, 8
     833                      .dwcfi  same_value, 9
     834                      .dwcfi  same_value, 10
     835                      .dwcfi  same_value, 11
     836                      .dwendentry
     837              
     838              ;***************************************************************
     839              ;* DWARF REGISTER MAP                                          *
     840              ;***************************************************************
     841              
     842              $C$DW$67        .dwtag  DW_TAG_TI_assign_register
     843                      .dwattr $C$DW$67, DW_AT_name("AL")
     844                      .dwattr $C$DW$67, DW_AT_location[DW_OP_reg0]
     845              
     846              $C$DW$68        .dwtag  DW_TAG_TI_assign_register
     847                      .dwattr $C$DW$68, DW_AT_name("AH")
     848                      .dwattr $C$DW$68, DW_AT_location[DW_OP_reg1]
     849              
     850              $C$DW$69        .dwtag  DW_TAG_TI_assign_register
     851                      .dwattr $C$DW$69, DW_AT_name("PL")
     852                      .dwattr $C$DW$69, DW_AT_location[DW_OP_reg2]
     853              
     854              $C$DW$70        .dwtag  DW_TAG_TI_assign_register
     855                      .dwattr $C$DW$70, DW_AT_name("PH")
     856                      .dwattr $C$DW$70, DW_AT_location[DW_OP_reg3]
     857              
     858              $C$DW$71        .dwtag  DW_TAG_TI_assign_register
     859                      .dwattr $C$DW$71, DW_AT_name("SP")
     860                      .dwattr $C$DW$71, DW_AT_location[DW_OP_reg20]
     861              
     862              $C$DW$72        .dwtag  DW_TAG_TI_assign_register
     863                      .dwattr $C$DW$72, DW_AT_name("XT")
     864                      .dwattr $C$DW$72, DW_AT_location[DW_OP_reg21]
     865              
     866              $C$DW$73        .dwtag  DW_TAG_TI_assign_register
     867                      .dwattr $C$DW$73, DW_AT_name("T")
     868                      .dwattr $C$DW$73, DW_AT_location[DW_OP_reg22]
     869              
     870              $C$DW$74        .dwtag  DW_TAG_TI_assign_register
     871                      .dwattr $C$DW$74, DW_AT_name("ST0")
     872                      .dwattr $C$DW$74, DW_AT_location[DW_OP_reg23]
     873              
     874              $C$DW$75        .dwtag  DW_TAG_TI_assign_register
TMS320C2000 Assembler PC v18.1.2 Sun Jun 17 14:52:23 2018

Tools Copyright (c) 1996-2017 Texas Instruments Incorporated
C:\Users\haowp\AppData\Local\Temp\{E39FFD36-4446-47D0-A794-6BE46767ABB8} PAGE   17

     875                      .dwattr $C$DW$75, DW_AT_name("ST1")
     876                      .dwattr $C$DW$75, DW_AT_location[DW_OP_reg24]
     877              
     878              $C$DW$76        .dwtag  DW_TAG_TI_assign_register
     879                      .dwattr $C$DW$76, DW_AT_name("PC")
     880                      .dwattr $C$DW$76, DW_AT_location[DW_OP_reg25]
     881              
     882              $C$DW$77        .dwtag  DW_TAG_TI_assign_register
     883                      .dwattr $C$DW$77, DW_AT_name("RPC")
     884                      .dwattr $C$DW$77, DW_AT_location[DW_OP_reg26]
     885              
     886              $C$DW$78        .dwtag  DW_TAG_TI_assign_register
     887                      .dwattr $C$DW$78, DW_AT_name("FP")
     888                      .dwattr $C$DW$78, DW_AT_location[DW_OP_reg28]
     889              
     890              $C$DW$79        .dwtag  DW_TAG_TI_assign_register
     891                      .dwattr $C$DW$79, DW_AT_name("DP")
     892                      .dwattr $C$DW$79, DW_AT_location[DW_OP_reg29]
     893              
     894              $C$DW$80        .dwtag  DW_TAG_TI_assign_register
     895                      .dwattr $C$DW$80, DW_AT_name("SXM")
     896                      .dwattr $C$DW$80, DW_AT_location[DW_OP_reg30]
     897              
     898              $C$DW$81        .dwtag  DW_TAG_TI_assign_register
     899                      .dwattr $C$DW$81, DW_AT_name("PM")
     900                      .dwattr $C$DW$81, DW_AT_location[DW_OP_reg31]
     901              
     902              $C$DW$82        .dwtag  DW_TAG_TI_assign_register
     903                      .dwattr $C$DW$82, DW_AT_name("OVM")
     904                      .dwattr $C$DW$82, DW_AT_location[DW_OP_regx 0x20]
     905              
     906              $C$DW$83        .dwtag  DW_TAG_TI_assign_register
     907                      .dwattr $C$DW$83, DW_AT_name("PAGE0")
     908                      .dwattr $C$DW$83, DW_AT_location[DW_OP_regx 0x21]
     909              
     910              $C$DW$84        .dwtag  DW_TAG_TI_assign_register
     911                      .dwattr $C$DW$84, DW_AT_name("AMODE")
     912                      .dwattr $C$DW$84, DW_AT_location[DW_OP_regx 0x22]
     913              
     914              $C$DW$85        .dwtag  DW_TAG_TI_assign_register
     915                      .dwattr $C$DW$85, DW_AT_name("EALLOW")
     916                      .dwattr $C$DW$85, DW_AT_location[DW_OP_regx 0x4e]
     917              
     918              $C$DW$86        .dwtag  DW_TAG_TI_assign_register
     919                      .dwattr $C$DW$86, DW_AT_name("INTM")
     920                      .dwattr $C$DW$86, DW_AT_location[DW_OP_regx 0x23]
     921              
     922              $C$DW$87        .dwtag  DW_TAG_TI_assign_register
     923                      .dwattr $C$DW$87, DW_AT_name("IFR")
     924                      .dwattr $C$DW$87, DW_AT_location[DW_OP_regx 0x24]
     925              
     926              $C$DW$88        .dwtag  DW_TAG_TI_assign_register
     927                      .dwattr $C$DW$88, DW_AT_name("IER")
     928                      .dwattr $C$DW$88, DW_AT_location[DW_OP_regx 0x25]
     929              
TMS320C2000 Assembler PC v18.1.2 Sun Jun 17 14:52:23 2018

Tools Copyright (c) 1996-2017 Texas Instruments Incorporated
C:\Users\haowp\AppData\Local\Temp\{E39FFD36-4446-47D0-A794-6BE46767ABB8} PAGE   18

     930              $C$DW$89        .dwtag  DW_TAG_TI_assign_register
     931                      .dwattr $C$DW$89, DW_AT_name("V")
     932                      .dwattr $C$DW$89, DW_AT_location[DW_OP_regx 0x26]
     933              
     934              $C$DW$90        .dwtag  DW_TAG_TI_assign_register
     935                      .dwattr $C$DW$90, DW_AT_name("PSEUDOH")
     936                      .dwattr $C$DW$90, DW_AT_location[DW_OP_regx 0x4c]
     937              
     938              $C$DW$91        .dwtag  DW_TAG_TI_assign_register
     939                      .dwattr $C$DW$91, DW_AT_name("VOL")
     940                      .dwattr $C$DW$91, DW_AT_location[DW_OP_regx 0x4d]
     941              
     942              $C$DW$92        .dwtag  DW_TAG_TI_assign_register
     943                      .dwattr $C$DW$92, DW_AT_name("AR0")
     944                      .dwattr $C$DW$92, DW_AT_location[DW_OP_reg4]
     945              
     946              $C$DW$93        .dwtag  DW_TAG_TI_assign_register
     947                      .dwattr $C$DW$93, DW_AT_name("XAR0")
     948                      .dwattr $C$DW$93, DW_AT_location[DW_OP_reg5]
     949              
     950              $C$DW$94        .dwtag  DW_TAG_TI_assign_register
     951                      .dwattr $C$DW$94, DW_AT_name("AR1")
     952                      .dwattr $C$DW$94, DW_AT_location[DW_OP_reg6]
     953              
     954              $C$DW$95        .dwtag  DW_TAG_TI_assign_register
     955                      .dwattr $C$DW$95, DW_AT_name("XAR1")
     956                      .dwattr $C$DW$95, DW_AT_location[DW_OP_reg7]
     957              
     958              $C$DW$96        .dwtag  DW_TAG_TI_assign_register
     959                      .dwattr $C$DW$96, DW_AT_name("AR2")
     960                      .dwattr $C$DW$96, DW_AT_location[DW_OP_reg8]
     961              
     962              $C$DW$97        .dwtag  DW_TAG_TI_assign_register
     963                      .dwattr $C$DW$97, DW_AT_name("XAR2")
     964                      .dwattr $C$DW$97, DW_AT_location[DW_OP_reg9]
     965              
     966              $C$DW$98        .dwtag  DW_TAG_TI_assign_register
     967                      .dwattr $C$DW$98, DW_AT_name("AR3")
     968                      .dwattr $C$DW$98, DW_AT_location[DW_OP_reg10]
     969              
     970              $C$DW$99        .dwtag  DW_TAG_TI_assign_register
     971                      .dwattr $C$DW$99, DW_AT_name("XAR3")
     972                      .dwattr $C$DW$99, DW_AT_location[DW_OP_reg11]
     973              
     974              $C$DW$100       .dwtag  DW_TAG_TI_assign_register
     975                      .dwattr $C$DW$100, DW_AT_name("AR4")
     976                      .dwattr $C$DW$100, DW_AT_location[DW_OP_reg12]
     977              
     978              $C$DW$101       .dwtag  DW_TAG_TI_assign_register
     979                      .dwattr $C$DW$101, DW_AT_name("XAR4")
     980                      .dwattr $C$DW$101, DW_AT_location[DW_OP_reg13]
     981              
     982              $C$DW$102       .dwtag  DW_TAG_TI_assign_register
     983                      .dwattr $C$DW$102, DW_AT_name("AR5")
     984                      .dwattr $C$DW$102, DW_AT_location[DW_OP_reg14]
TMS320C2000 Assembler PC v18.1.2 Sun Jun 17 14:52:23 2018

Tools Copyright (c) 1996-2017 Texas Instruments Incorporated
C:\Users\haowp\AppData\Local\Temp\{E39FFD36-4446-47D0-A794-6BE46767ABB8} PAGE   19

     985              
     986              $C$DW$103       .dwtag  DW_TAG_TI_assign_register
     987                      .dwattr $C$DW$103, DW_AT_name("XAR5")
     988                      .dwattr $C$DW$103, DW_AT_location[DW_OP_reg15]
     989              
     990              $C$DW$104       .dwtag  DW_TAG_TI_assign_register
     991                      .dwattr $C$DW$104, DW_AT_name("AR6")
     992                      .dwattr $C$DW$104, DW_AT_location[DW_OP_reg16]
     993              
     994              $C$DW$105       .dwtag  DW_TAG_TI_assign_register
     995                      .dwattr $C$DW$105, DW_AT_name("XAR6")
     996                      .dwattr $C$DW$105, DW_AT_location[DW_OP_reg17]
     997              
     998              $C$DW$106       .dwtag  DW_TAG_TI_assign_register
     999                      .dwattr $C$DW$106, DW_AT_name("AR7")
    1000                      .dwattr $C$DW$106, DW_AT_location[DW_OP_reg18]
    1001              
    1002              $C$DW$107       .dwtag  DW_TAG_TI_assign_register
    1003                      .dwattr $C$DW$107, DW_AT_name("XAR7")
    1004                      .dwattr $C$DW$107, DW_AT_location[DW_OP_reg19]
    1005              
    1006                      .dwendtag $C$DW$CU
    1007              

No Assembly Errors, No Assembly Warnings
