TMS320C2000 Assembler PC v18.1.2 Sun Jun 17 14:52:25 2018

Tools Copyright (c) 1996-2017 Texas Instruments Incorporated
C:\Users\haowp\AppData\Local\Temp\{6D630605-55BE-40F9-B843-FCD87CD8AE2E} PAGE    1

       1              ;***************************************************************
       2              ;* TMS320C2000 C/C++ Codegen                    PC v18.1.2.LTS *
       3              ;* Date/Time created: Sun Jun 17 14:52:25 2018                 *
       4              ;***************************************************************
       5                      .compiler_opts --abi=coffabi --float_support=softlib --hll_source=on --mem_model:code=flat --mem_mode
       6                      .asg    XAR2, FP
       7              
       8              $C$DW$CU        .dwtag  DW_TAG_compile_unit
       9                      .dwattr $C$DW$CU, DW_AT_name("D:/ti/motorware/motorware_1_01_00_18/sw/modules/park/src/32b/park.c")
      10                      .dwattr $C$DW$CU, DW_AT_producer("TI TMS320C2000 C/C++ Codegen PC v18.1.2.LTS Copyright (c) 1996-2017
      11                      .dwattr $C$DW$CU, DW_AT_TI_version(0x01)
      12                      .dwattr $C$DW$CU, DW_AT_comp_dir("D:\ti\motorware\motorware_1_01_00_18\sw\solutions\instaspin_foc\boa
      13              ;       D:\ti\ccsv8\tools\compiler\ti-cgt-c2000_18.1.2.LTS\bin\opt2000.exe C:\\Users\\haowp\\AppData\\Local\\
      14              ;       D:\ti\ccsv8\tools\compiler\ti-cgt-c2000_18.1.2.LTS\bin\ac2000.exe -@C:\\Users\\haowp\\AppData\\Local\
      15 00000000               .sect   ".text"
      16                      .clink
      17                      .global _PARK_init
      18              
      19              $C$DW$1 .dwtag  DW_TAG_subprogram
      20                      .dwattr $C$DW$1, DW_AT_name("PARK_init")
      21                      .dwattr $C$DW$1, DW_AT_low_pc(_PARK_init)
      22                      .dwattr $C$DW$1, DW_AT_high_pc(0x00)
      23                      .dwattr $C$DW$1, DW_AT_TI_symbol_name("_PARK_init")
      24                      .dwattr $C$DW$1, DW_AT_external
      25                      .dwattr $C$DW$1, DW_AT_type(*$C$DW$T$22)
      26                      .dwattr $C$DW$1, DW_AT_TI_begin_file("D:/ti/motorware/motorware_1_01_00_18/sw/modules/park/src/32b/pa
      27                      .dwattr $C$DW$1, DW_AT_TI_begin_line(0x37)
      28                      .dwattr $C$DW$1, DW_AT_TI_begin_column(0x0d)
      29                      .dwattr $C$DW$1, DW_AT_TI_max_frame_size(-2)
      30                      .dwpsn  file "D:/ti/motorware/motorware_1_01_00_18/sw/modules/park/src/32b/park.c",line 56,column 1,i
      31              
      32                      .dwfde $C$DW$CIE, _PARK_init
      33              $C$DW$2 .dwtag  DW_TAG_formal_parameter
      34                      .dwattr $C$DW$2, DW_AT_name("pMemory")
      35                      .dwattr $C$DW$2, DW_AT_TI_symbol_name("_pMemory")
      36                      .dwattr $C$DW$2, DW_AT_type(*$C$DW$T$3)
      37                      .dwattr $C$DW$2, DW_AT_location[DW_OP_reg12]
      38              
      39              $C$DW$3 .dwtag  DW_TAG_formal_parameter
      40                      .dwattr $C$DW$3, DW_AT_name("numBytes")
      41                      .dwattr $C$DW$3, DW_AT_TI_symbol_name("_numBytes")
      42                      .dwattr $C$DW$3, DW_AT_type(*$C$DW$T$23)
      43                      .dwattr $C$DW$3, DW_AT_location[DW_OP_reg0]
      44              
      45              
      46              ;***************************************************************
      47              ;* FNAME: _PARK_init                    FR SIZE:   0           *
      48              ;*                                                             *
      49              ;* FUNCTION ENVIRONMENT                                        *
      50              ;*                                                             *
      51              ;* FUNCTION PROPERTIES                                         *
      52              ;*                            0 Parameter,  0 Auto,  0 SOE     *
      53              ;***************************************************************
      54              
      55              _PARK_init:
TMS320C2000 Assembler PC v18.1.2 Sun Jun 17 14:52:25 2018

Tools Copyright (c) 1996-2017 Texas Instruments Incorporated
C:\Users\haowp\AppData\Local\Temp\{6D630605-55BE-40F9-B843-FCD87CD8AE2E} PAGE    2

      56              ;* AR6   assigned to _numBytes
      57              $C$DW$4 .dwtag  DW_TAG_variable
      58                      .dwattr $C$DW$4, DW_AT_name("numBytes")
      59                      .dwattr $C$DW$4, DW_AT_TI_symbol_name("_numBytes")
      60                      .dwattr $C$DW$4, DW_AT_type(*$C$DW$T$24)
      61                      .dwattr $C$DW$4, DW_AT_location[DW_OP_reg16]
      62              
      63                      .dwcfi  cfa_offset, -2
      64                      .dwcfi  save_reg_to_mem, 26, 0
      65 00000000 1EA6          MOVL      XAR6,ACC              ; [CPU_ALU] |56| 
      66                      .dwpsn  file "D:/ti/motorware/motorware_1_01_00_18/sw/modules/park/src/32b/park.c",line 60,column 5,i
      67 00000001 0204          MOVB      ACC,#4                ; [CPU_ALU] |60| 
      68 00000002 0FA6          CMPL      ACC,XAR6              ; [CPU_ALU] |60| 
      69 00000003 6902          B         $C$L1,LOS             ; [CPU_ALU] |60| 
      70                      ; branchcc occurs ; [] |60| 
      71 00000004 D400          MOVB      XAR4,#0               ; [CPU_ALU] |60| 
      72              $C$L1:    
      73              $C$DW$5 .dwtag  DW_TAG_TI_branch
      74                      .dwattr $C$DW$5, DW_AT_low_pc(0x00)
      75                      .dwattr $C$DW$5, DW_AT_TI_return
      76              
      77 00000005 0006          LRETR     ; [CPU_ALU] 
      78                      ; return occurs ; [] 
      79                      .dwattr $C$DW$1, DW_AT_TI_end_file("D:/ti/motorware/motorware_1_01_00_18/sw/modules/park/src/32b/park
      80                      .dwattr $C$DW$1, DW_AT_TI_end_line(0x42)
      81                      .dwattr $C$DW$1, DW_AT_TI_end_column(0x01)
      82                      .dwendentry
      83                      .dwendtag $C$DW$1
      84              
      85              
      86              ;***************************************************************
      87              ;* TYPE INFORMATION                                            *
      88              ;***************************************************************
      89              
      90              $C$DW$T$20      .dwtag  DW_TAG_structure_type
      91                      .dwattr $C$DW$T$20, DW_AT_name("_PARK_Obj_")
      92                      .dwattr $C$DW$T$20, DW_AT_byte_size(0x04)
      93              $C$DW$6 .dwtag  DW_TAG_member
      94                      .dwattr $C$DW$6, DW_AT_type(*$C$DW$T$19)
      95                      .dwattr $C$DW$6, DW_AT_name("sinTh")
      96                      .dwattr $C$DW$6, DW_AT_TI_symbol_name("_sinTh")
      97                      .dwattr $C$DW$6, DW_AT_data_member_location[DW_OP_plus_uconst 0x0]
      98                      .dwattr $C$DW$6, DW_AT_accessibility(DW_ACCESS_public)
      99              
     100              $C$DW$7 .dwtag  DW_TAG_member
     101                      .dwattr $C$DW$7, DW_AT_type(*$C$DW$T$19)
     102                      .dwattr $C$DW$7, DW_AT_name("cosTh")
     103                      .dwattr $C$DW$7, DW_AT_TI_symbol_name("_cosTh")
     104                      .dwattr $C$DW$7, DW_AT_data_member_location[DW_OP_plus_uconst 0x2]
     105                      .dwattr $C$DW$7, DW_AT_accessibility(DW_ACCESS_public)
     106              
     107                      .dwendtag $C$DW$T$20
     108              
     109              $C$DW$T$21      .dwtag  DW_TAG_pointer_type
     110                      .dwattr $C$DW$T$21, DW_AT_type(*$C$DW$T$20)
TMS320C2000 Assembler PC v18.1.2 Sun Jun 17 14:52:25 2018

Tools Copyright (c) 1996-2017 Texas Instruments Incorporated
C:\Users\haowp\AppData\Local\Temp\{6D630605-55BE-40F9-B843-FCD87CD8AE2E} PAGE    3

     111                      .dwattr $C$DW$T$21, DW_AT_address_class(0x20)
     112              
     113              $C$DW$T$22      .dwtag  DW_TAG_typedef
     114                      .dwattr $C$DW$T$22, DW_AT_name("PARK_Handle")
     115                      .dwattr $C$DW$T$22, DW_AT_type(*$C$DW$T$21)
     116                      .dwattr $C$DW$T$22, DW_AT_language(DW_LANG_C)
     117              
     118              $C$DW$T$2       .dwtag  DW_TAG_unspecified_type
     119                      .dwattr $C$DW$T$2, DW_AT_name("void")
     120              
     121              $C$DW$T$3       .dwtag  DW_TAG_pointer_type
     122                      .dwattr $C$DW$T$3, DW_AT_type(*$C$DW$T$2)
     123                      .dwattr $C$DW$T$3, DW_AT_address_class(0x20)
     124              
     125              $C$DW$T$4       .dwtag  DW_TAG_base_type
     126                      .dwattr $C$DW$T$4, DW_AT_encoding(DW_ATE_boolean)
     127                      .dwattr $C$DW$T$4, DW_AT_name("bool")
     128                      .dwattr $C$DW$T$4, DW_AT_byte_size(0x01)
     129              
     130              $C$DW$T$5       .dwtag  DW_TAG_base_type
     131                      .dwattr $C$DW$T$5, DW_AT_encoding(DW_ATE_signed_char)
     132                      .dwattr $C$DW$T$5, DW_AT_name("signed char")
     133                      .dwattr $C$DW$T$5, DW_AT_byte_size(0x01)
     134              
     135              $C$DW$T$6       .dwtag  DW_TAG_base_type
     136                      .dwattr $C$DW$T$6, DW_AT_encoding(DW_ATE_unsigned_char)
     137                      .dwattr $C$DW$T$6, DW_AT_name("unsigned char")
     138                      .dwattr $C$DW$T$6, DW_AT_byte_size(0x01)
     139              
     140              $C$DW$T$7       .dwtag  DW_TAG_base_type
     141                      .dwattr $C$DW$T$7, DW_AT_encoding(DW_ATE_signed_char)
     142                      .dwattr $C$DW$T$7, DW_AT_name("wchar_t")
     143                      .dwattr $C$DW$T$7, DW_AT_byte_size(0x01)
     144              
     145              $C$DW$T$8       .dwtag  DW_TAG_base_type
     146                      .dwattr $C$DW$T$8, DW_AT_encoding(DW_ATE_signed)
     147                      .dwattr $C$DW$T$8, DW_AT_name("short")
     148                      .dwattr $C$DW$T$8, DW_AT_byte_size(0x01)
     149              
     150              $C$DW$T$9       .dwtag  DW_TAG_base_type
     151                      .dwattr $C$DW$T$9, DW_AT_encoding(DW_ATE_unsigned)
     152                      .dwattr $C$DW$T$9, DW_AT_name("unsigned short")
     153                      .dwattr $C$DW$T$9, DW_AT_byte_size(0x01)
     154              
     155              $C$DW$T$10      .dwtag  DW_TAG_base_type
     156                      .dwattr $C$DW$T$10, DW_AT_encoding(DW_ATE_signed)
     157                      .dwattr $C$DW$T$10, DW_AT_name("int")
     158                      .dwattr $C$DW$T$10, DW_AT_byte_size(0x01)
     159              
     160              $C$DW$T$11      .dwtag  DW_TAG_base_type
     161                      .dwattr $C$DW$T$11, DW_AT_encoding(DW_ATE_unsigned)
     162                      .dwattr $C$DW$T$11, DW_AT_name("unsigned int")
     163                      .dwattr $C$DW$T$11, DW_AT_byte_size(0x01)
     164              
     165              $C$DW$T$12      .dwtag  DW_TAG_base_type
TMS320C2000 Assembler PC v18.1.2 Sun Jun 17 14:52:25 2018

Tools Copyright (c) 1996-2017 Texas Instruments Incorporated
C:\Users\haowp\AppData\Local\Temp\{6D630605-55BE-40F9-B843-FCD87CD8AE2E} PAGE    4

     166                      .dwattr $C$DW$T$12, DW_AT_encoding(DW_ATE_signed)
     167                      .dwattr $C$DW$T$12, DW_AT_name("long")
     168                      .dwattr $C$DW$T$12, DW_AT_byte_size(0x02)
     169              
     170              $C$DW$T$19      .dwtag  DW_TAG_typedef
     171                      .dwattr $C$DW$T$19, DW_AT_name("_iq")
     172                      .dwattr $C$DW$T$19, DW_AT_type(*$C$DW$T$12)
     173                      .dwattr $C$DW$T$19, DW_AT_language(DW_LANG_C)
     174              
     175              $C$DW$T$13      .dwtag  DW_TAG_base_type
     176                      .dwattr $C$DW$T$13, DW_AT_encoding(DW_ATE_unsigned)
     177                      .dwattr $C$DW$T$13, DW_AT_name("unsigned long")
     178                      .dwattr $C$DW$T$13, DW_AT_byte_size(0x02)
     179              
     180              $C$DW$T$23      .dwtag  DW_TAG_typedef
     181                      .dwattr $C$DW$T$23, DW_AT_name("size_t")
     182                      .dwattr $C$DW$T$23, DW_AT_type(*$C$DW$T$13)
     183                      .dwattr $C$DW$T$23, DW_AT_language(DW_LANG_C)
     184              
     185              $C$DW$8 .dwtag  DW_TAG_TI_far_type
     186                      .dwattr $C$DW$8, DW_AT_type(*$C$DW$T$23)
     187              
     188              $C$DW$T$24      .dwtag  DW_TAG_const_type
     189                      .dwattr $C$DW$T$24, DW_AT_type(*$C$DW$8)
     190              
     191              $C$DW$T$14      .dwtag  DW_TAG_base_type
     192                      .dwattr $C$DW$T$14, DW_AT_encoding(DW_ATE_signed)
     193                      .dwattr $C$DW$T$14, DW_AT_name("long long")
     194                      .dwattr $C$DW$T$14, DW_AT_byte_size(0x04)
     195              
     196              $C$DW$T$15      .dwtag  DW_TAG_base_type
     197                      .dwattr $C$DW$T$15, DW_AT_encoding(DW_ATE_unsigned)
     198                      .dwattr $C$DW$T$15, DW_AT_name("unsigned long long")
     199                      .dwattr $C$DW$T$15, DW_AT_byte_size(0x04)
     200              
     201              $C$DW$T$16      .dwtag  DW_TAG_base_type
     202                      .dwattr $C$DW$T$16, DW_AT_encoding(DW_ATE_float)
     203                      .dwattr $C$DW$T$16, DW_AT_name("float")
     204                      .dwattr $C$DW$T$16, DW_AT_byte_size(0x02)
     205              
     206              $C$DW$T$17      .dwtag  DW_TAG_base_type
     207                      .dwattr $C$DW$T$17, DW_AT_encoding(DW_ATE_float)
     208                      .dwattr $C$DW$T$17, DW_AT_name("double")
     209                      .dwattr $C$DW$T$17, DW_AT_byte_size(0x02)
     210              
     211              $C$DW$T$18      .dwtag  DW_TAG_base_type
     212                      .dwattr $C$DW$T$18, DW_AT_encoding(DW_ATE_float)
     213                      .dwattr $C$DW$T$18, DW_AT_name("long double")
     214                      .dwattr $C$DW$T$18, DW_AT_byte_size(0x04)
     215              
     216                      .dwattr $C$DW$CU, DW_AT_language(DW_LANG_C)
     217              
     218              ;***************************************************************
     219              ;* DWARF CIE ENTRIES                                           *
     220              ;***************************************************************
TMS320C2000 Assembler PC v18.1.2 Sun Jun 17 14:52:25 2018

Tools Copyright (c) 1996-2017 Texas Instruments Incorporated
C:\Users\haowp\AppData\Local\Temp\{6D630605-55BE-40F9-B843-FCD87CD8AE2E} PAGE    5

     221              
     222              $C$DW$CIE       .dwcie 26
     223                      .dwcfi  cfa_register, 20
     224                      .dwcfi  cfa_offset, 0
     225                      .dwcfi  same_value, 28
     226                      .dwcfi  same_value, 6
     227                      .dwcfi  same_value, 7
     228                      .dwcfi  same_value, 8
     229                      .dwcfi  same_value, 9
     230                      .dwcfi  same_value, 10
     231                      .dwcfi  same_value, 11
     232                      .dwendentry
     233              
     234              ;***************************************************************
     235              ;* DWARF REGISTER MAP                                          *
     236              ;***************************************************************
     237              
     238              $C$DW$9 .dwtag  DW_TAG_TI_assign_register
     239                      .dwattr $C$DW$9, DW_AT_name("AL")
     240                      .dwattr $C$DW$9, DW_AT_location[DW_OP_reg0]
     241              
     242              $C$DW$10        .dwtag  DW_TAG_TI_assign_register
     243                      .dwattr $C$DW$10, DW_AT_name("AH")
     244                      .dwattr $C$DW$10, DW_AT_location[DW_OP_reg1]
     245              
     246              $C$DW$11        .dwtag  DW_TAG_TI_assign_register
     247                      .dwattr $C$DW$11, DW_AT_name("PL")
     248                      .dwattr $C$DW$11, DW_AT_location[DW_OP_reg2]
     249              
     250              $C$DW$12        .dwtag  DW_TAG_TI_assign_register
     251                      .dwattr $C$DW$12, DW_AT_name("PH")
     252                      .dwattr $C$DW$12, DW_AT_location[DW_OP_reg3]
     253              
     254              $C$DW$13        .dwtag  DW_TAG_TI_assign_register
     255                      .dwattr $C$DW$13, DW_AT_name("SP")
     256                      .dwattr $C$DW$13, DW_AT_location[DW_OP_reg20]
     257              
     258              $C$DW$14        .dwtag  DW_TAG_TI_assign_register
     259                      .dwattr $C$DW$14, DW_AT_name("XT")
     260                      .dwattr $C$DW$14, DW_AT_location[DW_OP_reg21]
     261              
     262              $C$DW$15        .dwtag  DW_TAG_TI_assign_register
     263                      .dwattr $C$DW$15, DW_AT_name("T")
     264                      .dwattr $C$DW$15, DW_AT_location[DW_OP_reg22]
     265              
     266              $C$DW$16        .dwtag  DW_TAG_TI_assign_register
     267                      .dwattr $C$DW$16, DW_AT_name("ST0")
     268                      .dwattr $C$DW$16, DW_AT_location[DW_OP_reg23]
     269              
     270              $C$DW$17        .dwtag  DW_TAG_TI_assign_register
     271                      .dwattr $C$DW$17, DW_AT_name("ST1")
     272                      .dwattr $C$DW$17, DW_AT_location[DW_OP_reg24]
     273              
     274              $C$DW$18        .dwtag  DW_TAG_TI_assign_register
     275                      .dwattr $C$DW$18, DW_AT_name("PC")
TMS320C2000 Assembler PC v18.1.2 Sun Jun 17 14:52:25 2018

Tools Copyright (c) 1996-2017 Texas Instruments Incorporated
C:\Users\haowp\AppData\Local\Temp\{6D630605-55BE-40F9-B843-FCD87CD8AE2E} PAGE    6

     276                      .dwattr $C$DW$18, DW_AT_location[DW_OP_reg25]
     277              
     278              $C$DW$19        .dwtag  DW_TAG_TI_assign_register
     279                      .dwattr $C$DW$19, DW_AT_name("RPC")
     280                      .dwattr $C$DW$19, DW_AT_location[DW_OP_reg26]
     281              
     282              $C$DW$20        .dwtag  DW_TAG_TI_assign_register
     283                      .dwattr $C$DW$20, DW_AT_name("FP")
     284                      .dwattr $C$DW$20, DW_AT_location[DW_OP_reg28]
     285              
     286              $C$DW$21        .dwtag  DW_TAG_TI_assign_register
     287                      .dwattr $C$DW$21, DW_AT_name("DP")
     288                      .dwattr $C$DW$21, DW_AT_location[DW_OP_reg29]
     289              
     290              $C$DW$22        .dwtag  DW_TAG_TI_assign_register
     291                      .dwattr $C$DW$22, DW_AT_name("SXM")
     292                      .dwattr $C$DW$22, DW_AT_location[DW_OP_reg30]
     293              
     294              $C$DW$23        .dwtag  DW_TAG_TI_assign_register
     295                      .dwattr $C$DW$23, DW_AT_name("PM")
     296                      .dwattr $C$DW$23, DW_AT_location[DW_OP_reg31]
     297              
     298              $C$DW$24        .dwtag  DW_TAG_TI_assign_register
     299                      .dwattr $C$DW$24, DW_AT_name("OVM")
     300                      .dwattr $C$DW$24, DW_AT_location[DW_OP_regx 0x20]
     301              
     302              $C$DW$25        .dwtag  DW_TAG_TI_assign_register
     303                      .dwattr $C$DW$25, DW_AT_name("PAGE0")
     304                      .dwattr $C$DW$25, DW_AT_location[DW_OP_regx 0x21]
     305              
     306              $C$DW$26        .dwtag  DW_TAG_TI_assign_register
     307                      .dwattr $C$DW$26, DW_AT_name("AMODE")
     308                      .dwattr $C$DW$26, DW_AT_location[DW_OP_regx 0x22]
     309              
     310              $C$DW$27        .dwtag  DW_TAG_TI_assign_register
     311                      .dwattr $C$DW$27, DW_AT_name("EALLOW")
     312                      .dwattr $C$DW$27, DW_AT_location[DW_OP_regx 0x4e]
     313              
     314              $C$DW$28        .dwtag  DW_TAG_TI_assign_register
     315                      .dwattr $C$DW$28, DW_AT_name("INTM")
     316                      .dwattr $C$DW$28, DW_AT_location[DW_OP_regx 0x23]
     317              
     318              $C$DW$29        .dwtag  DW_TAG_TI_assign_register
     319                      .dwattr $C$DW$29, DW_AT_name("IFR")
     320                      .dwattr $C$DW$29, DW_AT_location[DW_OP_regx 0x24]
     321              
     322              $C$DW$30        .dwtag  DW_TAG_TI_assign_register
     323                      .dwattr $C$DW$30, DW_AT_name("IER")
     324                      .dwattr $C$DW$30, DW_AT_location[DW_OP_regx 0x25]
     325              
     326              $C$DW$31        .dwtag  DW_TAG_TI_assign_register
     327                      .dwattr $C$DW$31, DW_AT_name("V")
     328                      .dwattr $C$DW$31, DW_AT_location[DW_OP_regx 0x26]
     329              
     330              $C$DW$32        .dwtag  DW_TAG_TI_assign_register
TMS320C2000 Assembler PC v18.1.2 Sun Jun 17 14:52:25 2018

Tools Copyright (c) 1996-2017 Texas Instruments Incorporated
C:\Users\haowp\AppData\Local\Temp\{6D630605-55BE-40F9-B843-FCD87CD8AE2E} PAGE    7

     331                      .dwattr $C$DW$32, DW_AT_name("PSEUDOH")
     332                      .dwattr $C$DW$32, DW_AT_location[DW_OP_regx 0x4c]
     333              
     334              $C$DW$33        .dwtag  DW_TAG_TI_assign_register
     335                      .dwattr $C$DW$33, DW_AT_name("VOL")
     336                      .dwattr $C$DW$33, DW_AT_location[DW_OP_regx 0x4d]
     337              
     338              $C$DW$34        .dwtag  DW_TAG_TI_assign_register
     339                      .dwattr $C$DW$34, DW_AT_name("AR0")
     340                      .dwattr $C$DW$34, DW_AT_location[DW_OP_reg4]
     341              
     342              $C$DW$35        .dwtag  DW_TAG_TI_assign_register
     343                      .dwattr $C$DW$35, DW_AT_name("XAR0")
     344                      .dwattr $C$DW$35, DW_AT_location[DW_OP_reg5]
     345              
     346              $C$DW$36        .dwtag  DW_TAG_TI_assign_register
     347                      .dwattr $C$DW$36, DW_AT_name("AR1")
     348                      .dwattr $C$DW$36, DW_AT_location[DW_OP_reg6]
     349              
     350              $C$DW$37        .dwtag  DW_TAG_TI_assign_register
     351                      .dwattr $C$DW$37, DW_AT_name("XAR1")
     352                      .dwattr $C$DW$37, DW_AT_location[DW_OP_reg7]
     353              
     354              $C$DW$38        .dwtag  DW_TAG_TI_assign_register
     355                      .dwattr $C$DW$38, DW_AT_name("AR2")
     356                      .dwattr $C$DW$38, DW_AT_location[DW_OP_reg8]
     357              
     358              $C$DW$39        .dwtag  DW_TAG_TI_assign_register
     359                      .dwattr $C$DW$39, DW_AT_name("XAR2")
     360                      .dwattr $C$DW$39, DW_AT_location[DW_OP_reg9]
     361              
     362              $C$DW$40        .dwtag  DW_TAG_TI_assign_register
     363                      .dwattr $C$DW$40, DW_AT_name("AR3")
     364                      .dwattr $C$DW$40, DW_AT_location[DW_OP_reg10]
     365              
     366              $C$DW$41        .dwtag  DW_TAG_TI_assign_register
     367                      .dwattr $C$DW$41, DW_AT_name("XAR3")
     368                      .dwattr $C$DW$41, DW_AT_location[DW_OP_reg11]
     369              
     370              $C$DW$42        .dwtag  DW_TAG_TI_assign_register
     371                      .dwattr $C$DW$42, DW_AT_name("AR4")
     372                      .dwattr $C$DW$42, DW_AT_location[DW_OP_reg12]
     373              
     374              $C$DW$43        .dwtag  DW_TAG_TI_assign_register
     375                      .dwattr $C$DW$43, DW_AT_name("XAR4")
     376                      .dwattr $C$DW$43, DW_AT_location[DW_OP_reg13]
     377              
     378              $C$DW$44        .dwtag  DW_TAG_TI_assign_register
     379                      .dwattr $C$DW$44, DW_AT_name("AR5")
     380                      .dwattr $C$DW$44, DW_AT_location[DW_OP_reg14]
     381              
     382              $C$DW$45        .dwtag  DW_TAG_TI_assign_register
     383                      .dwattr $C$DW$45, DW_AT_name("XAR5")
     384                      .dwattr $C$DW$45, DW_AT_location[DW_OP_reg15]
     385              
TMS320C2000 Assembler PC v18.1.2 Sun Jun 17 14:52:25 2018

Tools Copyright (c) 1996-2017 Texas Instruments Incorporated
C:\Users\haowp\AppData\Local\Temp\{6D630605-55BE-40F9-B843-FCD87CD8AE2E} PAGE    8

     386              $C$DW$46        .dwtag  DW_TAG_TI_assign_register
     387                      .dwattr $C$DW$46, DW_AT_name("AR6")
     388                      .dwattr $C$DW$46, DW_AT_location[DW_OP_reg16]
     389              
     390              $C$DW$47        .dwtag  DW_TAG_TI_assign_register
     391                      .dwattr $C$DW$47, DW_AT_name("XAR6")
     392                      .dwattr $C$DW$47, DW_AT_location[DW_OP_reg17]
     393              
     394              $C$DW$48        .dwtag  DW_TAG_TI_assign_register
     395                      .dwattr $C$DW$48, DW_AT_name("AR7")
     396                      .dwattr $C$DW$48, DW_AT_location[DW_OP_reg18]
     397              
     398              $C$DW$49        .dwtag  DW_TAG_TI_assign_register
     399                      .dwattr $C$DW$49, DW_AT_name("XAR7")
     400                      .dwattr $C$DW$49, DW_AT_location[DW_OP_reg19]
     401              
     402                      .dwendtag $C$DW$CU
     403              

No Assembly Errors, No Assembly Warnings
