TMS320C2000 Assembler PC v18.1.2 Sun Jun 17 14:52:37 2018

Tools Copyright (c) 1996-2017 Texas Instruments Incorporated
C:\Users\haowp\AppData\Local\Temp\{65784765-2165-4176-8D3E-0030323114D4} PAGE    1

       1              ;***************************************************************
       2              ;* TMS320C2000 C/C++ Codegen                    PC v18.1.2.LTS *
       3              ;* Date/Time created: Sun Jun 17 14:52:37 2018                 *
       4              ;***************************************************************
       5                      .compiler_opts --abi=coffabi --float_support=softlib --hll_source=on --mem_model:code=flat --mem_mode
       6                      .asg    XAR2, FP
       7              
       8              $C$DW$CU        .dwtag  DW_TAG_compile_unit
       9                      .dwattr $C$DW$CU, DW_AT_name("D:/ti/motorware/motorware_1_01_00_18/sw/modules/svgen/src/32b/svgen.c")
      10                      .dwattr $C$DW$CU, DW_AT_producer("TI TMS320C2000 C/C++ Codegen PC v18.1.2.LTS Copyright (c) 1996-2017
      11                      .dwattr $C$DW$CU, DW_AT_TI_version(0x01)
      12                      .dwattr $C$DW$CU, DW_AT_comp_dir("D:\ti\motorware\motorware_1_01_00_18\sw\solutions\instaspin_foc\boa
      13              ;       D:\ti\ccsv8\tools\compiler\ti-cgt-c2000_18.1.2.LTS\bin\opt2000.exe C:\\Users\\haowp\\AppData\\Local\\
      14              ;       D:\ti\ccsv8\tools\compiler\ti-cgt-c2000_18.1.2.LTS\bin\ac2000.exe -@C:\\Users\\haowp\\AppData\\Local\
      15 00000000               .sect   ".text"
      16                      .clink
      17                      .global _SVGEN_setup
      18              
      19              $C$DW$1 .dwtag  DW_TAG_subprogram
      20                      .dwattr $C$DW$1, DW_AT_name("SVGEN_setup")
      21                      .dwattr $C$DW$1, DW_AT_low_pc(_SVGEN_setup)
      22                      .dwattr $C$DW$1, DW_AT_high_pc(0x00)
      23                      .dwattr $C$DW$1, DW_AT_TI_symbol_name("_SVGEN_setup")
      24                      .dwattr $C$DW$1, DW_AT_external
      25                      .dwattr $C$DW$1, DW_AT_TI_begin_file("D:/ti/motorware/motorware_1_01_00_18/sw/modules/svgen/src/32b/s
      26                      .dwattr $C$DW$1, DW_AT_TI_begin_line(0x46)
      27                      .dwattr $C$DW$1, DW_AT_TI_begin_column(0x06)
      28                      .dwattr $C$DW$1, DW_AT_TI_max_frame_size(-2)
      29                      .dwpsn  file "D:/ti/motorware/motorware_1_01_00_18/sw/modules/svgen/src/32b/svgen.c",line 71,column 1
      30              
      31                      .dwfde $C$DW$CIE, _SVGEN_setup
      32              $C$DW$2 .dwtag  DW_TAG_formal_parameter
      33                      .dwattr $C$DW$2, DW_AT_name("svgenHandle")
      34                      .dwattr $C$DW$2, DW_AT_TI_symbol_name("_svgenHandle")
      35                      .dwattr $C$DW$2, DW_AT_type(*$C$DW$T$22)
      36                      .dwattr $C$DW$2, DW_AT_location[DW_OP_reg12]
      37              
      38              
      39              ;***************************************************************
      40              ;* FNAME: _SVGEN_setup                  FR SIZE:   0           *
      41              ;*                                                             *
      42              ;* FUNCTION ENVIRONMENT                                        *
      43              ;*                                                             *
      44              ;* FUNCTION PROPERTIES                                         *
      45              ;*                            0 Parameter,  0 Auto,  0 SOE     *
      46              ;***************************************************************
      47              
      48 00000000       _SVGEN_setup:
      49                      .dwcfi  cfa_offset, -2
      50                      .dwcfi  save_reg_to_mem, 26, 0
      51              $C$DW$3 .dwtag  DW_TAG_TI_branch
      52                      .dwattr $C$DW$3, DW_AT_low_pc(0x00)
      53                      .dwattr $C$DW$3, DW_AT_TI_return
      54              
      55 00000000 0006          LRETR     ; [CPU_ALU] 
TMS320C2000 Assembler PC v18.1.2 Sun Jun 17 14:52:37 2018

Tools Copyright (c) 1996-2017 Texas Instruments Incorporated
C:\Users\haowp\AppData\Local\Temp\{65784765-2165-4176-8D3E-0030323114D4} PAGE    2

      56                      ; return occurs ; [] 
      57                      .dwattr $C$DW$1, DW_AT_TI_end_file("D:/ti/motorware/motorware_1_01_00_18/sw/modules/svgen/src/32b/svg
      58                      .dwattr $C$DW$1, DW_AT_TI_end_line(0x4b)
      59                      .dwattr $C$DW$1, DW_AT_TI_end_column(0x01)
      60                      .dwendentry
      61                      .dwendtag $C$DW$1
      62              
      63 00000001               .sect   ".text"
      64                      .clink
      65                      .global _SVGEN_init
      66              
      67              $C$DW$4 .dwtag  DW_TAG_subprogram
      68                      .dwattr $C$DW$4, DW_AT_name("SVGEN_init")
      69                      .dwattr $C$DW$4, DW_AT_low_pc(_SVGEN_init)
      70                      .dwattr $C$DW$4, DW_AT_high_pc(0x00)
      71                      .dwattr $C$DW$4, DW_AT_TI_symbol_name("_SVGEN_init")
      72                      .dwattr $C$DW$4, DW_AT_external
      73                      .dwattr $C$DW$4, DW_AT_type(*$C$DW$T$22)
      74                      .dwattr $C$DW$4, DW_AT_TI_begin_file("D:/ti/motorware/motorware_1_01_00_18/sw/modules/svgen/src/32b/s
      75                      .dwattr $C$DW$4, DW_AT_TI_begin_line(0x37)
      76                      .dwattr $C$DW$4, DW_AT_TI_begin_column(0x0e)
      77                      .dwattr $C$DW$4, DW_AT_TI_max_frame_size(-2)
      78                      .dwpsn  file "D:/ti/motorware/motorware_1_01_00_18/sw/modules/svgen/src/32b/svgen.c",line 56,column 1
      79              
      80                      .dwfde $C$DW$CIE, _SVGEN_init
      81              $C$DW$5 .dwtag  DW_TAG_formal_parameter
      82                      .dwattr $C$DW$5, DW_AT_name("pMemory")
      83                      .dwattr $C$DW$5, DW_AT_TI_symbol_name("_pMemory")
      84                      .dwattr $C$DW$5, DW_AT_type(*$C$DW$T$3)
      85                      .dwattr $C$DW$5, DW_AT_location[DW_OP_reg12]
      86              
      87              $C$DW$6 .dwtag  DW_TAG_formal_parameter
      88                      .dwattr $C$DW$6, DW_AT_name("numBytes")
      89                      .dwattr $C$DW$6, DW_AT_TI_symbol_name("_numBytes")
      90                      .dwattr $C$DW$6, DW_AT_type(*$C$DW$T$23)
      91                      .dwattr $C$DW$6, DW_AT_location[DW_OP_reg0]
      92              
      93              
      94              ;***************************************************************
      95              ;* FNAME: _SVGEN_init                   FR SIZE:   0           *
      96              ;*                                                             *
      97              ;* FUNCTION ENVIRONMENT                                        *
      98              ;*                                                             *
      99              ;* FUNCTION PROPERTIES                                         *
     100              ;*                            0 Parameter,  0 Auto,  0 SOE     *
     101              ;***************************************************************
     102              
     103              _SVGEN_init:
     104              ;* AR6   assigned to _numBytes
     105              $C$DW$7 .dwtag  DW_TAG_variable
     106                      .dwattr $C$DW$7, DW_AT_name("numBytes")
     107                      .dwattr $C$DW$7, DW_AT_TI_symbol_name("_numBytes")
     108                      .dwattr $C$DW$7, DW_AT_type(*$C$DW$T$24)
     109                      .dwattr $C$DW$7, DW_AT_location[DW_OP_reg16]
     110              
TMS320C2000 Assembler PC v18.1.2 Sun Jun 17 14:52:37 2018

Tools Copyright (c) 1996-2017 Texas Instruments Incorporated
C:\Users\haowp\AppData\Local\Temp\{65784765-2165-4176-8D3E-0030323114D4} PAGE    3

     111                      .dwcfi  cfa_offset, -2
     112                      .dwcfi  save_reg_to_mem, 26, 0
     113 00000001 1EA6          MOVL      XAR6,ACC              ; [CPU_ALU] |56| 
     114                      .dwpsn  file "D:/ti/motorware/motorware_1_01_00_18/sw/modules/svgen/src/32b/svgen.c",line 61,column 5
     115 00000002 0202          MOVB      ACC,#2                ; [CPU_ALU] |61| 
     116 00000003 0FA6          CMPL      ACC,XAR6              ; [CPU_ALU] |61| 
     117 00000004 6902          B         $C$L1,LOS             ; [CPU_ALU] |61| 
     118                      ; branchcc occurs ; [] |61| 
     119 00000005 D400          MOVB      XAR4,#0               ; [CPU_ALU] |61| 
     120              $C$L1:    
     121              $C$DW$8 .dwtag  DW_TAG_TI_branch
     122                      .dwattr $C$DW$8, DW_AT_low_pc(0x00)
     123                      .dwattr $C$DW$8, DW_AT_TI_return
     124              
     125 00000006 0006          LRETR     ; [CPU_ALU] 
     126                      ; return occurs ; [] 
     127                      .dwattr $C$DW$4, DW_AT_TI_end_file("D:/ti/motorware/motorware_1_01_00_18/sw/modules/svgen/src/32b/svg
     128                      .dwattr $C$DW$4, DW_AT_TI_end_line(0x43)
     129                      .dwattr $C$DW$4, DW_AT_TI_end_column(0x01)
     130                      .dwendentry
     131                      .dwendtag $C$DW$4
     132              
     133              
     134              ;***************************************************************
     135              ;* TYPE INFORMATION                                            *
     136              ;***************************************************************
     137              
     138              $C$DW$T$20      .dwtag  DW_TAG_structure_type
     139                      .dwattr $C$DW$T$20, DW_AT_name("_SVGEN_Obj_")
     140                      .dwattr $C$DW$T$20, DW_AT_byte_size(0x02)
     141              $C$DW$9 .dwtag  DW_TAG_member
     142                      .dwattr $C$DW$9, DW_AT_type(*$C$DW$T$19)
     143                      .dwattr $C$DW$9, DW_AT_name("maxModulation")
     144                      .dwattr $C$DW$9, DW_AT_TI_symbol_name("_maxModulation")
     145                      .dwattr $C$DW$9, DW_AT_data_member_location[DW_OP_plus_uconst 0x0]
     146                      .dwattr $C$DW$9, DW_AT_accessibility(DW_ACCESS_public)
     147              
     148                      .dwendtag $C$DW$T$20
     149              
     150              $C$DW$T$21      .dwtag  DW_TAG_pointer_type
     151                      .dwattr $C$DW$T$21, DW_AT_type(*$C$DW$T$20)
     152                      .dwattr $C$DW$T$21, DW_AT_address_class(0x20)
     153              
     154              $C$DW$T$22      .dwtag  DW_TAG_typedef
     155                      .dwattr $C$DW$T$22, DW_AT_name("SVGEN_Handle")
     156                      .dwattr $C$DW$T$22, DW_AT_type(*$C$DW$T$21)
     157                      .dwattr $C$DW$T$22, DW_AT_language(DW_LANG_C)
     158              
     159              $C$DW$T$2       .dwtag  DW_TAG_unspecified_type
     160                      .dwattr $C$DW$T$2, DW_AT_name("void")
     161              
     162              $C$DW$T$3       .dwtag  DW_TAG_pointer_type
     163                      .dwattr $C$DW$T$3, DW_AT_type(*$C$DW$T$2)
     164                      .dwattr $C$DW$T$3, DW_AT_address_class(0x20)
     165              
TMS320C2000 Assembler PC v18.1.2 Sun Jun 17 14:52:37 2018

Tools Copyright (c) 1996-2017 Texas Instruments Incorporated
C:\Users\haowp\AppData\Local\Temp\{65784765-2165-4176-8D3E-0030323114D4} PAGE    4

     166              $C$DW$T$4       .dwtag  DW_TAG_base_type
     167                      .dwattr $C$DW$T$4, DW_AT_encoding(DW_ATE_boolean)
     168                      .dwattr $C$DW$T$4, DW_AT_name("bool")
     169                      .dwattr $C$DW$T$4, DW_AT_byte_size(0x01)
     170              
     171              $C$DW$T$5       .dwtag  DW_TAG_base_type
     172                      .dwattr $C$DW$T$5, DW_AT_encoding(DW_ATE_signed_char)
     173                      .dwattr $C$DW$T$5, DW_AT_name("signed char")
     174                      .dwattr $C$DW$T$5, DW_AT_byte_size(0x01)
     175              
     176              $C$DW$T$6       .dwtag  DW_TAG_base_type
     177                      .dwattr $C$DW$T$6, DW_AT_encoding(DW_ATE_unsigned_char)
     178                      .dwattr $C$DW$T$6, DW_AT_name("unsigned char")
     179                      .dwattr $C$DW$T$6, DW_AT_byte_size(0x01)
     180              
     181              $C$DW$T$7       .dwtag  DW_TAG_base_type
     182                      .dwattr $C$DW$T$7, DW_AT_encoding(DW_ATE_signed_char)
     183                      .dwattr $C$DW$T$7, DW_AT_name("wchar_t")
     184                      .dwattr $C$DW$T$7, DW_AT_byte_size(0x01)
     185              
     186              $C$DW$T$8       .dwtag  DW_TAG_base_type
     187                      .dwattr $C$DW$T$8, DW_AT_encoding(DW_ATE_signed)
     188                      .dwattr $C$DW$T$8, DW_AT_name("short")
     189                      .dwattr $C$DW$T$8, DW_AT_byte_size(0x01)
     190              
     191              $C$DW$T$9       .dwtag  DW_TAG_base_type
     192                      .dwattr $C$DW$T$9, DW_AT_encoding(DW_ATE_unsigned)
     193                      .dwattr $C$DW$T$9, DW_AT_name("unsigned short")
     194                      .dwattr $C$DW$T$9, DW_AT_byte_size(0x01)
     195              
     196              $C$DW$T$10      .dwtag  DW_TAG_base_type
     197                      .dwattr $C$DW$T$10, DW_AT_encoding(DW_ATE_signed)
     198                      .dwattr $C$DW$T$10, DW_AT_name("int")
     199                      .dwattr $C$DW$T$10, DW_AT_byte_size(0x01)
     200              
     201              $C$DW$T$11      .dwtag  DW_TAG_base_type
     202                      .dwattr $C$DW$T$11, DW_AT_encoding(DW_ATE_unsigned)
     203                      .dwattr $C$DW$T$11, DW_AT_name("unsigned int")
     204                      .dwattr $C$DW$T$11, DW_AT_byte_size(0x01)
     205              
     206              $C$DW$T$12      .dwtag  DW_TAG_base_type
     207                      .dwattr $C$DW$T$12, DW_AT_encoding(DW_ATE_signed)
     208                      .dwattr $C$DW$T$12, DW_AT_name("long")
     209                      .dwattr $C$DW$T$12, DW_AT_byte_size(0x02)
     210              
     211              $C$DW$T$19      .dwtag  DW_TAG_typedef
     212                      .dwattr $C$DW$T$19, DW_AT_name("_iq")
     213                      .dwattr $C$DW$T$19, DW_AT_type(*$C$DW$T$12)
     214                      .dwattr $C$DW$T$19, DW_AT_language(DW_LANG_C)
     215              
     216              $C$DW$T$13      .dwtag  DW_TAG_base_type
     217                      .dwattr $C$DW$T$13, DW_AT_encoding(DW_ATE_unsigned)
     218                      .dwattr $C$DW$T$13, DW_AT_name("unsigned long")
     219                      .dwattr $C$DW$T$13, DW_AT_byte_size(0x02)
     220              
TMS320C2000 Assembler PC v18.1.2 Sun Jun 17 14:52:37 2018

Tools Copyright (c) 1996-2017 Texas Instruments Incorporated
C:\Users\haowp\AppData\Local\Temp\{65784765-2165-4176-8D3E-0030323114D4} PAGE    5

     221              $C$DW$T$23      .dwtag  DW_TAG_typedef
     222                      .dwattr $C$DW$T$23, DW_AT_name("size_t")
     223                      .dwattr $C$DW$T$23, DW_AT_type(*$C$DW$T$13)
     224                      .dwattr $C$DW$T$23, DW_AT_language(DW_LANG_C)
     225              
     226              $C$DW$10        .dwtag  DW_TAG_TI_far_type
     227                      .dwattr $C$DW$10, DW_AT_type(*$C$DW$T$23)
     228              
     229              $C$DW$T$24      .dwtag  DW_TAG_const_type
     230                      .dwattr $C$DW$T$24, DW_AT_type(*$C$DW$10)
     231              
     232              $C$DW$T$14      .dwtag  DW_TAG_base_type
     233                      .dwattr $C$DW$T$14, DW_AT_encoding(DW_ATE_signed)
     234                      .dwattr $C$DW$T$14, DW_AT_name("long long")
     235                      .dwattr $C$DW$T$14, DW_AT_byte_size(0x04)
     236              
     237              $C$DW$T$15      .dwtag  DW_TAG_base_type
     238                      .dwattr $C$DW$T$15, DW_AT_encoding(DW_ATE_unsigned)
     239                      .dwattr $C$DW$T$15, DW_AT_name("unsigned long long")
     240                      .dwattr $C$DW$T$15, DW_AT_byte_size(0x04)
     241              
     242              $C$DW$T$16      .dwtag  DW_TAG_base_type
     243                      .dwattr $C$DW$T$16, DW_AT_encoding(DW_ATE_float)
     244                      .dwattr $C$DW$T$16, DW_AT_name("float")
     245                      .dwattr $C$DW$T$16, DW_AT_byte_size(0x02)
     246              
     247              $C$DW$T$17      .dwtag  DW_TAG_base_type
     248                      .dwattr $C$DW$T$17, DW_AT_encoding(DW_ATE_float)
     249                      .dwattr $C$DW$T$17, DW_AT_name("double")
     250                      .dwattr $C$DW$T$17, DW_AT_byte_size(0x02)
     251              
     252              $C$DW$T$18      .dwtag  DW_TAG_base_type
     253                      .dwattr $C$DW$T$18, DW_AT_encoding(DW_ATE_float)
     254                      .dwattr $C$DW$T$18, DW_AT_name("long double")
     255                      .dwattr $C$DW$T$18, DW_AT_byte_size(0x04)
     256              
     257                      .dwattr $C$DW$CU, DW_AT_language(DW_LANG_C)
     258              
     259              ;***************************************************************
     260              ;* DWARF CIE ENTRIES                                           *
     261              ;***************************************************************
     262              
     263              $C$DW$CIE       .dwcie 26
     264                      .dwcfi  cfa_register, 20
     265                      .dwcfi  cfa_offset, 0
     266                      .dwcfi  same_value, 28
     267                      .dwcfi  same_value, 6
     268                      .dwcfi  same_value, 7
     269                      .dwcfi  same_value, 8
     270                      .dwcfi  same_value, 9
     271                      .dwcfi  same_value, 10
     272                      .dwcfi  same_value, 11
     273                      .dwendentry
     274              
     275              ;***************************************************************
TMS320C2000 Assembler PC v18.1.2 Sun Jun 17 14:52:37 2018

Tools Copyright (c) 1996-2017 Texas Instruments Incorporated
C:\Users\haowp\AppData\Local\Temp\{65784765-2165-4176-8D3E-0030323114D4} PAGE    6

     276              ;* DWARF REGISTER MAP                                          *
     277              ;***************************************************************
     278              
     279              $C$DW$11        .dwtag  DW_TAG_TI_assign_register
     280                      .dwattr $C$DW$11, DW_AT_name("AL")
     281                      .dwattr $C$DW$11, DW_AT_location[DW_OP_reg0]
     282              
     283              $C$DW$12        .dwtag  DW_TAG_TI_assign_register
     284                      .dwattr $C$DW$12, DW_AT_name("AH")
     285                      .dwattr $C$DW$12, DW_AT_location[DW_OP_reg1]
     286              
     287              $C$DW$13        .dwtag  DW_TAG_TI_assign_register
     288                      .dwattr $C$DW$13, DW_AT_name("PL")
     289                      .dwattr $C$DW$13, DW_AT_location[DW_OP_reg2]
     290              
     291              $C$DW$14        .dwtag  DW_TAG_TI_assign_register
     292                      .dwattr $C$DW$14, DW_AT_name("PH")
     293                      .dwattr $C$DW$14, DW_AT_location[DW_OP_reg3]
     294              
     295              $C$DW$15        .dwtag  DW_TAG_TI_assign_register
     296                      .dwattr $C$DW$15, DW_AT_name("SP")
     297                      .dwattr $C$DW$15, DW_AT_location[DW_OP_reg20]
     298              
     299              $C$DW$16        .dwtag  DW_TAG_TI_assign_register
     300                      .dwattr $C$DW$16, DW_AT_name("XT")
     301                      .dwattr $C$DW$16, DW_AT_location[DW_OP_reg21]
     302              
     303              $C$DW$17        .dwtag  DW_TAG_TI_assign_register
     304                      .dwattr $C$DW$17, DW_AT_name("T")
     305                      .dwattr $C$DW$17, DW_AT_location[DW_OP_reg22]
     306              
     307              $C$DW$18        .dwtag  DW_TAG_TI_assign_register
     308                      .dwattr $C$DW$18, DW_AT_name("ST0")
     309                      .dwattr $C$DW$18, DW_AT_location[DW_OP_reg23]
     310              
     311              $C$DW$19        .dwtag  DW_TAG_TI_assign_register
     312                      .dwattr $C$DW$19, DW_AT_name("ST1")
     313                      .dwattr $C$DW$19, DW_AT_location[DW_OP_reg24]
     314              
     315              $C$DW$20        .dwtag  DW_TAG_TI_assign_register
     316                      .dwattr $C$DW$20, DW_AT_name("PC")
     317                      .dwattr $C$DW$20, DW_AT_location[DW_OP_reg25]
     318              
     319              $C$DW$21        .dwtag  DW_TAG_TI_assign_register
     320                      .dwattr $C$DW$21, DW_AT_name("RPC")
     321                      .dwattr $C$DW$21, DW_AT_location[DW_OP_reg26]
     322              
     323              $C$DW$22        .dwtag  DW_TAG_TI_assign_register
     324                      .dwattr $C$DW$22, DW_AT_name("FP")
     325                      .dwattr $C$DW$22, DW_AT_location[DW_OP_reg28]
     326              
     327              $C$DW$23        .dwtag  DW_TAG_TI_assign_register
     328                      .dwattr $C$DW$23, DW_AT_name("DP")
     329                      .dwattr $C$DW$23, DW_AT_location[DW_OP_reg29]
     330              
TMS320C2000 Assembler PC v18.1.2 Sun Jun 17 14:52:37 2018

Tools Copyright (c) 1996-2017 Texas Instruments Incorporated
C:\Users\haowp\AppData\Local\Temp\{65784765-2165-4176-8D3E-0030323114D4} PAGE    7

     331              $C$DW$24        .dwtag  DW_TAG_TI_assign_register
     332                      .dwattr $C$DW$24, DW_AT_name("SXM")
     333                      .dwattr $C$DW$24, DW_AT_location[DW_OP_reg30]
     334              
     335              $C$DW$25        .dwtag  DW_TAG_TI_assign_register
     336                      .dwattr $C$DW$25, DW_AT_name("PM")
     337                      .dwattr $C$DW$25, DW_AT_location[DW_OP_reg31]
     338              
     339              $C$DW$26        .dwtag  DW_TAG_TI_assign_register
     340                      .dwattr $C$DW$26, DW_AT_name("OVM")
     341                      .dwattr $C$DW$26, DW_AT_location[DW_OP_regx 0x20]
     342              
     343              $C$DW$27        .dwtag  DW_TAG_TI_assign_register
     344                      .dwattr $C$DW$27, DW_AT_name("PAGE0")
     345                      .dwattr $C$DW$27, DW_AT_location[DW_OP_regx 0x21]
     346              
     347              $C$DW$28        .dwtag  DW_TAG_TI_assign_register
     348                      .dwattr $C$DW$28, DW_AT_name("AMODE")
     349                      .dwattr $C$DW$28, DW_AT_location[DW_OP_regx 0x22]
     350              
     351              $C$DW$29        .dwtag  DW_TAG_TI_assign_register
     352                      .dwattr $C$DW$29, DW_AT_name("EALLOW")
     353                      .dwattr $C$DW$29, DW_AT_location[DW_OP_regx 0x4e]
     354              
     355              $C$DW$30        .dwtag  DW_TAG_TI_assign_register
     356                      .dwattr $C$DW$30, DW_AT_name("INTM")
     357                      .dwattr $C$DW$30, DW_AT_location[DW_OP_regx 0x23]
     358              
     359              $C$DW$31        .dwtag  DW_TAG_TI_assign_register
     360                      .dwattr $C$DW$31, DW_AT_name("IFR")
     361                      .dwattr $C$DW$31, DW_AT_location[DW_OP_regx 0x24]
     362              
     363              $C$DW$32        .dwtag  DW_TAG_TI_assign_register
     364                      .dwattr $C$DW$32, DW_AT_name("IER")
     365                      .dwattr $C$DW$32, DW_AT_location[DW_OP_regx 0x25]
     366              
     367              $C$DW$33        .dwtag  DW_TAG_TI_assign_register
     368                      .dwattr $C$DW$33, DW_AT_name("V")
     369                      .dwattr $C$DW$33, DW_AT_location[DW_OP_regx 0x26]
     370              
     371              $C$DW$34        .dwtag  DW_TAG_TI_assign_register
     372                      .dwattr $C$DW$34, DW_AT_name("PSEUDOH")
     373                      .dwattr $C$DW$34, DW_AT_location[DW_OP_regx 0x4c]
     374              
     375              $C$DW$35        .dwtag  DW_TAG_TI_assign_register
     376                      .dwattr $C$DW$35, DW_AT_name("VOL")
     377                      .dwattr $C$DW$35, DW_AT_location[DW_OP_regx 0x4d]
     378              
     379              $C$DW$36        .dwtag  DW_TAG_TI_assign_register
     380                      .dwattr $C$DW$36, DW_AT_name("AR0")
     381                      .dwattr $C$DW$36, DW_AT_location[DW_OP_reg4]
     382              
     383              $C$DW$37        .dwtag  DW_TAG_TI_assign_register
     384                      .dwattr $C$DW$37, DW_AT_name("XAR0")
     385                      .dwattr $C$DW$37, DW_AT_location[DW_OP_reg5]
TMS320C2000 Assembler PC v18.1.2 Sun Jun 17 14:52:37 2018

Tools Copyright (c) 1996-2017 Texas Instruments Incorporated
C:\Users\haowp\AppData\Local\Temp\{65784765-2165-4176-8D3E-0030323114D4} PAGE    8

     386              
     387              $C$DW$38        .dwtag  DW_TAG_TI_assign_register
     388                      .dwattr $C$DW$38, DW_AT_name("AR1")
     389                      .dwattr $C$DW$38, DW_AT_location[DW_OP_reg6]
     390              
     391              $C$DW$39        .dwtag  DW_TAG_TI_assign_register
     392                      .dwattr $C$DW$39, DW_AT_name("XAR1")
     393                      .dwattr $C$DW$39, DW_AT_location[DW_OP_reg7]
     394              
     395              $C$DW$40        .dwtag  DW_TAG_TI_assign_register
     396                      .dwattr $C$DW$40, DW_AT_name("AR2")
     397                      .dwattr $C$DW$40, DW_AT_location[DW_OP_reg8]
     398              
     399              $C$DW$41        .dwtag  DW_TAG_TI_assign_register
     400                      .dwattr $C$DW$41, DW_AT_name("XAR2")
     401                      .dwattr $C$DW$41, DW_AT_location[DW_OP_reg9]
     402              
     403              $C$DW$42        .dwtag  DW_TAG_TI_assign_register
     404                      .dwattr $C$DW$42, DW_AT_name("AR3")
     405                      .dwattr $C$DW$42, DW_AT_location[DW_OP_reg10]
     406              
     407              $C$DW$43        .dwtag  DW_TAG_TI_assign_register
     408                      .dwattr $C$DW$43, DW_AT_name("XAR3")
     409                      .dwattr $C$DW$43, DW_AT_location[DW_OP_reg11]
     410              
     411              $C$DW$44        .dwtag  DW_TAG_TI_assign_register
     412                      .dwattr $C$DW$44, DW_AT_name("AR4")
     413                      .dwattr $C$DW$44, DW_AT_location[DW_OP_reg12]
     414              
     415              $C$DW$45        .dwtag  DW_TAG_TI_assign_register
     416                      .dwattr $C$DW$45, DW_AT_name("XAR4")
     417                      .dwattr $C$DW$45, DW_AT_location[DW_OP_reg13]
     418              
     419              $C$DW$46        .dwtag  DW_TAG_TI_assign_register
     420                      .dwattr $C$DW$46, DW_AT_name("AR5")
     421                      .dwattr $C$DW$46, DW_AT_location[DW_OP_reg14]
     422              
     423              $C$DW$47        .dwtag  DW_TAG_TI_assign_register
     424                      .dwattr $C$DW$47, DW_AT_name("XAR5")
     425                      .dwattr $C$DW$47, DW_AT_location[DW_OP_reg15]
     426              
     427              $C$DW$48        .dwtag  DW_TAG_TI_assign_register
     428                      .dwattr $C$DW$48, DW_AT_name("AR6")
     429                      .dwattr $C$DW$48, DW_AT_location[DW_OP_reg16]
     430              
     431              $C$DW$49        .dwtag  DW_TAG_TI_assign_register
     432                      .dwattr $C$DW$49, DW_AT_name("XAR6")
     433                      .dwattr $C$DW$49, DW_AT_location[DW_OP_reg17]
     434              
     435              $C$DW$50        .dwtag  DW_TAG_TI_assign_register
     436                      .dwattr $C$DW$50, DW_AT_name("AR7")
     437                      .dwattr $C$DW$50, DW_AT_location[DW_OP_reg18]
     438              
     439              $C$DW$51        .dwtag  DW_TAG_TI_assign_register
     440                      .dwattr $C$DW$51, DW_AT_name("XAR7")
TMS320C2000 Assembler PC v18.1.2 Sun Jun 17 14:52:37 2018

Tools Copyright (c) 1996-2017 Texas Instruments Incorporated
C:\Users\haowp\AppData\Local\Temp\{65784765-2165-4176-8D3E-0030323114D4} PAGE    9

     441                      .dwattr $C$DW$51, DW_AT_location[DW_OP_reg19]
     442              
     443                      .dwendtag $C$DW$CU
     444              

No Assembly Errors, No Assembly Warnings
